Is CUDA available: True
Number of GPUs: 5
Modes: ['max', 'min']
Metrics: ['ptl/val_accuracy', 'ptl/model_params']
train_loop_config:  None
╭───────────────────────────────────────────────────────────────────────────────────╮
│ Configuration for experiment     TorchTrainerMultiObjective_2024-12-28_09-14-15   │
├───────────────────────────────────────────────────────────────────────────────────┤
│ Search algorithm                 SearchGenerator                                  │
│ Scheduler                        FIFOScheduler                                    │
│ Number of trials                 25                                               │
╰───────────────────────────────────────────────────────────────────────────────────╯

View detailed results here: /home/sn666/ray_results/TorchTrainerMultiObjective_2024-12-28_09-14-15
To visualize your results with TensorBoard, run: `tensorboard --logdir /tmp/ray/session_2024-12-28_09-14-15_696442_1864000/artifacts/2024-12-28_09-14-18/TorchTrainerMultiObjective_2024-12-28_09-14-15/driver_artifacts`
Suggested config: {'layer_1_size': 16, 'layer_2_size': 64, 'layer_3_size': 128, 'dropout': 0.29455760717391966, 'batch_size': 64, 'learning_rate': 0.06925892626643182}

Trial status: 1 PENDING
Current time: 2024-12-28 09:14:18. Total running time: 0s
Logical resource usage: 3.0/64 CPUs, 2.0/5 GPUs (0.0/1.0 accelerator_type:L4)
╭────────────────────────────────────────────────╮
│ Trial name                            status   │
├────────────────────────────────────────────────┤
│ TorchTrainerMultiObjective_070ecf5c   PENDING  │
╰────────────────────────────────────────────────╯

Trial TorchTrainerMultiObjective_070ecf5c started with configuration:
╭──────────────────────────────────────────────────────────────╮
│ Trial TorchTrainerMultiObjective_070ecf5c config             │
├──────────────────────────────────────────────────────────────┤
│ batch_size                                                64 │
│ dropout                                              0.29456 │
│ layer_1_size                                              16 │
│ layer_2_size                                              64 │
│ layer_3_size                                             128 │
│ learning_rate                                        0.06926 │
╰──────────────────────────────────────────────────────────────╯
Suggested config: {'layer_1_size': 32, 'layer_2_size': 32, 'layer_3_size': 64, 'dropout': 0.17286576014012098, 'batch_size': 128, 'learning_rate': 0.0044294655330479145}
[36m(TorchTrainerMultiObjective pid=1868138)[0m train_loop_config:  {'layer_1_size': 16, 'layer_2_size': 64, 'layer_3_size': 128, 'dropout': 0.29455760717391966, 'batch_size': 64, 'learning_rate': 0.06925892626643182}

Trial TorchTrainerMultiObjective_f6e63a92 started with configuration:
╭──────────────────────────────────────────────────────────────╮
│ Trial TorchTrainerMultiObjective_f6e63a92 config             │
├──────────────────────────────────────────────────────────────┤
│ batch_size                                               128 │
│ dropout                                              0.17287 │
│ layer_1_size                                              32 │
│ layer_2_size                                              32 │
│ layer_3_size                                              64 │
│ learning_rate                                        0.00443 │
╰──────────────────────────────────────────────────────────────╯
Suggested config: {'layer_1_size': 32, 'layer_2_size': 64, 'layer_3_size': 128, 'dropout': 0.24804139379411935, 'batch_size': 64, 'learning_rate': 0.042297136316169055}
[36m(TorchTrainerMultiObjective pid=1868455)[0m train_loop_config:  {'layer_1_size': 32, 'layer_2_size': 32, 'layer_3_size': 64, 'dropout': 0.17286576014012098, 'batch_size': 128, 'learning_rate': 0.0044294655330479145}
[36m(RayTrainWorker pid=1868457)[0m Using cached MNIST dataset...
[36m(RayTrainWorker pid=1869007)[0m Using cached MNIST dataset...[32m [repeated 2x across cluster][0m
Result: {'ptl/train_loss': 2.3249311447143555, 'ptl/train_accuracy': 0.09090909361839294, 'ptl/val_loss': 2.307877540588379, 'ptl/val_accuracy': 0.1103515625, 'ptl/model_params': 23258.0, 'epoch': 3, 'step': 1720, 'timestamp': 1735377285, 'checkpoint_dir_name': 'checkpoint_000003', 'should_checkpoint': True, 'done': True, 'training_iteration': 4, 'trial_id': '070ecf5c', 'date': '2024-12-28_09-14-45', 'time_this_iter_s': 3.586254596710205, 'time_total_s': 21.2676842212677, 'pid': 1868138, 'hostname': 'gxp-l4-0', 'node_ip': '128.232.119.192', 'time_since_restore': 21.2676842212677, 'iterations_since_restore': 4, 'experiment_tag': '1_batch_size=64,dropout=0.2946,layer_1_size=16,layer_2_size=64,layer_3_size=128,learning_rate=0.0693', 'config/layer_1_size': 16, 'config/layer_2_size': 64, 'config/layer_3_size': 128, 'config/dropout': 0.29455760717391966, 'config/batch_size': 64, 'config/learning_rate': 0.06925892626643182}
Metrics to include: ['ptl/val_accuracy', 'ptl/model_params']
Metric dict after trial: {'ptl/val_accuracy': (0.1103515625, None), 'ptl/model_params': (23258.0, None)}

Trial TorchTrainerMultiObjective_070ecf5c completed after 4 iterations at 2024-12-28 09:14:46. Total running time: 28s
╭────────────────────────────────────────────────────────────────────────╮
│ Trial TorchTrainerMultiObjective_070ecf5c result                       │
├────────────────────────────────────────────────────────────────────────┤
│ checkpoint_dir_name                                  checkpoint_000003 │
│ time_this_iter_s                                               3.58625 │
│ time_total_s                                                  21.26768 │
│ training_iteration                                                   4 │
│ epoch                                                                3 │
│ ptl/model_params                                                23258. │
│ ptl/train_accuracy                                             0.09091 │
│ ptl/train_loss                                                 2.32493 │
│ ptl/val_accuracy                                               0.11035 │
│ ptl/val_loss                                                   2.30788 │
│ step                                                              1720 │
╰────────────────────────────────────────────────────────────────────────╯
Result: {'ptl/train_loss': 0.24313171207904816, 'ptl/train_accuracy': 0.9166666865348816, 'ptl/val_loss': 0.17349210381507874, 'ptl/val_accuracy': 0.945691704750061, 'ptl/model_params': 28938.0, 'epoch': 3, 'step': 860, 'timestamp': 1735377285, 'checkpoint_dir_name': 'checkpoint_000003', 'should_checkpoint': True, 'done': True, 'training_iteration': 4, 'trial_id': 'f6e63a92', 'date': '2024-12-28_09-14-45', 'time_this_iter_s': 2.2212302684783936, 'time_total_s': 16.224470853805542, 'pid': 1868455, 'hostname': 'gxp-l4-0', 'node_ip': '128.232.119.192', 'time_since_restore': 16.224470853805542, 'iterations_since_restore': 4, 'experiment_tag': '2_batch_size=128,dropout=0.1729,layer_1_size=32,layer_2_size=32,layer_3_size=64,learning_rate=0.0044', 'config/layer_1_size': 32, 'config/layer_2_size': 32, 'config/layer_3_size': 64, 'config/dropout': 0.17286576014012098, 'config/batch_size': 128, 'config/learning_rate': 0.0044294655330479145}
Metrics to include: ['ptl/val_accuracy', 'ptl/model_params']
Metric dict after trial: {'ptl/val_accuracy': (0.945691704750061, None), 'ptl/model_params': (28938.0, None)}

Trial TorchTrainerMultiObjective_f6e63a92 completed after 4 iterations at 2024-12-28 09:14:47. Total running time: 28s
╭────────────────────────────────────────────────────────────────────────╮
│ Trial TorchTrainerMultiObjective_f6e63a92 result                       │
├────────────────────────────────────────────────────────────────────────┤
│ checkpoint_dir_name                                  checkpoint_000003 │
│ time_this_iter_s                                               2.22123 │
│ time_total_s                                                  16.22447 │
│ training_iteration                                                   4 │
│ epoch                                                                3 │
│ ptl/model_params                                                28938. │
│ ptl/train_accuracy                                             0.91667 │
│ ptl/train_loss                                                 0.24313 │
│ ptl/val_accuracy                                               0.94569 │
│ ptl/val_loss                                                   0.17349 │
│ step                                                               860 │
╰────────────────────────────────────────────────────────────────────────╯

Trial status: 2 TERMINATED | 1 PENDING
Current time: 2024-12-28 09:14:48. Total running time: 30s
Logical resource usage: 3.0/64 CPUs, 2.0/5 GPUs (0.0/1.0 accelerator_type:L4)
╭──────────────────────────────────────────────────────────────────────────────────────────────────────────────────────────────────────────────────────────────╮
│ Trial name                            status         iter     total time (s)     ptl/train_loss     ptl/train_accuracy     ptl/val_loss     ptl/val_accuracy │
├──────────────────────────────────────────────────────────────────────────────────────────────────────────────────────────────────────────────────────────────┤
│ TorchTrainerMultiObjective_070ecf5c   TERMINATED        4            21.2677           2.32493               0.0909091         2.30788              0.110352 │
│ TorchTrainerMultiObjective_f6e63a92   TERMINATED        4            16.2245           0.243132              0.916667          0.173492             0.945692 │
│ TorchTrainerMultiObjective_75ab1fde   PENDING                                                                                                                │
╰──────────────────────────────────────────────────────────────────────────────────────────────────────────────────────────────────────────────────────────────╯

Trial TorchTrainerMultiObjective_75ab1fde started with configuration:
╭──────────────────────────────────────────────────────────────╮
│ Trial TorchTrainerMultiObjective_75ab1fde config             │
├──────────────────────────────────────────────────────────────┤
│ batch_size                                                64 │
│ dropout                                              0.24804 │
│ layer_1_size                                              32 │
│ layer_2_size                                              64 │
│ layer_3_size                                             128 │
│ learning_rate                                         0.0423 │
╰──────────────────────────────────────────────────────────────╯
[36m(TorchTrainerMultiObjective pid=1880107)[0m train_loop_config:  {'layer_1_size': 32, 'layer_2_size': 64, 'layer_3_size': 128, 'dropout': 0.24804139379411935, 'batch_size': 64, 'learning_rate': 0.042297136316169055}
[36m(RayTrainWorker pid=1869006)[0m Using cached MNIST dataset...
Suggested config: {'layer_1_size': 16, 'layer_2_size': 32, 'layer_3_size': 64, 'dropout': 0.11968443095684052, 'batch_size': 32, 'learning_rate': 0.08361101918788627}

Trial TorchTrainerMultiObjective_7806111c started with configuration:
╭──────────────────────────────────────────────────────────────╮
│ Trial TorchTrainerMultiObjective_7806111c config             │
├──────────────────────────────────────────────────────────────┤
│ batch_size                                                32 │
│ dropout                                              0.11968 │
│ layer_1_size                                              16 │
│ layer_2_size                                              32 │
│ layer_3_size                                              64 │
│ learning_rate                                        0.08361 │
╰──────────────────────────────────────────────────────────────╯
[36m(TorchTrainerMultiObjective pid=1880438)[0m train_loop_config:  {'layer_1_size': 16, 'layer_2_size': 32, 'layer_3_size': 64, 'dropout': 0.11968443095684052, 'batch_size': 32, 'learning_rate': 0.08361101918788627}
Suggested config: {'layer_1_size': 16, 'layer_2_size': 64, 'layer_3_size': 64, 'dropout': 0.1449598241597414, 'batch_size': 32, 'learning_rate': 0.060680726086627695}
[36m(RayTrainWorker pid=1880436)[0m Using cached MNIST dataset...
[36m(RayTrainWorker pid=1880923)[0m Using cached MNIST dataset...[32m [repeated 2x across cluster][0m
Result: {'ptl/train_loss': 2.020216226577759, 'ptl/train_accuracy': 0.25, 'ptl/val_loss': 1.6726312637329102, 'ptl/val_accuracy': 0.29570311307907104, 'ptl/model_params': 36842.0, 'epoch': 3, 'step': 1720, 'timestamp': 1735377312, 'checkpoint_dir_name': 'checkpoint_000003', 'should_checkpoint': True, 'done': True, 'training_iteration': 4, 'trial_id': '75ab1fde', 'date': '2024-12-28_09-15-12', 'time_this_iter_s': 3.446962594985962, 'time_total_s': 19.715332508087158, 'pid': 1880107, 'hostname': 'gxp-l4-0', 'node_ip': '128.232.119.192', 'time_since_restore': 19.715332508087158, 'iterations_since_restore': 4, 'experiment_tag': '3_batch_size=64,dropout=0.2480,layer_1_size=32,layer_2_size=64,layer_3_size=128,learning_rate=0.0423', 'config/layer_1_size': 32, 'config/layer_2_size': 64, 'config/layer_3_size': 128, 'config/dropout': 0.24804139379411935, 'config/batch_size': 64, 'config/learning_rate': 0.042297136316169055}
Metrics to include: ['ptl/val_accuracy', 'ptl/model_params']
Metric dict after trial: {'ptl/val_accuracy': (0.29570311307907104, None), 'ptl/model_params': (36842.0, None)}

Trial TorchTrainerMultiObjective_75ab1fde completed after 4 iterations at 2024-12-28 09:15:14. Total running time: 55s
╭────────────────────────────────────────────────────────────────────────╮
│ Trial TorchTrainerMultiObjective_75ab1fde result                       │
├────────────────────────────────────────────────────────────────────────┤
│ checkpoint_dir_name                                  checkpoint_000003 │
│ time_this_iter_s                                               3.44696 │
│ time_total_s                                                  19.71533 │
│ training_iteration                                                   4 │
│ epoch                                                                3 │
│ ptl/model_params                                                36842. │
│ ptl/train_accuracy                                                0.25 │
│ ptl/train_loss                                                 2.02022 │
│ ptl/val_accuracy                                                0.2957 │
│ ptl/val_loss                                                   1.67263 │
│ step                                                              1720 │
╰────────────────────────────────────────────────────────────────────────╯

Trial status: 3 TERMINATED | 1 RUNNING | 1 PENDING
Current time: 2024-12-28 09:15:18. Total running time: 1min 0s
Logical resource usage: 6.0/64 CPUs, 4.0/5 GPUs (0.0/1.0 accelerator_type:L4)
╭──────────────────────────────────────────────────────────────────────────────────────────────────────────────────────────────────────────────────────────────╮
│ Trial name                            status         iter     total time (s)     ptl/train_loss     ptl/train_accuracy     ptl/val_loss     ptl/val_accuracy │
├──────────────────────────────────────────────────────────────────────────────────────────────────────────────────────────────────────────────────────────────┤
│ TorchTrainerMultiObjective_7806111c   RUNNING           2            19.0351           2.35449               0.0833333         2.30613              0.103046 │
│ TorchTrainerMultiObjective_070ecf5c   TERMINATED        4            21.2677           2.32493               0.0909091         2.30788              0.110352 │
│ TorchTrainerMultiObjective_f6e63a92   TERMINATED        4            16.2245           0.243132              0.916667          0.173492             0.945692 │
│ TorchTrainerMultiObjective_75ab1fde   TERMINATED        4            19.7153           2.02022               0.25              1.67263              0.295703 │
│ TorchTrainerMultiObjective_154bec85   PENDING                                                                                                                │
╰──────────────────────────────────────────────────────────────────────────────────────────────────────────────────────────────────────────────────────────────╯

Trial TorchTrainerMultiObjective_154bec85 started with configuration:
╭──────────────────────────────────────────────────────────────╮
│ Trial TorchTrainerMultiObjective_154bec85 config             │
├──────────────────────────────────────────────────────────────┤
│ batch_size                                                32 │
│ dropout                                              0.14496 │
│ layer_1_size                                              16 │
│ layer_2_size                                              64 │
│ layer_3_size                                              64 │
│ learning_rate                                        0.06068 │
╰──────────────────────────────────────────────────────────────╯
Suggested config: {'layer_1_size': 32, 'layer_2_size': 32, 'layer_3_size': 128, 'dropout': 0.2232434583827853, 'batch_size': 128, 'learning_rate': 0.013021193787734956}
[36m(TorchTrainerMultiObjective pid=1889680)[0m train_loop_config:  {'layer_1_size': 16, 'layer_2_size': 64, 'layer_3_size': 64, 'dropout': 0.1449598241597414, 'batch_size': 32, 'learning_rate': 0.060680726086627695}
[36m(RayTrainWorker pid=1880922)[0m Using cached MNIST dataset...
[36m(RayTrainWorker pid=1891705)[0m Using cached MNIST dataset...
Result: {'ptl/train_loss': 2.290548324584961, 'ptl/train_accuracy': 0.0, 'ptl/val_loss': 2.305595874786377, 'ptl/val_accuracy': 0.11333069205284119, 'ptl/model_params': 15866.0, 'epoch': 3, 'step': 3440, 'timestamp': 1735377327, 'checkpoint_dir_name': 'checkpoint_000003', 'should_checkpoint': True, 'done': True, 'training_iteration': 4, 'trial_id': '7806111c', 'date': '2024-12-28_09-15-27', 'time_this_iter_s': 5.054373502731323, 'time_total_s': 29.050025701522827, 'pid': 1880438, 'hostname': 'gxp-l4-0', 'node_ip': '128.232.119.192', 'time_since_restore': 29.050025701522827, 'iterations_since_restore': 4, 'experiment_tag': '4_batch_size=32,dropout=0.1197,layer_1_size=16,layer_2_size=32,layer_3_size=64,learning_rate=0.0836', 'config/layer_1_size': 16, 'config/layer_2_size': 32, 'config/layer_3_size': 64, 'config/dropout': 0.11968443095684052, 'config/batch_size': 32, 'config/learning_rate': 0.08361101918788627}
Metrics to include: ['ptl/val_accuracy', 'ptl/model_params']
Metric dict after trial: {'ptl/val_accuracy': (0.11333069205284119, None), 'ptl/model_params': (15866.0, None)}

Trial TorchTrainerMultiObjective_7806111c completed after 4 iterations at 2024-12-28 09:15:28. Total running time: 1min 10s
╭────────────────────────────────────────────────────────────────────────╮
│ Trial TorchTrainerMultiObjective_7806111c result                       │
├────────────────────────────────────────────────────────────────────────┤
│ checkpoint_dir_name                                  checkpoint_000003 │
│ time_this_iter_s                                               5.05437 │
│ time_total_s                                                  29.05003 │
│ training_iteration                                                   4 │
│ epoch                                                                3 │
│ ptl/model_params                                                15866. │
│ ptl/train_accuracy                                                  0. │
│ ptl/train_loss                                                 2.29055 │
│ ptl/val_accuracy                                               0.11333 │
│ ptl/val_loss                                                    2.3056 │
│ step                                                              3440 │
╰────────────────────────────────────────────────────────────────────────╯

Trial TorchTrainerMultiObjective_3ed73c0c started with configuration:
╭──────────────────────────────────────────────────────────────╮
│ Trial TorchTrainerMultiObjective_3ed73c0c config             │
├──────────────────────────────────────────────────────────────┤
│ batch_size                                               128 │
│ dropout                                              0.22324 │
│ layer_1_size                                              32 │
│ layer_2_size                                              32 │
│ layer_3_size                                             128 │
│ learning_rate                                        0.01302 │
╰──────────────────────────────────────────────────────────────╯
Suggested config: {'layer_1_size': 32, 'layer_2_size': 64, 'layer_3_size': 64, 'dropout': 0.19842214975506067, 'batch_size': 128, 'learning_rate': 0.027473279020376502}
[36m(TorchTrainerMultiObjective pid=1895343)[0m train_loop_config:  {'layer_1_size': 32, 'layer_2_size': 32, 'layer_3_size': 128, 'dropout': 0.2232434583827853, 'batch_size': 128, 'learning_rate': 0.013021193787734956}
[36m(RayTrainWorker pid=1891704)[0m Using cached MNIST dataset...
[36m(RayTrainWorker pid=1896906)[0m Using cached MNIST dataset...

Trial status: 4 TERMINATED | 2 RUNNING | 1 PENDING
Current time: 2024-12-28 09:15:48. Total running time: 1min 30s
Logical resource usage: 6.0/64 CPUs, 4.0/5 GPUs (0.0/1.0 accelerator_type:L4)
╭──────────────────────────────────────────────────────────────────────────────────────────────────────────────────────────────────────────────────────────────╮
│ Trial name                            status         iter     total time (s)     ptl/train_loss     ptl/train_accuracy     ptl/val_loss     ptl/val_accuracy │
├──────────────────────────────────────────────────────────────────────────────────────────────────────────────────────────────────────────────────────────────┤
│ TorchTrainerMultiObjective_154bec85   RUNNING           3            23.4634           2.30773               0.166667          2.30763              0.103244 │
│ TorchTrainerMultiObjective_3ed73c0c   RUNNING           2            11.4015           0.503769              0.87963           0.280885             0.92176  │
│ TorchTrainerMultiObjective_070ecf5c   TERMINATED        4            21.2677           2.32493               0.0909091         2.30788              0.110352 │
│ TorchTrainerMultiObjective_f6e63a92   TERMINATED        4            16.2245           0.243132              0.916667          0.173492             0.945692 │
│ TorchTrainerMultiObjective_75ab1fde   TERMINATED        4            19.7153           2.02022               0.25              1.67263              0.295703 │
│ TorchTrainerMultiObjective_7806111c   TERMINATED        4            29.05             2.29055               0                 2.3056               0.113331 │
│ TorchTrainerMultiObjective_6ebc2609   PENDING                                                                                                                │
╰──────────────────────────────────────────────────────────────────────────────────────────────────────────────────────────────────────────────────────────────╯
Result: {'ptl/train_loss': 0.23242643475532532, 'ptl/train_accuracy': 0.9444444179534912, 'ptl/val_loss': 0.2601953148841858, 'ptl/val_accuracy': 0.9349494576454163, 'ptl/model_params': 31690.0, 'epoch': 3, 'step': 860, 'timestamp': 1735377350, 'checkpoint_dir_name': 'checkpoint_000003', 'should_checkpoint': True, 'done': True, 'training_iteration': 4, 'trial_id': '3ed73c0c', 'date': '2024-12-28_09-15-50', 'time_this_iter_s': 1.9920556545257568, 'time_total_s': 15.308686971664429, 'pid': 1895343, 'hostname': 'gxp-l4-0', 'node_ip': '128.232.119.192', 'time_since_restore': 15.308686971664429, 'iterations_since_restore': 4, 'experiment_tag': '6_batch_size=128,dropout=0.2232,layer_1_size=32,layer_2_size=32,layer_3_size=128,learning_rate=0.0130', 'config/layer_1_size': 32, 'config/layer_2_size': 32, 'config/layer_3_size': 128, 'config/dropout': 0.2232434583827853, 'config/batch_size': 128, 'config/learning_rate': 0.013021193787734956}
Metrics to include: ['ptl/val_accuracy', 'ptl/model_params']
Metric dict after trial: {'ptl/val_accuracy': (0.9349494576454163, None), 'ptl/model_params': (31690.0, None)}

Trial TorchTrainerMultiObjective_3ed73c0c completed after 4 iterations at 2024-12-28 09:15:52. Total running time: 1min 34s
╭────────────────────────────────────────────────────────────────────────╮
│ Trial TorchTrainerMultiObjective_3ed73c0c result                       │
├────────────────────────────────────────────────────────────────────────┤
│ checkpoint_dir_name                                  checkpoint_000003 │
│ time_this_iter_s                                               1.99206 │
│ time_total_s                                                  15.30869 │
│ training_iteration                                                   4 │
│ epoch                                                                3 │
│ ptl/model_params                                                31690. │
│ ptl/train_accuracy                                             0.94444 │
│ ptl/train_loss                                                 0.23243 │
│ ptl/val_accuracy                                               0.93495 │
│ ptl/val_loss                                                    0.2602 │
│ step                                                               860 │
╰────────────────────────────────────────────────────────────────────────╯
Result: {'ptl/train_loss': 2.2253873348236084, 'ptl/train_accuracy': 0.1666666716337204, 'ptl/val_loss': 2.3080520629882812, 'ptl/val_accuracy': 0.10897943377494812, 'ptl/model_params': 18458.0, 'epoch': 3, 'step': 3440, 'timestamp': 1735377351, 'checkpoint_dir_name': 'checkpoint_000003', 'should_checkpoint': True, 'done': True, 'training_iteration': 4, 'trial_id': '154bec85', 'date': '2024-12-28_09-15-51', 'time_this_iter_s': 6.614500284194946, 'time_total_s': 30.077911853790283, 'pid': 1889680, 'hostname': 'gxp-l4-0', 'node_ip': '128.232.119.192', 'time_since_restore': 30.077911853790283, 'iterations_since_restore': 4, 'experiment_tag': '5_batch_size=32,dropout=0.1450,layer_1_size=16,layer_2_size=64,layer_3_size=64,learning_rate=0.0607', 'config/layer_1_size': 16, 'config/layer_2_size': 64, 'config/layer_3_size': 64, 'config/dropout': 0.1449598241597414, 'config/batch_size': 32, 'config/learning_rate': 0.060680726086627695}
Metrics to include: ['ptl/val_accuracy', 'ptl/model_params']
Metric dict after trial: {'ptl/val_accuracy': (0.10897943377494812, None), 'ptl/model_params': (18458.0, None)}

Trial TorchTrainerMultiObjective_154bec85 completed after 4 iterations at 2024-12-28 09:15:53. Total running time: 1min 34s
╭────────────────────────────────────────────────────────────────────────╮
│ Trial TorchTrainerMultiObjective_154bec85 result                       │
├────────────────────────────────────────────────────────────────────────┤
│ checkpoint_dir_name                                  checkpoint_000003 │
│ time_this_iter_s                                                6.6145 │
│ time_total_s                                                  30.07791 │
│ training_iteration                                                   4 │
│ epoch                                                                3 │
│ ptl/model_params                                                18458. │
│ ptl/train_accuracy                                             0.16667 │
│ ptl/train_loss                                                 2.22539 │
│ ptl/val_accuracy                                               0.10898 │
│ ptl/val_loss                                                   2.30805 │
│ step                                                              3440 │
╰────────────────────────────────────────────────────────────────────────╯

Trial TorchTrainerMultiObjective_6ebc2609 started with configuration:
╭──────────────────────────────────────────────────────────────╮
│ Trial TorchTrainerMultiObjective_6ebc2609 config             │
├──────────────────────────────────────────────────────────────┤
│ batch_size                                               128 │
│ dropout                                              0.19842 │
│ layer_1_size                                              32 │
│ layer_2_size                                              64 │
│ layer_3_size                                              64 │
│ learning_rate                                        0.02747 │
╰──────────────────────────────────────────────────────────────╯
Suggested config: {'layer_1_size': 16, 'layer_2_size': 32, 'layer_3_size': 128, 'dropout': 0.27008969336748123, 'batch_size': 64, 'learning_rate': 0.09844535399172456}
[36m(TorchTrainerMultiObjective pid=1905420)[0m train_loop_config:  {'layer_1_size': 32, 'layer_2_size': 64, 'layer_3_size': 64, 'dropout': 0.19842214975506067, 'batch_size': 128, 'learning_rate': 0.027473279020376502}
[36m(RayTrainWorker pid=1896907)[0m Using cached MNIST dataset...

Trial TorchTrainerMultiObjective_f0ee3a15 started with configuration:
╭──────────────────────────────────────────────────────────────╮
│ Trial TorchTrainerMultiObjective_f0ee3a15 config             │
├──────────────────────────────────────────────────────────────┤
│ batch_size                                                64 │
│ dropout                                              0.27009 │
│ layer_1_size                                              16 │
│ layer_2_size                                              32 │
│ layer_3_size                                             128 │
│ learning_rate                                        0.09845 │
╰──────────────────────────────────────────────────────────────╯
Suggested config: {'layer_1_size': 16, 'layer_2_size': 64, 'layer_3_size': 64, 'dropout': 0.20421038400381802, 'batch_size': 128, 'learning_rate': 0.07689299740912393}
[36m(TorchTrainerMultiObjective pid=1905735)[0m train_loop_config:  {'layer_1_size': 16, 'layer_2_size': 32, 'layer_3_size': 128, 'dropout': 0.27008969336748123, 'batch_size': 64, 'learning_rate': 0.09844535399172456}
[36m(RayTrainWorker pid=1905736)[0m Using cached MNIST dataset...
[36m(RayTrainWorker pid=1906222)[0m Using cached MNIST dataset...[32m [repeated 2x across cluster][0m
Result: {'ptl/train_loss': 0.8739068508148193, 'ptl/train_accuracy': 0.6944444179534912, 'ptl/val_loss': 0.5581161379814148, 'ptl/val_accuracy': 0.8711971640586853, 'ptl/model_params': 32042.0, 'epoch': 3, 'step': 860, 'timestamp': 1735377372, 'checkpoint_dir_name': 'checkpoint_000003', 'should_checkpoint': True, 'done': True, 'training_iteration': 4, 'trial_id': '6ebc2609', 'date': '2024-12-28_09-16-12', 'time_this_iter_s': 2.1995463371276855, 'time_total_s': 14.59009075164795, 'pid': 1905420, 'hostname': 'gxp-l4-0', 'node_ip': '128.232.119.192', 'time_since_restore': 14.59009075164795, 'iterations_since_restore': 4, 'experiment_tag': '7_batch_size=128,dropout=0.1984,layer_1_size=32,layer_2_size=64,layer_3_size=64,learning_rate=0.0275', 'config/layer_1_size': 32, 'config/layer_2_size': 64, 'config/layer_3_size': 64, 'config/dropout': 0.19842214975506067, 'config/batch_size': 128, 'config/learning_rate': 0.027473279020376502}
Metrics to include: ['ptl/val_accuracy', 'ptl/model_params']
Metric dict after trial: {'ptl/val_accuracy': (0.8711971640586853, None), 'ptl/model_params': (32042.0, None)}

Trial TorchTrainerMultiObjective_6ebc2609 completed after 4 iterations at 2024-12-28 09:16:14. Total running time: 1min 55s
╭────────────────────────────────────────────────────────────────────────╮
│ Trial TorchTrainerMultiObjective_6ebc2609 result                       │
├────────────────────────────────────────────────────────────────────────┤
│ checkpoint_dir_name                                  checkpoint_000003 │
│ time_this_iter_s                                               2.19955 │
│ time_total_s                                                  14.59009 │
│ training_iteration                                                   4 │
│ epoch                                                                3 │
│ ptl/model_params                                                32042. │
│ ptl/train_accuracy                                             0.69444 │
│ ptl/train_loss                                                 0.87391 │
│ ptl/val_accuracy                                                0.8712 │
│ ptl/val_loss                                                   0.55812 │
│ step                                                               860 │
╰────────────────────────────────────────────────────────────────────────╯

Trial status: 7 TERMINATED | 1 RUNNING | 1 PENDING
Current time: 2024-12-28 09:16:18. Total running time: 2min 0s
Logical resource usage: 6.0/64 CPUs, 4.0/5 GPUs (0.0/1.0 accelerator_type:L4)
╭──────────────────────────────────────────────────────────────────────────────────────────────────────────────────────────────────────────────────────────────╮
│ Trial name                            status         iter     total time (s)     ptl/train_loss     ptl/train_accuracy     ptl/val_loss     ptl/val_accuracy │
├──────────────────────────────────────────────────────────────────────────────────────────────────────────────────────────────────────────────────────────────┤
│ TorchTrainerMultiObjective_f0ee3a15   RUNNING           2            14.2358           2.32104               0.136364          2.30889              0.105469 │
│ TorchTrainerMultiObjective_070ecf5c   TERMINATED        4            21.2677           2.32493               0.0909091         2.30788              0.110352 │
│ TorchTrainerMultiObjective_f6e63a92   TERMINATED        4            16.2245           0.243132              0.916667          0.173492             0.945692 │
│ TorchTrainerMultiObjective_75ab1fde   TERMINATED        4            19.7153           2.02022               0.25              1.67263              0.295703 │
│ TorchTrainerMultiObjective_7806111c   TERMINATED        4            29.05             2.29055               0                 2.3056               0.113331 │
│ TorchTrainerMultiObjective_154bec85   TERMINATED        4            30.0779           2.22539               0.166667          2.30805              0.108979 │
│ TorchTrainerMultiObjective_3ed73c0c   TERMINATED        4            15.3087           0.232426              0.944444          0.260195             0.934949 │
│ TorchTrainerMultiObjective_6ebc2609   TERMINATED        4            14.5901           0.873907              0.694444          0.558116             0.871197 │
│ TorchTrainerMultiObjective_cec45309   PENDING                                                                                                                │
╰──────────────────────────────────────────────────────────────────────────────────────────────────────────────────────────────────────────────────────────────╯

Trial TorchTrainerMultiObjective_cec45309 started with configuration:
╭──────────────────────────────────────────────────────────────╮
│ Trial TorchTrainerMultiObjective_cec45309 config             │
├──────────────────────────────────────────────────────────────┤
│ batch_size                                               128 │
│ dropout                                              0.20421 │
│ layer_1_size                                              16 │
│ layer_2_size                                              64 │
│ layer_3_size                                              64 │
│ learning_rate                                        0.07689 │
╰──────────────────────────────────────────────────────────────╯
[36m(TorchTrainerMultiObjective pid=1913946)[0m train_loop_config:  {'layer_1_size': 16, 'layer_2_size': 64, 'layer_3_size': 64, 'dropout': 0.20421038400381802, 'batch_size': 128, 'learning_rate': 0.07689299740912393}
[36m(RayTrainWorker pid=1906223)[0m Using cached MNIST dataset...
Suggested config: {'layer_1_size': 32, 'layer_2_size': 32, 'layer_3_size': 128, 'dropout': 0.12592674978077412, 'batch_size': 32, 'learning_rate': 0.04962318143146113}
Result: {'ptl/train_loss': 2.3094043731689453, 'ptl/train_accuracy': 0.15909090638160706, 'ptl/val_loss': 2.3111424446105957, 'ptl/val_accuracy': 0.1171875, 'ptl/model_params': 18618.0, 'epoch': 3, 'step': 1720, 'timestamp': 1735377383, 'checkpoint_dir_name': 'checkpoint_000003', 'should_checkpoint': True, 'done': True, 'training_iteration': 4, 'trial_id': 'f0ee3a15', 'date': '2024-12-28_09-16-23', 'time_this_iter_s': 2.924848794937134, 'time_total_s': 19.85047674179077, 'pid': 1905735, 'hostname': 'gxp-l4-0', 'node_ip': '128.232.119.192', 'time_since_restore': 19.85047674179077, 'iterations_since_restore': 4, 'experiment_tag': '8_batch_size=64,dropout=0.2701,layer_1_size=16,layer_2_size=32,layer_3_size=128,learning_rate=0.0984', 'config/layer_1_size': 16, 'config/layer_2_size': 32, 'config/layer_3_size': 128, 'config/dropout': 0.27008969336748123, 'config/batch_size': 64, 'config/learning_rate': 0.09844535399172456}
Metrics to include: ['ptl/val_accuracy', 'ptl/model_params']
Metric dict after trial: {'ptl/val_accuracy': (0.1171875, None), 'ptl/model_params': (18618.0, None)}

Trial TorchTrainerMultiObjective_f0ee3a15 completed after 4 iterations at 2024-12-28 09:16:24. Total running time: 2min 6s
╭────────────────────────────────────────────────────────────────────────╮
│ Trial TorchTrainerMultiObjective_f0ee3a15 result                       │
├────────────────────────────────────────────────────────────────────────┤
│ checkpoint_dir_name                                  checkpoint_000003 │
│ time_this_iter_s                                               2.92485 │
│ time_total_s                                                  19.85048 │
│ training_iteration                                                   4 │
│ epoch                                                                3 │
│ ptl/model_params                                                18618. │
│ ptl/train_accuracy                                             0.15909 │
│ ptl/train_loss                                                  2.3094 │
│ ptl/val_accuracy                                               0.11719 │
│ ptl/val_loss                                                   2.31114 │
│ step                                                              1720 │
╰────────────────────────────────────────────────────────────────────────╯
[36m(RayTrainWorker pid=1916599)[0m Using cached MNIST dataset...

Trial TorchTrainerMultiObjective_3296ee07 started with configuration:
╭──────────────────────────────────────────────────────────────╮
│ Trial TorchTrainerMultiObjective_3296ee07 config             │
├──────────────────────────────────────────────────────────────┤
│ batch_size                                                32 │
│ dropout                                              0.12593 │
│ layer_1_size                                              32 │
│ layer_2_size                                              32 │
│ layer_3_size                                             128 │
│ learning_rate                                        0.04962 │
╰──────────────────────────────────────────────────────────────╯
Suggested config: {'layer_1_size': 32, 'layer_2_size': 64, 'layer_3_size': 64, 'dropout': 0.25084609538316727, 'batch_size': 32, 'learning_rate': 0.01017567355260253}
[36m(TorchTrainerMultiObjective pid=1917524)[0m train_loop_config:  {'layer_1_size': 32, 'layer_2_size': 32, 'layer_3_size': 128, 'dropout': 0.12592674978077412, 'batch_size': 32, 'learning_rate': 0.04962318143146113}
[36m(RayTrainWorker pid=1920014)[0m Using cached MNIST dataset...[32m [repeated 2x across cluster][0m
Result: {'ptl/train_loss': 2.3053677082061768, 'ptl/train_accuracy': 0.06481481343507767, 'ptl/val_loss': 2.30460524559021, 'ptl/val_accuracy': 0.10417050123214722, 'ptl/model_params': 18458.0, 'epoch': 3, 'step': 860, 'timestamp': 1735377396, 'checkpoint_dir_name': 'checkpoint_000003', 'should_checkpoint': True, 'done': True, 'training_iteration': 4, 'trial_id': 'cec45309', 'date': '2024-12-28_09-16-36', 'time_this_iter_s': 1.7842442989349365, 'time_total_s': 15.358785152435303, 'pid': 1913946, 'hostname': 'gxp-l4-0', 'node_ip': '128.232.119.192', 'time_since_restore': 15.358785152435303, 'iterations_since_restore': 4, 'experiment_tag': '9_batch_size=128,dropout=0.2042,layer_1_size=16,layer_2_size=64,layer_3_size=64,learning_rate=0.0769', 'config/layer_1_size': 16, 'config/layer_2_size': 64, 'config/layer_3_size': 64, 'config/dropout': 0.20421038400381802, 'config/batch_size': 128, 'config/learning_rate': 0.07689299740912393}
Metrics to include: ['ptl/val_accuracy', 'ptl/model_params']
Metric dict after trial: {'ptl/val_accuracy': (0.10417050123214722, None), 'ptl/model_params': (18458.0, None)}

Trial TorchTrainerMultiObjective_cec45309 completed after 4 iterations at 2024-12-28 09:16:38. Total running time: 2min 19s
╭────────────────────────────────────────────────────────────────────────╮
│ Trial TorchTrainerMultiObjective_cec45309 result                       │
├────────────────────────────────────────────────────────────────────────┤
│ checkpoint_dir_name                                  checkpoint_000003 │
│ time_this_iter_s                                               1.78424 │
│ time_total_s                                                  15.35879 │
│ training_iteration                                                   4 │
│ epoch                                                                3 │
│ ptl/model_params                                                18458. │
│ ptl/train_accuracy                                             0.06481 │
│ ptl/train_loss                                                 2.30537 │
│ ptl/val_accuracy                                               0.10417 │
│ ptl/val_loss                                                   2.30461 │
│ step                                                               860 │
╰────────────────────────────────────────────────────────────────────────╯

Trial TorchTrainerMultiObjective_135362b5 started with configuration:
╭──────────────────────────────────────────────────────────────╮
│ Trial TorchTrainerMultiObjective_135362b5 config             │
├──────────────────────────────────────────────────────────────┤
│ batch_size                                                32 │
│ dropout                                              0.25085 │
│ layer_1_size                                              32 │
│ layer_2_size                                              64 │
│ layer_3_size                                              64 │
│ learning_rate                                        0.01018 │
╰──────────────────────────────────────────────────────────────╯
Suggested config: {'layer_1_size': 16, 'layer_2_size': 32, 'layer_3_size': 128, 'dropout': 0.1791785517707467, 'batch_size': 64, 'learning_rate': 0.06407501248121263}
[36m(TorchTrainerMultiObjective pid=1923568)[0m train_loop_config:  {'layer_1_size': 32, 'layer_2_size': 64, 'layer_3_size': 64, 'dropout': 0.25084609538316727, 'batch_size': 32, 'learning_rate': 0.01017567355260253}
[36m(RayTrainWorker pid=1920015)[0m Using cached MNIST dataset...

Trial status: 9 TERMINATED | 2 RUNNING | 1 PENDING
Current time: 2024-12-28 09:16:48. Total running time: 2min 30s
Logical resource usage: 6.0/64 CPUs, 4.0/5 GPUs (0.0/1.0 accelerator_type:L4)
╭──────────────────────────────────────────────────────────────────────────────────────────────────────────────────────────────────────────────────────────────╮
│ Trial name                            status         iter     total time (s)     ptl/train_loss     ptl/train_accuracy     ptl/val_loss     ptl/val_accuracy │
├──────────────────────────────────────────────────────────────────────────────────────────────────────────────────────────────────────────────────────────────┤
│ TorchTrainerMultiObjective_3296ee07   RUNNING           1            12.447            1.34064               0.25              1.53583              0.357793 │
│ TorchTrainerMultiObjective_135362b5   RUNNING                                                                                                                │
│ TorchTrainerMultiObjective_070ecf5c   TERMINATED        4            21.2677           2.32493               0.0909091         2.30788              0.110352 │
│ TorchTrainerMultiObjective_f6e63a92   TERMINATED        4            16.2245           0.243132              0.916667          0.173492             0.945692 │
│ TorchTrainerMultiObjective_75ab1fde   TERMINATED        4            19.7153           2.02022               0.25              1.67263              0.295703 │
│ TorchTrainerMultiObjective_7806111c   TERMINATED        4            29.05             2.29055               0                 2.3056               0.113331 │
│ TorchTrainerMultiObjective_154bec85   TERMINATED        4            30.0779           2.22539               0.166667          2.30805              0.108979 │
│ TorchTrainerMultiObjective_3ed73c0c   TERMINATED        4            15.3087           0.232426              0.944444          0.260195             0.934949 │
│ TorchTrainerMultiObjective_6ebc2609   TERMINATED        4            14.5901           0.873907              0.694444          0.558116             0.871197 │
│ TorchTrainerMultiObjective_f0ee3a15   TERMINATED        4            19.8505           2.3094                0.159091          2.31114              0.117188 │
│ TorchTrainerMultiObjective_cec45309   TERMINATED        4            15.3588           2.30537               0.0648148         2.30461              0.104171 │
│ TorchTrainerMultiObjective_aaff1a6b   PENDING                                                                                                                │
╰──────────────────────────────────────────────────────────────────────────────────────────────────────────────────────────────────────────────────────────────╯