Is CUDA available: True
Number of GPUs: 5
Running optimisation with args: Namespace(num_samples=25, max_num_epochs=4, num_gpus=None, objective_1='ptl/val_accuracy', objective_1_type='max', objective_1_threshold=0.9, objective_2='ptl/model_params', objective_2_type='min', objective_2_threshold=100000.0, objective_3=None, objective_3_type=None, objective_3_threshold=None, max_concurrent=10, use_scheduler=True, scheduler_strategy='nsga_ii', scheduler_max_t=2, scheduler_grace_period=1, scheduler_reduction_factor=3, accelerator='gpu', use_scaling_config=True, data_path='/home/sn666/large-scale-data-processing/miniproject/data', remark='moasha-nsga/maxt4red3/maxaccminparam')
Using 2 Objectives: {'ptl/val_accuracy': ObjectiveProperties(minimize=False, threshold=0.9), 'ptl/model_params': ObjectiveProperties(minimize=True, threshold=100000.0)}
Modes: ['max', 'min']
Metrics: ['ptl/val_accuracy', 'ptl/model_params']
Limiting concurrent trials to 10
Run config: RunConfig(storage_path='/home/sn666/ray_results', checkpoint_config=CheckpointConfig(num_to_keep=2, checkpoint_score_attribute='ptl/val_accuracy'), verbose=1)
Rungs: [{'level': 1, 'recorded': {}}]
Using MO-ASHA scheduler: <lib.mobo_asha.MultiObjectiveAsyncHyperBandScheduler object at 0x7e2452c6a610>
Tune config: TuneConfig(mode=None, metric=None, search_alg=<ray.tune.search.concurrency_limiter.ConcurrencyLimiter object at 0x7e2451c7f550>, scheduler=<lib.mobo_asha.MultiObjectiveAsyncHyperBandScheduler object at 0x7e2452c6a610>, num_samples=25, max_concurrent_trials=None, time_budget_s=None, reuse_actors=False, trial_name_creator=None, trial_dirname_creator=None, chdir_to_trial_dir='DEPRECATED')
Scaling config: ScalingConfig(num_workers=3, use_gpu=True, resources_per_worker={'CPU': 1, 'GPU': 1})
train_loop_config:  None
╭───────────────────────────────────────────────────────────────────────────────────╮
│ Configuration for experiment     TorchTrainerMultiObjective_2024-12-31_01-09-42   │
├───────────────────────────────────────────────────────────────────────────────────┤
│ Search algorithm                 SearchGenerator                                  │
│ Scheduler                        MultiObjectiveAsyncHyperBandScheduler            │
│ Number of trials                 25                                               │
╰───────────────────────────────────────────────────────────────────────────────────╯

View detailed results here: /home/sn666/ray_results/TorchTrainerMultiObjective_2024-12-31_01-09-42
To visualize your results with TensorBoard, run: `tensorboard --logdir /tmp/ray/session_2024-12-31_01-09-42_963216_3605606/artifacts/2024-12-31_01-09-47/TorchTrainerMultiObjective_2024-12-31_01-09-42/driver_artifacts`
Suggested config: {'layer_1_size': 32, 'layer_2_size': 64, 'layer_3_size': 64, 'dropout': 0.16792863607406616, 'batch_size': 128, 'learning_rate': 0.016590936341881753}

Trial status: 1 PENDING
Current time: 2024-12-31 01:09:47. Total running time: 0s
Logical resource usage: 0/64 CPUs, 0/5 GPUs (0.0/1.0 accelerator_type:L4)
╭────────────────────────────────────────────────╮
│ Trial name                            status   │
├────────────────────────────────────────────────┤
│ TorchTrainerMultiObjective_3a2a5032   PENDING  │
╰────────────────────────────────────────────────╯

Trial TorchTrainerMultiObjective_3a2a5032 started with configuration:
╭──────────────────────────────────────────────────────────────╮
│ Trial TorchTrainerMultiObjective_3a2a5032 config             │
├──────────────────────────────────────────────────────────────┤
│ batch_size                                               128 │
│ dropout                                              0.16793 │
│ layer_1_size                                              32 │
│ layer_2_size                                              64 │
│ layer_3_size                                              64 │
│ learning_rate                                        0.01659 │
╰──────────────────────────────────────────────────────────────╯
Suggested config: {'layer_1_size': 16, 'layer_2_size': 32, 'layer_3_size': 128, 'dropout': 0.2459014555439353, 'batch_size': 64, 'learning_rate': 0.0942933515652083}
[36m(TorchTrainerMultiObjective pid=3609855)[0m train_loop_config:  {'layer_1_size': 32, 'layer_2_size': 64, 'layer_3_size': 64, 'dropout': 0.16792863607406616, 'batch_size': 128, 'learning_rate': 0.016590936341881753}
[36m(RayTrainWorker pid=3610293)[0m printing config, {'layer_1_size': 32, 'layer_2_size': 64, 'layer_3_size': 64, 'dropout': 0.16792863607406616, 'batch_size': 128, 'learning_rate': 0.016590936341881753}
[36m(RayTrainWorker pid=3610293)[0m Model parameters: 32042
[36m(RayTrainWorker pid=3610293)[0m Using accelerator: gpu
[36m(RayTrainWorker pid=3610294)[0m Using cached MNIST dataset...
Time taken for on_result: 7.152557373046875e-06
Time taken for on_result: 2.384185791015625e-06
Time taken for on_result: 2.6226043701171875e-06
Time taken for on_result: 2.384185791015625e-06

Trial status: 1 RUNNING | 1 PENDING
Current time: 2024-12-31 01:10:17. Total running time: 30s
Logical resource usage: 4.0/64 CPUs, 3.0/5 GPUs (0.0/1.0 accelerator_type:L4)
╭────────────────────────────────────────────────────────────────────────────────────────────────────────────────────────────────────────────────────────────╮
│ Trial name                            status       iter     total time (s)     ptl/train_loss     ptl/train_accuracy     ptl/val_loss     ptl/val_accuracy │
├────────────────────────────────────────────────────────────────────────────────────────────────────────────────────────────────────────────────────────────┤
│ TorchTrainerMultiObjective_3a2a5032   RUNNING         4            22.2068           0.545385               0.866667         0.228225             0.934896 │
│ TorchTrainerMultiObjective_12ff106e   PENDING                                                                                                              │
╰────────────────────────────────────────────────────────────────────────────────────────────────────────────────────────────────────────────────────────────╯
Time taken for on_result: 2.384185791015625e-06
Result: {'ptl/train_loss': 0.5453854203224182, 'ptl/train_accuracy': 0.8666666746139526, 'ptl/val_loss': 0.22822508215904236, 'ptl/val_accuracy': 0.934895932674408, 'ptl/model_params': 32042.0, 'epoch': 3, 'step': 576, 'timestamp': 1735607416, 'checkpoint_dir_name': 'checkpoint_000003', 'should_checkpoint': True, 'done': True, 'training_iteration': 4, 'trial_id': '3a2a5032', 'date': '2024-12-31_01-10-16', 'time_this_iter_s': 2.5955238342285156, 'time_total_s': 22.206843852996826, 'pid': 3609855, 'hostname': 'gxp-l4-0', 'node_ip': '128.232.119.192', 'time_since_restore': 22.206843852996826, 'iterations_since_restore': 4, 'experiment_tag': '1_batch_size=128,dropout=0.1679,layer_1_size=32,layer_2_size=64,layer_3_size=64,learning_rate=0.0166', 'config/layer_1_size': 32, 'config/layer_2_size': 64, 'config/layer_3_size': 64, 'config/dropout': 0.16792863607406616, 'config/batch_size': 128, 'config/learning_rate': 0.016590936341881753}
Metrics to include: ['ptl/val_accuracy', 'ptl/model_params']
Metric dict after trial: {'ptl/val_accuracy': (0.934895932674408, None), 'ptl/model_params': (32042.0, None)}

Trial TorchTrainerMultiObjective_3a2a5032 completed after 4 iterations at 2024-12-31 01:10:18. Total running time: 30s
╭────────────────────────────────────────────────────────────────────────╮
│ Trial TorchTrainerMultiObjective_3a2a5032 result                       │
├────────────────────────────────────────────────────────────────────────┤
│ checkpoint_dir_name                                  checkpoint_000003 │
│ time_this_iter_s                                               2.59552 │
│ time_total_s                                                  22.20684 │
│ training_iteration                                                   4 │
│ epoch                                                                3 │
│ ptl/model_params                                                32042. │
│ ptl/train_accuracy                                             0.86667 │
│ ptl/train_loss                                                 0.54539 │
│ ptl/val_accuracy                                                0.9349 │
│ ptl/val_loss                                                   0.22823 │
│ step                                                               576 │
╰────────────────────────────────────────────────────────────────────────╯

Trial TorchTrainerMultiObjective_12ff106e started with configuration:
╭──────────────────────────────────────────────────────────────╮
│ Trial TorchTrainerMultiObjective_12ff106e config             │
├──────────────────────────────────────────────────────────────┤
│ batch_size                                                64 │
│ dropout                                               0.2459 │
│ layer_1_size                                              16 │
│ layer_2_size                                              32 │
│ layer_3_size                                             128 │
│ learning_rate                                        0.09429 │
╰──────────────────────────────────────────────────────────────╯
Suggested config: {'layer_1_size': 16, 'layer_2_size': 64, 'layer_3_size': 64, 'dropout': 0.11885119248181582, 'batch_size': 64, 'learning_rate': 0.06904066531741992}
[36m(TorchTrainerMultiObjective pid=3619812)[0m train_loop_config:  {'layer_1_size': 16, 'layer_2_size': 32, 'layer_3_size': 128, 'dropout': 0.2459014555439353, 'batch_size': 64, 'learning_rate': 0.0942933515652083}
[36m(RayTrainWorker pid=3610292)[0m printing config, {'layer_1_size': 32, 'layer_2_size': 64, 'layer_3_size': 64, 'dropout': 0.16792863607406616, 'batch_size': 128, 'learning_rate': 0.016590936341881753}[32m [repeated 2x across cluster][0m
[36m(RayTrainWorker pid=3610292)[0m Model parameters: 32042[32m [repeated 2x across cluster][0m
[36m(RayTrainWorker pid=3610292)[0m Using accelerator: gpu[32m [repeated 2x across cluster][0m
[36m(RayTrainWorker pid=3610292)[0m Using cached MNIST dataset...[32m [repeated 2x across cluster][0m
[36m(RayTrainWorker pid=3620673)[0m printing config, {'layer_1_size': 16, 'layer_2_size': 32, 'layer_3_size': 128, 'dropout': 0.2459014555439353, 'batch_size': 64, 'learning_rate': 0.0942933515652083}
[36m(RayTrainWorker pid=3620673)[0m Model parameters: 18618
[36m(RayTrainWorker pid=3620673)[0m Using accelerator: gpu
[36m(RayTrainWorker pid=3620675)[0m printing config, {'layer_1_size': 16, 'layer_2_size': 32, 'layer_3_size': 128, 'dropout': 0.2459014555439353, 'batch_size': 64, 'learning_rate': 0.0942933515652083}
[36m(RayTrainWorker pid=3620675)[0m Using cached MNIST dataset...

[36m(RayTrainWorker pid=3620674)[0m Model parameters: 18618[32m [repeated 2x across cluster][0m
[36m(RayTrainWorker pid=3620674)[0m Using accelerator: gpu[32m [repeated 2x across cluster][0m
[36m(RayTrainWorker pid=3620674)[0m printing config, {'layer_1_size': 16, 'layer_2_size': 32, 'layer_3_size': 128, 'dropout': 0.2459014555439353, 'batch_size': 64, 'learning_rate': 0.0942933515652083}
[36m(RayTrainWorker pid=3620674)[0m Using cached MNIST dataset...[32m [repeated 2x across cluster][0m
