Is CUDA available: True
Number of GPUs: 5
Running optimisation with args: Namespace(num_samples=25, max_num_epochs=4, num_gpus=None, objective_1='ptl/val_accuracy', objective_1_type='max', objective_1_threshold=0.9, objective_2='ptl/model_params', objective_2_type='min', objective_2_threshold=100000.0, objective_3=None, objective_3_type=None, objective_3_threshold=None, max_concurrent=10, use_scheduler=True, scheduler_strategy='nsga_ii', scheduler_max_t=2, scheduler_grace_period=1, scheduler_reduction_factor=3, accelerator='gpu', use_scaling_config=True, data_path='/home/sn666/large-scale-data-processing/miniproject/data', remark='moasha-nsga/maxt4red3/maxaccminparam')
Using 2 Objectives: {'ptl/val_accuracy': ObjectiveProperties(minimize=False, threshold=0.9), 'ptl/model_params': ObjectiveProperties(minimize=True, threshold=100000.0)}
Modes: ['max', 'min']
Metrics: ['ptl/val_accuracy', 'ptl/model_params']
Limiting concurrent trials to 10
Run config: RunConfig(storage_path='/home/sn666/ray_results', checkpoint_config=CheckpointConfig(num_to_keep=2, checkpoint_score_attribute='ptl/val_accuracy'), verbose=1)
Rungs: [{'level': 1, 'recorded': {}}]
Using MO-ASHA scheduler: <lib.mobo_asha.MultiObjectiveAsyncHyperBandScheduler object at 0x7c0f3d867210>
Tune config: TuneConfig(mode=None, metric=None, search_alg=<ray.tune.search.concurrency_limiter.ConcurrencyLimiter object at 0x7c0f3d8641d0>, scheduler=<lib.mobo_asha.MultiObjectiveAsyncHyperBandScheduler object at 0x7c0f3d867210>, num_samples=25, max_concurrent_trials=None, time_budget_s=None, reuse_actors=False, trial_name_creator=None, trial_dirname_creator=None, chdir_to_trial_dir='DEPRECATED')
Scaling config: ScalingConfig(num_workers=3, use_gpu=True, resources_per_worker={'CPU': 1, 'GPU': 1})
train_loop_config:  None
╭───────────────────────────────────────────────────────────────────────────────────╮
│ Configuration for experiment     TorchTrainerMultiObjective_2024-12-31_01-12-27   │
├───────────────────────────────────────────────────────────────────────────────────┤
│ Search algorithm                 SearchGenerator                                  │
│ Scheduler                        MultiObjectiveAsyncHyperBandScheduler            │
│ Number of trials                 25                                               │
╰───────────────────────────────────────────────────────────────────────────────────╯

View detailed results here: /home/sn666/ray_results/TorchTrainerMultiObjective_2024-12-31_01-12-27
To visualize your results with TensorBoard, run: `tensorboard --logdir /tmp/ray/session_2024-12-31_01-12-28_048590_3626752/artifacts/2024-12-31_01-12-32/TorchTrainerMultiObjective_2024-12-31_01-12-27/driver_artifacts`
Suggested config: {'layer_1_size': 16, 'layer_2_size': 32, 'layer_3_size': 128, 'dropout': 0.13163845539093016, 'batch_size': 128, 'learning_rate': 0.042437330368161205}

Trial status: 1 PENDING
Current time: 2024-12-31 01:12:32. Total running time: 0s
Logical resource usage: 0/64 CPUs, 0/5 GPUs (0.0/1.0 accelerator_type:L4)
╭────────────────────────────────────────────────╮
│ Trial name                            status   │
├────────────────────────────────────────────────┤
│ TorchTrainerMultiObjective_d518d1c7   PENDING  │
╰────────────────────────────────────────────────╯

Trial TorchTrainerMultiObjective_d518d1c7 started with configuration:
╭──────────────────────────────────────────────────────────────╮
│ Trial TorchTrainerMultiObjective_d518d1c7 config             │
├──────────────────────────────────────────────────────────────┤
│ batch_size                                               128 │
│ dropout                                              0.13164 │
│ layer_1_size                                              16 │
│ layer_2_size                                              32 │
│ layer_3_size                                             128 │
│ learning_rate                                        0.04244 │
╰──────────────────────────────────────────────────────────────╯
Suggested config: {'layer_1_size': 32, 'layer_2_size': 64, 'layer_3_size': 64, 'dropout': 0.2711494721472263, 'batch_size': 64, 'learning_rate': 0.08767731499569491}
[36m(TorchTrainerMultiObjective pid=3630999)[0m train_loop_config:  {'layer_1_size': 16, 'layer_2_size': 32, 'layer_3_size': 128, 'dropout': 0.13163845539093016, 'batch_size': 128, 'learning_rate': 0.042437330368161205}
[36m(RayTrainWorker pid=3631588)[0m printing config, {'layer_1_size': 16, 'layer_2_size': 32, 'layer_3_size': 128, 'dropout': 0.13163845539093016, 'batch_size': 128, 'learning_rate': 0.042437330368161205}
[36m(RayTrainWorker pid=3631588)[0m Model parameters: 18618
[36m(RayTrainWorker pid=3631588)[0m Using accelerator: gpu
[36m(RayTrainWorker pid=3631588)[0m Using cached MNIST dataset...
Time taken for on_result: 7.152557373046875e-06
Time taken for on_result: 2.1457672119140625e-06
Time taken for on_result: 1.9073486328125e-06
Time taken for on_result: 1.6689300537109375e-06
Time taken for on_result: 2.1457672119140625e-06
Result: {'ptl/train_loss': 1.1028999090194702, 'ptl/train_accuracy': 0.6000000238418579, 'ptl/val_loss': 1.033559799194336, 'ptl/val_accuracy': 0.584201455116272, 'ptl/model_params': 18618.0, 'epoch': 3, 'step': 576, 'timestamp': 1735607580, 'checkpoint_dir_name': 'checkpoint_000003', 'should_checkpoint': True, 'done': True, 'training_iteration': 4, 'trial_id': 'd518d1c7', 'date': '2024-12-31_01-13-00', 'time_this_iter_s': 2.572251319885254, 'time_total_s': 21.33020782470703, 'pid': 3630999, 'hostname': 'gxp-l4-0', 'node_ip': '128.232.119.192', 'time_since_restore': 21.33020782470703, 'iterations_since_restore': 4, 'experiment_tag': '1_batch_size=128,dropout=0.1316,layer_1_size=16,layer_2_size=32,layer_3_size=128,learning_rate=0.0424', 'config/layer_1_size': 16, 'config/layer_2_size': 32, 'config/layer_3_size': 128, 'config/dropout': 0.13163845539093016, 'config/batch_size': 128, 'config/learning_rate': 0.042437330368161205}
Metrics to include: ['ptl/val_accuracy', 'ptl/model_params']
Metric dict after trial: {'ptl/val_accuracy': (0.584201455116272, None), 'ptl/model_params': (18618.0, None)}

Trial TorchTrainerMultiObjective_d518d1c7 completed after 4 iterations at 2024-12-31 01:13:02. Total running time: 30s
╭────────────────────────────────────────────────────────────────────────╮
│ Trial TorchTrainerMultiObjective_d518d1c7 result                       │
├────────────────────────────────────────────────────────────────────────┤
│ checkpoint_dir_name                                  checkpoint_000003 │
│ time_this_iter_s                                               2.57225 │
│ time_total_s                                                  21.33021 │
│ training_iteration                                                   4 │
│ epoch                                                                3 │
│ ptl/model_params                                                18618. │
│ ptl/train_accuracy                                                 0.6 │
│ ptl/train_loss                                                  1.1029 │
│ ptl/val_accuracy                                                0.5842 │
│ ptl/val_loss                                                   1.03356 │
│ step                                                               576 │
╰────────────────────────────────────────────────────────────────────────╯

Trial status: 1 TERMINATED | 1 PENDING
Current time: 2024-12-31 01:13:02. Total running time: 30s
Logical resource usage: 0/64 CPUs, 0/5 GPUs (0.0/1.0 accelerator_type:L4)
╭──────────────────────────────────────────────────────────────────────────────────────────────────────────────────────────────────────────────────────────────╮
│ Trial name                            status         iter     total time (s)     ptl/train_loss     ptl/train_accuracy     ptl/val_loss     ptl/val_accuracy │
├──────────────────────────────────────────────────────────────────────────────────────────────────────────────────────────────────────────────────────────────┤
│ TorchTrainerMultiObjective_d518d1c7   TERMINATED        4            21.3302             1.1029                    0.6          1.03356             0.584201 │
│ TorchTrainerMultiObjective_d5a7f0aa   PENDING                                                                                                                │
╰──────────────────────────────────────────────────────────────────────────────────────────────────────────────────────────────────────────────────────────────╯

Trial TorchTrainerMultiObjective_d5a7f0aa started with configuration:
╭──────────────────────────────────────────────────────────────╮
│ Trial TorchTrainerMultiObjective_d5a7f0aa config             │
├──────────────────────────────────────────────────────────────┤
│ batch_size                                                64 │
│ dropout                                              0.27115 │
│ layer_1_size                                              32 │
│ layer_2_size                                              64 │
│ layer_3_size                                              64 │
│ learning_rate                                        0.08768 │
╰──────────────────────────────────────────────────────────────╯
Suggested config: {'layer_1_size': 32, 'layer_2_size': 32, 'layer_3_size': 128, 'dropout': 0.1729990178719163, 'batch_size': 64, 'learning_rate': 0.05234650221876801}
[36m(TorchTrainerMultiObjective pid=3640287)[0m train_loop_config:  {'layer_1_size': 32, 'layer_2_size': 64, 'layer_3_size': 64, 'dropout': 0.2711494721472263, 'batch_size': 64, 'learning_rate': 0.08767731499569491}
[36m(RayTrainWorker pid=3631586)[0m printing config, {'layer_1_size': 16, 'layer_2_size': 32, 'layer_3_size': 128, 'dropout': 0.13163845539093016, 'batch_size': 128, 'learning_rate': 0.042437330368161205}[32m [repeated 2x across cluster][0m
[36m(RayTrainWorker pid=3631586)[0m Model parameters: 18618[32m [repeated 2x across cluster][0m
[36m(RayTrainWorker pid=3631586)[0m Using accelerator: gpu[32m [repeated 2x across cluster][0m
[36m(RayTrainWorker pid=3631586)[0m Using cached MNIST dataset...[32m [repeated 2x across cluster][0m
[36m(RayTrainWorker pid=3640602)[0m printing config, {'layer_1_size': 32, 'layer_2_size': 64, 'layer_3_size': 64, 'dropout': 0.2711494721472263, 'batch_size': 64, 'learning_rate': 0.08767731499569491}
[36m(RayTrainWorker pid=3640602)[0m Model parameters: 32042
[36m(RayTrainWorker pid=3640602)[0m Using accelerator: gpu
[36m(RayTrainWorker pid=3640601)[0m printing config, {'layer_1_size': 32, 'layer_2_size': 64, 'layer_3_size': 64, 'dropout': 0.2711494721472263, 'batch_size': 64, 'learning_rate': 0.08767731499569491}
[36m(RayTrainWorker pid=3640601)[0m Model parameters: 32042
[36m(RayTrainWorker pid=3640601)[0m Using accelerator: gpu
[36m(RayTrainWorker pid=3640600)[0m Using cached MNIST dataset...

[36m(RayTrainWorker pid=3640600)[0m printing config, {'layer_1_size': 32, 'layer_2_size': 64, 'layer_3_size': 64, 'dropout': 0.2711494721472263, 'batch_size': 64, 'learning_rate': 0.08767731499569491}
[36m(RayTrainWorker pid=3640600)[0m Model parameters: 32042
[36m(RayTrainWorker pid=3640600)[0m Using accelerator: gpu
[36m(RayTrainWorker pid=3640602)[0m Using cached MNIST dataset...[32m [repeated 2x across cluster][0m
