Is CUDA available: True
Number of GPUs: 5
Running optimisation with args: Namespace(num_samples=25, max_num_epochs=8, num_gpus=None, objective_1='ptl/val_accuracy', objective_1_type='max', objective_1_threshold=0.9, objective_2='ptl/model_params', objective_2_type='min', objective_2_threshold=100000.0, objective_3=None, objective_3_type=None, objective_3_threshold=None, max_concurrent=10, use_scheduler=True, scheduler_strategy='nsga_ii', scheduler_max_t=2, scheduler_grace_period=1, scheduler_reduction_factor=4, accelerator='gpu', use_scaling_config=True, data_path='/home/sn666/large-scale-data-processing/miniproject/data', remark='8e/moasha-nsga/maxt2red4/maxaccminparam', results_folder='final_results')
Using 2 Objectives: {'ptl/val_accuracy': ObjectiveProperties(minimize=False, threshold=0.9), 'ptl/model_params': ObjectiveProperties(minimize=True, threshold=100000.0)}
Modes: ['max', 'min']
Metrics: ['ptl/val_accuracy', 'ptl/model_params']
Limiting concurrent trials to 10
Run config: RunConfig(storage_path='/home/sn666/ray_results', checkpoint_config=CheckpointConfig(num_to_keep=2, checkpoint_score_attribute='ptl/val_accuracy'), verbose=1)
Using MO-ASHA scheduler: <lib.mobo_asha_6.MultiObjectiveAsyncHyperBandScheduler object at 0x74977e156b50>
Tune config: TuneConfig(mode=None, metric=None, search_alg=<ray.tune.search.concurrency_limiter.ConcurrencyLimiter object at 0x74977d2aa690>, scheduler=<lib.mobo_asha_6.MultiObjectiveAsyncHyperBandScheduler object at 0x74977e156b50>, num_samples=25, max_concurrent_trials=None, time_budget_s=None, reuse_actors=False, trial_name_creator=None, trial_dirname_creator=None, chdir_to_trial_dir='DEPRECATED')
Scaling config: ScalingConfig(num_workers=3, use_gpu=True, resources_per_worker={'CPU': 1, 'GPU': 1})
train_loop_config:  None
╭───────────────────────────────────────────────────────────────────────────────────╮
│ Configuration for experiment     TorchTrainerMultiObjective_2025-01-02_12-44-28   │
├───────────────────────────────────────────────────────────────────────────────────┤
│ Search algorithm                 SearchGenerator                                  │
│ Scheduler                        MultiObjectiveAsyncHyperBandScheduler            │
│ Number of trials                 25                                               │
╰───────────────────────────────────────────────────────────────────────────────────╯

View detailed results here: /home/sn666/ray_results/TorchTrainerMultiObjective_2025-01-02_12-44-28
To visualize your results with TensorBoard, run: `tensorboard --logdir /tmp/ray/session_2025-01-02_12-44-28_637628_1847729/artifacts/2025-01-02_12-44-32/TorchTrainerMultiObjective_2025-01-02_12-44-28/driver_artifacts`
Suggested config: {'layer_1_size': 16, 'layer_2_size': 32, 'layer_3_size': 64, 'dropout': 0.14302950203418732, 'batch_size': 64, 'learning_rate': 0.045206281915307046}

Trial status: 1 PENDING
Current time: 2025-01-02 12:44:32. Total running time: 0s
Logical resource usage: 0/64 CPUs, 0/5 GPUs (0.0/1.0 accelerator_type:L4)
╭────────────────────────────────────────────────╮
│ Trial name                            status   │
├────────────────────────────────────────────────┤
│ TorchTrainerMultiObjective_220eda6a   PENDING  │
╰────────────────────────────────────────────────╯

Trial TorchTrainerMultiObjective_220eda6a started with configuration:
╭──────────────────────────────────────────────────────────────╮
│ Trial TorchTrainerMultiObjective_220eda6a config             │
├──────────────────────────────────────────────────────────────┤
│ batch_size                                                64 │
│ dropout                                              0.14303 │
│ layer_1_size                                              16 │
│ layer_2_size                                              32 │
│ layer_3_size                                              64 │
│ learning_rate                                        0.04521 │
╰──────────────────────────────────────────────────────────────╯
Suggested config: {'layer_1_size': 32, 'layer_2_size': 64, 'layer_3_size': 128, 'dropout': 0.29586653877049685, 'batch_size': 128, 'learning_rate': 0.06611244297605008}
[36m(TorchTrainerMultiObjective pid=1851865)[0m train_loop_config:  {'layer_1_size': 16, 'layer_2_size': 32, 'layer_3_size': 64, 'dropout': 0.14302950203418732, 'batch_size': 64, 'learning_rate': 0.045206281915307046}
[36m(RayTrainWorker pid=1852336)[0m printing config, {'layer_1_size': 16, 'layer_2_size': 32, 'layer_3_size': 64, 'dropout': 0.14302950203418732, 'batch_size': 64, 'learning_rate': 0.045206281915307046}
[36m(RayTrainWorker pid=1852336)[0m Model parameters: 15866
[36m(RayTrainWorker pid=1852336)[0m Using accelerator: gpu
[36m(RayTrainWorker pid=1852337)[0m Using cached MNIST dataset...

[36m(RayTrainWorker pid=1852335)[0m printing config, {'layer_1_size': 16, 'layer_2_size': 32, 'layer_3_size': 64, 'dropout': 0.14302950203418732, 'batch_size': 64, 'learning_rate': 0.045206281915307046}[32m [repeated 2x across cluster] (Ray deduplicates logs by default. Set RAY_DEDUP_LOGS=0 to disable log deduplication, or see https://docs.ray.io/en/master/ray-observability/user-guides/configure-logging.html#log-deduplication for more options.)[0m
[36m(RayTrainWorker pid=1852335)[0m Model parameters: 15866[32m [repeated 2x across cluster][0m
[36m(RayTrainWorker pid=1852335)[0m Using accelerator: gpu[32m [repeated 2x across cluster][0m
[36m(RayTrainWorker pid=1852335)[0m Using cached MNIST dataset...[32m [repeated 2x across cluster][0m
