Is CUDA available: True
Number of GPUs: 5
Running optimisation with args: Namespace(num_samples=25, max_num_epochs=8, num_gpus=None, objective_1='ptl/val_accuracy', objective_1_type='max', objective_1_threshold=0.9, objective_2='ptl/model_params', objective_2_type='min', objective_2_threshold=100000.0, objective_3=None, objective_3_type=None, objective_3_threshold=None, max_concurrent=10, use_scheduler=True, scheduler_strategy='nsga_ii', scheduler_max_t=8, scheduler_grace_period=1, scheduler_reduction_factor=4, accelerator='gpu', use_scaling_config=True, data_path='/home/sn666/large-scale-data-processing/miniproject/data', remark='8e/moasha-nsga/maxt2red4/maxaccminparam', results_folder='final_results')
Using 2 Objectives: {'ptl/val_accuracy': ObjectiveProperties(minimize=False, threshold=0.9), 'ptl/model_params': ObjectiveProperties(minimize=True, threshold=100000.0)}
Modes: ['max', 'min']
Metrics: ['ptl/val_accuracy', 'ptl/model_params']
Limiting concurrent trials to 10
Run config: RunConfig(storage_path='/home/sn666/ray_results', checkpoint_config=CheckpointConfig(num_to_keep=2, checkpoint_score_attribute='ptl/val_accuracy'), verbose=1)
Using MO-ASHA scheduler: <lib.mobo_asha_6.MultiObjectiveAsyncHyperBandScheduler object at 0x76838c0fa890>
Tune config: TuneConfig(mode=None, metric=None, search_alg=<ray.tune.search.concurrency_limiter.ConcurrencyLimiter object at 0x76838c0fa950>, scheduler=<lib.mobo_asha_6.MultiObjectiveAsyncHyperBandScheduler object at 0x76838c0fa890>, num_samples=25, max_concurrent_trials=None, time_budget_s=None, reuse_actors=False, trial_name_creator=None, trial_dirname_creator=None, chdir_to_trial_dir='DEPRECATED')
Scaling config: ScalingConfig(num_workers=3, use_gpu=True, resources_per_worker={'CPU': 1, 'GPU': 1})
train_loop_config:  None
╭───────────────────────────────────────────────────────────────────────────────────╮
│ Configuration for experiment     TorchTrainerMultiObjective_2025-01-02_13-07-45   │
├───────────────────────────────────────────────────────────────────────────────────┤
│ Search algorithm                 SearchGenerator                                  │
│ Scheduler                        MultiObjectiveAsyncHyperBandScheduler            │
│ Number of trials                 25                                               │
╰───────────────────────────────────────────────────────────────────────────────────╯

View detailed results here: /home/sn666/ray_results/TorchTrainerMultiObjective_2025-01-02_13-07-45
To visualize your results with TensorBoard, run: `tensorboard --logdir /tmp/ray/session_2025-01-02_13-07-45_166781_1930430/artifacts/2025-01-02_13-07-50/TorchTrainerMultiObjective_2025-01-02_13-07-45/driver_artifacts`
Suggested config: {'layer_1_size': 32, 'layer_2_size': 32, 'layer_3_size': 64, 'dropout': 0.2281457543373108, 'batch_size': 128, 'learning_rate': 0.056369711607694634}

Trial status: 1 PENDING
Current time: 2025-01-02 13:07:50. Total running time: 0s
Logical resource usage: 0/64 CPUs, 0/5 GPUs (0.0/1.0 accelerator_type:L4)
╭────────────────────────────────────────────────╮
│ Trial name                            status   │
├────────────────────────────────────────────────┤
│ TorchTrainerMultiObjective_c43cbe99   PENDING  │
╰────────────────────────────────────────────────╯

Trial TorchTrainerMultiObjective_c43cbe99 started with configuration:
╭──────────────────────────────────────────────────────────────╮
│ Trial TorchTrainerMultiObjective_c43cbe99 config             │
├──────────────────────────────────────────────────────────────┤
│ batch_size                                               128 │
│ dropout                                              0.22815 │
│ layer_1_size                                              32 │
│ layer_2_size                                              32 │
│ layer_3_size                                              64 │
│ learning_rate                                        0.05637 │
╰──────────────────────────────────────────────────────────────╯
[36m(TorchTrainerMultiObjective pid=1934805)[0m train_loop_config:  {'layer_1_size': 32, 'layer_2_size': 32, 'layer_3_size': 64, 'dropout': 0.2281457543373108, 'batch_size': 128, 'learning_rate': 0.056369711607694634}
Suggested config: {'layer_1_size': 16, 'layer_2_size': 64, 'layer_3_size': 128, 'dropout': 0.1074568608775735, 'batch_size': 64, 'learning_rate': 0.028690823158156128}
[36m(RayTrainWorker pid=1935265)[0m printing config, {'layer_1_size': 32, 'layer_2_size': 32, 'layer_3_size': 64, 'dropout': 0.2281457543373108, 'batch_size': 128, 'learning_rate': 0.056369711607694634}
[36m(RayTrainWorker pid=1935265)[0m Model parameters: 28938
[36m(RayTrainWorker pid=1935265)[0m Using accelerator: gpu
[36m(RayTrainWorker pid=1935265)[0m Using cached MNIST dataset...
Pareto front: [('c43cbe99', array([ 4.46180582e-01, -2.89380000e+04]))]

[36m(RayTrainWorker pid=1935266)[0m printing config, {'layer_1_size': 32, 'layer_2_size': 32, 'layer_3_size': 64, 'dropout': 0.2281457543373108, 'batch_size': 128, 'learning_rate': 0.056369711607694634}[32m [repeated 2x across cluster] (Ray deduplicates logs by default. Set RAY_DEDUP_LOGS=0 to disable log deduplication, or see https://docs.ray.io/en/master/ray-observability/user-guides/configure-logging.html#log-deduplication for more options.)[0m
[36m(RayTrainWorker pid=1935266)[0m Model parameters: 28938[32m [repeated 2x across cluster][0m
[36m(RayTrainWorker pid=1935266)[0m Using accelerator: gpu[32m [repeated 2x across cluster][0m
[36m(RayTrainWorker pid=1935264)[0m Using cached MNIST dataset...[32m [repeated 2x across cluster][0m
