Is CUDA available: True
Number of GPUs: 5
Running optimisation with args: Namespace(num_samples=25, max_num_epochs=8, num_gpus=None, objective_1='ptl/val_accuracy', objective_1_type='max', objective_1_threshold=0.9, objective_2='ptl/model_params', objective_2_type='min', objective_2_threshold=100000.0, objective_3=None, objective_3_type=None, objective_3_threshold=None, max_concurrent=10, use_scheduler=True, scheduler_strategy='nsga_ii', scheduler_max_t=4, scheduler_grace_period=1, scheduler_reduction_factor=3, accelerator='gpu', use_scaling_config=True, data_path='/home/sn666/large-scale-data-processing/miniproject/data', remark='8e/moasha-nsga/maxt4red3/maxaccminparam')
Using 2 Objectives: {'ptl/val_accuracy': ObjectiveProperties(minimize=False, threshold=0.9), 'ptl/model_params': ObjectiveProperties(minimize=True, threshold=100000.0)}
Modes: ['max', 'min']
Metrics: ['ptl/val_accuracy', 'ptl/model_params']
Limiting concurrent trials to 10
Run config: RunConfig(storage_path='/home/sn666/ray_results', checkpoint_config=CheckpointConfig(num_to_keep=2, checkpoint_score_attribute='ptl/val_accuracy'), verbose=1)
Rungs: [{'level': 1, 'recorded': {}}, {'level': 3, 'recorded': {}}]
Using MO-ASHA scheduler: <lib.mobo_asha.MultiObjectiveAsyncHyperBandScheduler object at 0x7c1a7f197b90>
Tune config: TuneConfig(mode=None, metric=None, search_alg=<ray.tune.search.concurrency_limiter.ConcurrencyLimiter object at 0x7c1a7f194990>, scheduler=<lib.mobo_asha.MultiObjectiveAsyncHyperBandScheduler object at 0x7c1a7f197b90>, num_samples=25, max_concurrent_trials=None, time_budget_s=None, reuse_actors=False, trial_name_creator=None, trial_dirname_creator=None, chdir_to_trial_dir='DEPRECATED')
Scaling config: ScalingConfig(num_workers=3, use_gpu=True, resources_per_worker={'CPU': 1, 'GPU': 1})
train_loop_config:  None
╭───────────────────────────────────────────────────────────────────────────────────╮
│ Configuration for experiment     TorchTrainerMultiObjective_2025-01-02_02-34-37   │
├───────────────────────────────────────────────────────────────────────────────────┤
│ Search algorithm                 SearchGenerator                                  │
│ Scheduler                        MultiObjectiveAsyncHyperBandScheduler            │
│ Number of trials                 25                                               │
╰───────────────────────────────────────────────────────────────────────────────────╯

View detailed results here: /home/sn666/ray_results/TorchTrainerMultiObjective_2025-01-02_02-34-37
To visualize your results with TensorBoard, run: `tensorboard --logdir /tmp/ray/session_2025-01-02_02-34-37_312910_3566922/artifacts/2025-01-02_02-34-41/TorchTrainerMultiObjective_2025-01-02_02-34-37/driver_artifacts`
Suggested config: {'layer_1_size': 16, 'layer_2_size': 64, 'layer_3_size': 128, 'dropout': 0.2853081345558166, 'batch_size': 128, 'learning_rate': 0.06574112438559533}

Trial status: 1 PENDING
Current time: 2025-01-02 02:34:41. Total running time: 0s
Logical resource usage: 4.0/64 CPUs, 3.0/5 GPUs (0.0/1.0 accelerator_type:L4)
╭────────────────────────────────────────────────╮
│ Trial name                            status   │
├────────────────────────────────────────────────┤
│ TorchTrainerMultiObjective_fd3e11b7   PENDING  │
╰────────────────────────────────────────────────╯

Trial TorchTrainerMultiObjective_fd3e11b7 started with configuration:
╭──────────────────────────────────────────────────────────────╮
│ Trial TorchTrainerMultiObjective_fd3e11b7 config             │
├──────────────────────────────────────────────────────────────┤
│ batch_size                                               128 │
│ dropout                                              0.28531 │
│ layer_1_size                                              16 │
│ layer_2_size                                              64 │
│ layer_3_size                                             128 │
│ learning_rate                                        0.06574 │
╰──────────────────────────────────────────────────────────────╯
Suggested config: {'layer_1_size': 32, 'layer_2_size': 32, 'layer_3_size': 64, 'dropout': 0.10103134401142598, 'batch_size': 64, 'learning_rate': 0.004873167632520199}
[36m(TorchTrainerMultiObjective pid=3571020)[0m train_loop_config:  {'layer_1_size': 16, 'layer_2_size': 64, 'layer_3_size': 128, 'dropout': 0.2853081345558166, 'batch_size': 128, 'learning_rate': 0.06574112438559533}
[36m(RayTrainWorker pid=3571257)[0m printing config, {'layer_1_size': 16, 'layer_2_size': 64, 'layer_3_size': 128, 'dropout': 0.2853081345558166, 'batch_size': 128, 'learning_rate': 0.06574112438559533}
[36m(RayTrainWorker pid=3571257)[0m Model parameters: 23258
[36m(RayTrainWorker pid=3571257)[0m Using accelerator: gpu
[36m(RayTrainWorker pid=3571256)[0m Using cached MNIST dataset...
Re-ordered existing solutions: None
Time taken for on_result: 1.9311904907226562e-05
Time taken for on_result: 2.6226043701171875e-06
Re-ordered existing solutions: None
Time taken for on_result: 1.6689300537109375e-05
Time taken for on_result: 9.5367431640625e-06
Time taken for on_result: 2.6226043701171875e-06
Time taken for on_result: 2.2411346435546875e-05
Time taken for on_result: 3.0994415283203125e-06
Time taken for on_result: 3.5762786865234375e-06
Time taken for on_result: 3.337860107421875e-06
Result: {'ptl/train_loss': 2.2790520191192627, 'ptl/train_accuracy': 0.20000000298023224, 'ptl/val_loss': 2.305314064025879, 'ptl/val_accuracy': 0.0881696492433548, 'ptl/model_params': 23258.0, 'epoch': 7, 'step': 1152, 'timestamp': 1735785306, 'checkpoint_dir_name': 'checkpoint_000007', 'should_checkpoint': True, 'done': True, 'training_iteration': 8, 'trial_id': 'fd3e11b7', 'date': '2025-01-02_02-35-06', 'time_this_iter_s': 1.6550614833831787, 'time_total_s': 19.95685839653015, 'pid': 3571020, 'hostname': 'gxp-l4-0', 'node_ip': '128.232.119.192', 'time_since_restore': 19.95685839653015, 'iterations_since_restore': 8, 'experiment_tag': '1_batch_size=128,dropout=0.2853,layer_1_size=16,layer_2_size=64,layer_3_size=128,learning_rate=0.0657', 'config/layer_1_size': 16, 'config/layer_2_size': 64, 'config/layer_3_size': 128, 'config/dropout': 0.2853081345558166, 'config/batch_size': 128, 'config/learning_rate': 0.06574112438559533}
Metrics to include: ['ptl/val_accuracy', 'ptl/model_params']
Metric dict after trial: {'ptl/val_accuracy': (0.0881696492433548, None), 'ptl/model_params': (23258.0, None)}

Trial TorchTrainerMultiObjective_fd3e11b7 completed after 8 iterations at 2025-01-02 02:35:08. Total running time: 26s
╭────────────────────────────────────────────────────────────────────────╮
│ Trial TorchTrainerMultiObjective_fd3e11b7 result                       │
├────────────────────────────────────────────────────────────────────────┤
│ checkpoint_dir_name                                  checkpoint_000007 │
│ time_this_iter_s                                               1.65506 │
│ time_total_s                                                  19.95686 │
│ training_iteration                                                   8 │
│ epoch                                                                7 │
│ ptl/model_params                                                23258. │
│ ptl/train_accuracy                                                 0.2 │
│ ptl/train_loss                                                 2.27905 │
│ ptl/val_accuracy                                               0.08817 │
│ ptl/val_loss                                                   2.30531 │
│ step                                                              1152 │
╰────────────────────────────────────────────────────────────────────────╯

Trial status: 1 TERMINATED | 1 PENDING
Current time: 2025-01-02 02:35:11. Total running time: 30s
Logical resource usage: 4.0/64 CPUs, 3.0/5 GPUs (0.0/1.0 accelerator_type:L4)
╭──────────────────────────────────────────────────────────────────────────────────────────────────────────────────────────────────────────────────────────────╮
│ Trial name                            status         iter     total time (s)     ptl/train_loss     ptl/train_accuracy     ptl/val_loss     ptl/val_accuracy │
├──────────────────────────────────────────────────────────────────────────────────────────────────────────────────────────────────────────────────────────────┤
│ TorchTrainerMultiObjective_fd3e11b7   TERMINATED        8            19.9569            2.27905                    0.2          2.30531            0.0881696 │
│ TorchTrainerMultiObjective_5a883ea4   PENDING                                                                                                                │
╰──────────────────────────────────────────────────────────────────────────────────────────────────────────────────────────────────────────────────────────────╯

Trial TorchTrainerMultiObjective_5a883ea4 started with configuration:
╭──────────────────────────────────────────────────────────────╮
│ Trial TorchTrainerMultiObjective_5a883ea4 config             │
├──────────────────────────────────────────────────────────────┤
│ batch_size                                                64 │
│ dropout                                              0.10103 │
│ layer_1_size                                              32 │
│ layer_2_size                                              32 │
│ layer_3_size                                              64 │
│ learning_rate                                        0.00487 │
╰──────────────────────────────────────────────────────────────╯
Suggested config: {'layer_1_size': 32, 'layer_2_size': 64, 'layer_3_size': 128, 'dropout': 0.23148581646382807, 'batch_size': 64, 'learning_rate': 0.03459378163507209}
[36m(TorchTrainerMultiObjective pid=3585284)[0m train_loop_config:  {'layer_1_size': 32, 'layer_2_size': 32, 'layer_3_size': 64, 'dropout': 0.10103134401142598, 'batch_size': 64, 'learning_rate': 0.004873167632520199}
[36m(RayTrainWorker pid=3571255)[0m printing config, {'layer_1_size': 16, 'layer_2_size': 64, 'layer_3_size': 128, 'dropout': 0.2853081345558166, 'batch_size': 128, 'learning_rate': 0.06574112438559533}[32m [repeated 2x across cluster][0m
[36m(RayTrainWorker pid=3571255)[0m Model parameters: 23258[32m [repeated 2x across cluster][0m
[36m(RayTrainWorker pid=3571255)[0m Using accelerator: gpu[32m [repeated 2x across cluster][0m
[36m(RayTrainWorker pid=3571257)[0m Using cached MNIST dataset...[32m [repeated 2x across cluster][0m
[36m(RayTrainWorker pid=3585619)[0m printing config, {'layer_1_size': 32, 'layer_2_size': 32, 'layer_3_size': 64, 'dropout': 0.10103134401142598, 'batch_size': 64, 'learning_rate': 0.004873167632520199}
[36m(RayTrainWorker pid=3585619)[0m Model parameters: 28938
[36m(RayTrainWorker pid=3585619)[0m Using accelerator: gpu
[36m(RayTrainWorker pid=3585620)[0m printing config, {'layer_1_size': 32, 'layer_2_size': 32, 'layer_3_size': 64, 'dropout': 0.10103134401142598, 'batch_size': 64, 'learning_rate': 0.004873167632520199}
[36m(RayTrainWorker pid=3585620)[0m Model parameters: 28938
[36m(RayTrainWorker pid=3585620)[0m Using accelerator: gpu
[36m(RayTrainWorker pid=3585620)[0m Using cached MNIST dataset...
Non-dominated points (outer function): [[ 9.64781791e-02 -2.32580000e+04]]
Fronts: [[0]]
All fronts: [[0]]
Crowding distance: [inf]
Front: [0]
Didn't sort front: [0]
Re-ordered existing solutions: [[ 9.64781791e-02 -2.32580000e+04]]
New metrics: [ 9.27790642e-01 -2.89380000e+04]
Candidates before adding metrics: [[ 9.64781791e-02 -2.32580000e+04]]
Candidates after adding metrics: [[ 9.64781791e-02 -2.32580000e+04]
 [ 9.27790642e-01 -2.89380000e+04]]
Fronts: [[0, 1]]
All fronts: [[0, 1]]
Crowding distance: [inf inf]
Front: [0, 1]
Sorted front: [0, 1]
Not enough to promote: [ 9.27790642e-01 -2.89380000e+04] not in top 0
[Rung=1] Trial 5a883ea4 is dominated. -> STOP
Time taken for on_result: 0.0012671947479248047
Time taken for on_result: 8.344650268554688e-06
Result: {'ptl/train_loss': 0.12914927303791046, 'ptl/train_accuracy': 0.9666666388511658, 'ptl/val_loss': 0.23777422308921814, 'ptl/val_accuracy': 0.927790641784668, 'ptl/model_params': 28938.0, 'epoch': 0, 'step': 287, 'timestamp': 1735785323, 'checkpoint_dir_name': 'checkpoint_000000', 'should_checkpoint': True, 'done': True, 'training_iteration': 1, 'trial_id': '5a883ea4', 'date': '2025-01-02_02-35-23', 'time_this_iter_s': 9.79915976524353, 'time_total_s': 9.79915976524353, 'pid': 3585284, 'hostname': 'gxp-l4-0', 'node_ip': '128.232.119.192', 'time_since_restore': 9.79915976524353, 'iterations_since_restore': 1, 'experiment_tag': '2_batch_size=64,dropout=0.1010,layer_1_size=32,layer_2_size=32,layer_3_size=64,learning_rate=0.0049', 'config/layer_1_size': 32, 'config/layer_2_size': 32, 'config/layer_3_size': 64, 'config/dropout': 0.10103134401142598, 'config/batch_size': 64, 'config/learning_rate': 0.004873167632520199}
Metrics to include: ['ptl/val_accuracy', 'ptl/model_params']
Metric dict after trial: {'ptl/val_accuracy': (0.927790641784668, None), 'ptl/model_params': (28938.0, None)}

Trial TorchTrainerMultiObjective_5a883ea4 completed after 1 iterations at 2025-01-02 02:35:23. Total running time: 42s
╭────────────────────────────────────────────────────────────────────────╮
│ Trial TorchTrainerMultiObjective_5a883ea4 result                       │
├────────────────────────────────────────────────────────────────────────┤
│ checkpoint_dir_name                                  checkpoint_000000 │
│ time_this_iter_s                                               9.79916 │
│ time_total_s                                                   9.79916 │
│ training_iteration                                                   1 │
│ epoch                                                                0 │
│ ptl/model_params                                                28938. │
│ ptl/train_accuracy                                             0.96667 │
│ ptl/train_loss                                                 0.12915 │
│ ptl/val_accuracy                                               0.92779 │
│ ptl/val_loss                                                   0.23777 │
│ step                                                               287 │
╰────────────────────────────────────────────────────────────────────────╯