Is CUDA available: True
Number of GPUs: 5
Running optimisation with args: Namespace(num_samples=25, max_num_epochs=8, num_gpus=None, objective_1='ptl/val_accuracy', objective_1_type='max', objective_1_threshold=0.9, objective_2='ptl/model_params', objective_2_type='min', objective_2_threshold=100000.0, objective_3=None, objective_3_type=None, objective_3_threshold=None, max_concurrent=10, use_scheduler=True, scheduler_strategy='nsga_ii', scheduler_max_t=4, scheduler_grace_period=1, scheduler_reduction_factor=3, accelerator='gpu', use_scaling_config=True, data_path='/home/sn666/large-scale-data-processing/miniproject/data', remark='8e/moasha-nsga/maxt4red3/maxaccminparam')
Using 2 Objectives: {'ptl/val_accuracy': ObjectiveProperties(minimize=False, threshold=0.9), 'ptl/model_params': ObjectiveProperties(minimize=True, threshold=100000.0)}
Modes: ['max', 'min']
Metrics: ['ptl/val_accuracy', 'ptl/model_params']
Limiting concurrent trials to 10
Run config: RunConfig(storage_path='/home/sn666/ray_results', checkpoint_config=CheckpointConfig(num_to_keep=2, checkpoint_score_attribute='ptl/val_accuracy'), verbose=1)
Rungs: [{'level': 1, 'recorded': {}}, {'level': 3, 'recorded': {}}]
Using MO-ASHA scheduler: <lib.mobo_asha.MultiObjectiveAsyncHyperBandScheduler object at 0x7f4ea02c5710>
Tune config: TuneConfig(mode=None, metric=None, search_alg=<ray.tune.search.concurrency_limiter.ConcurrencyLimiter object at 0x7f4e9b46e090>, scheduler=<lib.mobo_asha.MultiObjectiveAsyncHyperBandScheduler object at 0x7f4ea02c5710>, num_samples=25, max_concurrent_trials=None, time_budget_s=None, reuse_actors=False, trial_name_creator=None, trial_dirname_creator=None, chdir_to_trial_dir='DEPRECATED')
Scaling config: ScalingConfig(num_workers=3, use_gpu=True, resources_per_worker={'CPU': 1, 'GPU': 1})
train_loop_config:  None
╭───────────────────────────────────────────────────────────────────────────────────╮
│ Configuration for experiment     TorchTrainerMultiObjective_2025-01-02_02-26-48   │
├───────────────────────────────────────────────────────────────────────────────────┤
│ Search algorithm                 SearchGenerator                                  │
│ Scheduler                        MultiObjectiveAsyncHyperBandScheduler            │
│ Number of trials                 25                                               │
╰───────────────────────────────────────────────────────────────────────────────────╯

View detailed results here: /home/sn666/ray_results/TorchTrainerMultiObjective_2025-01-02_02-26-48
To visualize your results with TensorBoard, run: `tensorboard --logdir /tmp/ray/session_2025-01-02_02-26-48_787869_3542290/artifacts/2025-01-02_02-26-51/TorchTrainerMultiObjective_2025-01-02_02-26-48/driver_artifacts`
Suggested config: {'layer_1_size': 32, 'layer_2_size': 64, 'layer_3_size': 128, 'dropout': 0.10750511437654496, 'batch_size': 128, 'learning_rate': 0.07544074347019196}

Trial status: 1 PENDING
Current time: 2025-01-02 02:26:51. Total running time: 0s
Logical resource usage: 4.0/64 CPUs, 3.0/5 GPUs (0.0/1.0 accelerator_type:L4)
╭────────────────────────────────────────────────╮
│ Trial name                            status   │
├────────────────────────────────────────────────┤
│ TorchTrainerMultiObjective_09c1d448   PENDING  │
╰────────────────────────────────────────────────╯

Trial TorchTrainerMultiObjective_09c1d448 started with configuration:
╭──────────────────────────────────────────────────────────────╮
│ Trial TorchTrainerMultiObjective_09c1d448 config             │
├──────────────────────────────────────────────────────────────┤
│ batch_size                                               128 │
│ dropout                                              0.10751 │
│ layer_1_size                                              32 │
│ layer_2_size                                              64 │
│ layer_3_size                                             128 │
│ learning_rate                                        0.07544 │
╰──────────────────────────────────────────────────────────────╯
Suggested config: {'layer_1_size': 16, 'layer_2_size': 32, 'layer_3_size': 64, 'dropout': 0.2508204821497202, 'batch_size': 64, 'learning_rate': 0.009940006378851831}
[36m(TorchTrainerMultiObjective pid=3546391)[0m train_loop_config:  {'layer_1_size': 32, 'layer_2_size': 64, 'layer_3_size': 128, 'dropout': 0.10750511437654496, 'batch_size': 128, 'learning_rate': 0.07544074347019196}
[36m(RayTrainWorker pid=3546623)[0m printing config, {'layer_1_size': 32, 'layer_2_size': 64, 'layer_3_size': 128, 'dropout': 0.10750511437654496, 'batch_size': 128, 'learning_rate': 0.07544074347019196}
[36m(RayTrainWorker pid=3546623)[0m Model parameters: 36842
[36m(RayTrainWorker pid=3546623)[0m Using accelerator: gpu
[36m(RayTrainWorker pid=3546623)[0m Using cached MNIST dataset...
Re-ordered existing solutions: None
Time taken for on_result: 1.71661376953125e-05
Time taken for on_result: 2.1457672119140625e-06
Re-ordered existing solutions: None
Time taken for on_result: 4.9591064453125e-05
Time taken for on_result: 5.4836273193359375e-06
Time taken for on_result: 2.86102294921875e-06
Time taken for on_result: 2.86102294921875e-06
Time taken for on_result: 4.0531158447265625e-06
Time taken for on_result: 2.86102294921875e-06
Time taken for on_result: 2.6226043701171875e-06
Result: {'ptl/train_loss': 1.6488418579101562, 'ptl/train_accuracy': 0.30000001192092896, 'ptl/val_loss': 1.7130612134933472, 'ptl/val_accuracy': 0.2966890037059784, 'ptl/model_params': 36842.0, 'epoch': 7, 'step': 1152, 'timestamp': 1735784837, 'checkpoint_dir_name': 'checkpoint_000007', 'should_checkpoint': True, 'done': True, 'training_iteration': 8, 'trial_id': '09c1d448', 'date': '2025-01-02_02-27-17', 'time_this_iter_s': 1.6418979167938232, 'time_total_s': 20.421252965927124, 'pid': 3546391, 'hostname': 'gxp-l4-0', 'node_ip': '128.232.119.192', 'time_since_restore': 20.421252965927124, 'iterations_since_restore': 8, 'experiment_tag': '1_batch_size=128,dropout=0.1075,layer_1_size=32,layer_2_size=64,layer_3_size=128,learning_rate=0.0754', 'config/layer_1_size': 32, 'config/layer_2_size': 64, 'config/layer_3_size': 128, 'config/dropout': 0.10750511437654496, 'config/batch_size': 128, 'config/learning_rate': 0.07544074347019196}
Metrics to include: ['ptl/val_accuracy', 'ptl/model_params']
Metric dict after trial: {'ptl/val_accuracy': (0.2966890037059784, None), 'ptl/model_params': (36842.0, None)}

Trial TorchTrainerMultiObjective_09c1d448 completed after 8 iterations at 2025-01-02 02:27:19. Total running time: 27s
╭────────────────────────────────────────────────────────────────────────╮
│ Trial TorchTrainerMultiObjective_09c1d448 result                       │
├────────────────────────────────────────────────────────────────────────┤
│ checkpoint_dir_name                                  checkpoint_000007 │
│ time_this_iter_s                                                1.6419 │
│ time_total_s                                                  20.42125 │
│ training_iteration                                                   8 │
│ epoch                                                                7 │
│ ptl/model_params                                                36842. │
│ ptl/train_accuracy                                                 0.3 │
│ ptl/train_loss                                                 1.64884 │
│ ptl/val_accuracy                                               0.29669 │
│ ptl/val_loss                                                   1.71306 │
│ step                                                              1152 │
╰────────────────────────────────────────────────────────────────────────╯

Trial status: 1 TERMINATED | 1 PENDING
Current time: 2025-01-02 02:27:21. Total running time: 30s
Logical resource usage: 4.0/64 CPUs, 3.0/5 GPUs (0.0/1.0 accelerator_type:L4)
╭──────────────────────────────────────────────────────────────────────────────────────────────────────────────────────────────────────────────────────────────╮
│ Trial name                            status         iter     total time (s)     ptl/train_loss     ptl/train_accuracy     ptl/val_loss     ptl/val_accuracy │
├──────────────────────────────────────────────────────────────────────────────────────────────────────────────────────────────────────────────────────────────┤
│ TorchTrainerMultiObjective_09c1d448   TERMINATED        8            20.4213            1.64884                    0.3          1.71306             0.296689 │
│ TorchTrainerMultiObjective_96175020   PENDING                                                                                                                │
╰──────────────────────────────────────────────────────────────────────────────────────────────────────────────────────────────────────────────────────────────╯

Trial TorchTrainerMultiObjective_96175020 started with configuration:
╭──────────────────────────────────────────────────────────────╮
│ Trial TorchTrainerMultiObjective_96175020 config             │
├──────────────────────────────────────────────────────────────┤
│ batch_size                                                64 │
│ dropout                                              0.25082 │
│ layer_1_size                                              16 │
│ layer_2_size                                              32 │
│ layer_3_size                                              64 │
│ learning_rate                                        0.00994 │
╰──────────────────────────────────────────────────────────────╯
Suggested config: {'layer_1_size': 16, 'layer_2_size': 64, 'layer_3_size': 128, 'dropout': 0.19390246886759996, 'batch_size': 64, 'learning_rate': 0.029084022690076382}
[36m(TorchTrainerMultiObjective pid=3560461)[0m train_loop_config:  {'layer_1_size': 16, 'layer_2_size': 32, 'layer_3_size': 64, 'dropout': 0.2508204821497202, 'batch_size': 64, 'learning_rate': 0.009940006378851831}
[36m(RayTrainWorker pid=3546622)[0m printing config, {'layer_1_size': 32, 'layer_2_size': 64, 'layer_3_size': 128, 'dropout': 0.10750511437654496, 'batch_size': 128, 'learning_rate': 0.07544074347019196}[32m [repeated 2x across cluster][0m
[36m(RayTrainWorker pid=3546622)[0m Model parameters: 36842[32m [repeated 2x across cluster][0m
[36m(RayTrainWorker pid=3546622)[0m Using accelerator: gpu[32m [repeated 2x across cluster][0m
[36m(RayTrainWorker pid=3546621)[0m Using cached MNIST dataset...[32m [repeated 2x across cluster][0m
[36m(RayTrainWorker pid=3560576)[0m printing config, {'layer_1_size': 16, 'layer_2_size': 32, 'layer_3_size': 64, 'dropout': 0.2508204821497202, 'batch_size': 64, 'learning_rate': 0.009940006378851831}
[36m(RayTrainWorker pid=3560576)[0m Model parameters: 15866
[36m(RayTrainWorker pid=3560576)[0m Using accelerator: gpu
[36m(RayTrainWorker pid=3560577)[0m printing config, {'layer_1_size': 16, 'layer_2_size': 32, 'layer_3_size': 64, 'dropout': 0.2508204821497202, 'batch_size': 64, 'learning_rate': 0.009940006378851831}
[36m(RayTrainWorker pid=3560577)[0m Model parameters: 15866
[36m(RayTrainWorker pid=3560577)[0m Using accelerator: gpu
[36m(RayTrainWorker pid=3560576)[0m Using cached MNIST dataset...
Non-dominated points (outer function): [[ 4.30555612e-01 -3.68420000e+04]]
Fronts: [[0]]
All fronts: [[0]]
Crowding distance: [inf]
Front: [0]
Re-ordered existing solutions: [[ 4.30555612e-01 -3.68420000e+04]]
New metrics: [ 8.59117806e-01 -1.58660010e+04]
Candidates before adding metrics: [[ 4.30555612e-01 -3.68420000e+04]]
Candidates after adding metrics: [[ 4.30555612e-01 -3.68420000e+04]
 [ 8.59117806e-01 -1.58660010e+04]]
Fronts: [[1]]
All fronts: [[1], [0]]
Crowding distance: [inf]
Front: [1]

[36m(RayTrainWorker pid=3560575)[0m printing config, {'layer_1_size': 16, 'layer_2_size': 32, 'layer_3_size': 64, 'dropout': 0.2508204821497202, 'batch_size': 64, 'learning_rate': 0.009940006378851831}
[36m(RayTrainWorker pid=3560575)[0m Model parameters: 15866
[36m(RayTrainWorker pid=3560575)[0m Using accelerator: gpu
[36m(RayTrainWorker pid=3560577)[0m Using cached MNIST dataset...[32m [repeated 2x across cluster][0m
