Is CUDA available: True
Number of GPUs: 5
Running optimisation with args: Namespace(num_samples=25, max_num_epochs=8, num_gpus=None, objective_1='ptl/val_accuracy', objective_1_type='max', objective_1_threshold=0.9, objective_2='ptl/model_params', objective_2_type='min', objective_2_threshold=100000.0, objective_3=None, objective_3_type=None, objective_3_threshold=None, max_concurrent=10, use_scheduler=True, scheduler_strategy='nsga_ii', scheduler_max_t=4, scheduler_grace_period=1, scheduler_reduction_factor=3, accelerator='gpu', use_scaling_config=True, data_path='/home/sn666/large-scale-data-processing/miniproject/data', remark='8e/moasha-nsga/maxt4red3/maxaccminparam')
Using 2 Objectives: {'ptl/val_accuracy': ObjectiveProperties(minimize=False, threshold=0.9), 'ptl/model_params': ObjectiveProperties(minimize=True, threshold=100000.0)}
Modes: ['max', 'min']
Metrics: ['ptl/val_accuracy', 'ptl/model_params']
Limiting concurrent trials to 10
Run config: RunConfig(storage_path='/home/sn666/ray_results', checkpoint_config=CheckpointConfig(num_to_keep=2, checkpoint_score_attribute='ptl/val_accuracy'), verbose=1)
Rungs: [{'level': 1, 'recorded': {}}, {'level': 3, 'recorded': {}}]
Using MO-ASHA scheduler: <lib.mobo_asha.MultiObjectiveAsyncHyperBandScheduler object at 0x7cc2e3ea72d0>
Tune config: TuneConfig(mode=None, metric=None, search_alg=<ray.tune.search.concurrency_limiter.ConcurrencyLimiter object at 0x7cc2e4eca1d0>, scheduler=<lib.mobo_asha.MultiObjectiveAsyncHyperBandScheduler object at 0x7cc2e3ea72d0>, num_samples=25, max_concurrent_trials=None, time_budget_s=None, reuse_actors=False, trial_name_creator=None, trial_dirname_creator=None, chdir_to_trial_dir='DEPRECATED')
Scaling config: ScalingConfig(num_workers=3, use_gpu=True, resources_per_worker={'CPU': 1, 'GPU': 1})
train_loop_config:  None
╭───────────────────────────────────────────────────────────────────────────────────╮
│ Configuration for experiment     TorchTrainerMultiObjective_2024-12-31_13-34-46   │
├───────────────────────────────────────────────────────────────────────────────────┤
│ Search algorithm                 SearchGenerator                                  │
│ Scheduler                        MultiObjectiveAsyncHyperBandScheduler            │
│ Number of trials                 25                                               │
╰───────────────────────────────────────────────────────────────────────────────────╯

View detailed results here: /home/sn666/ray_results/TorchTrainerMultiObjective_2024-12-31_13-34-46
To visualize your results with TensorBoard, run: `tensorboard --logdir /tmp/ray/session_2024-12-31_13-34-46_475252_826091/artifacts/2024-12-31_13-34-51/TorchTrainerMultiObjective_2024-12-31_13-34-46/driver_artifacts`
Suggested config: {'layer_1_size': 32, 'layer_2_size': 64, 'layer_3_size': 64, 'dropout': 0.2835227131843567, 'batch_size': 64, 'learning_rate': 0.05982995129823685}

Trial status: 1 PENDING
Current time: 2024-12-31 13:34:51. Total running time: 0s
Logical resource usage: 0/64 CPUs, 0/5 GPUs (0.0/1.0 accelerator_type:L4)
╭────────────────────────────────────────────────╮
│ Trial name                            status   │
├────────────────────────────────────────────────┤
│ TorchTrainerMultiObjective_9f86c7a7   PENDING  │
╰────────────────────────────────────────────────╯

Trial TorchTrainerMultiObjective_9f86c7a7 started with configuration:
╭──────────────────────────────────────────────────────────────╮
│ Trial TorchTrainerMultiObjective_9f86c7a7 config             │
├──────────────────────────────────────────────────────────────┤
│ batch_size                                                64 │
│ dropout                                              0.28352 │
│ layer_1_size                                              32 │
│ layer_2_size                                              64 │
│ layer_3_size                                              64 │
│ learning_rate                                        0.05983 │
╰──────────────────────────────────────────────────────────────╯
Suggested config: {'layer_1_size': 16, 'layer_2_size': 32, 'layer_3_size': 128, 'dropout': 0.1799815958365798, 'batch_size': 128, 'learning_rate': 0.03143014834970236}
[36m(TorchTrainerMultiObjective pid=830280)[0m train_loop_config:  {'layer_1_size': 32, 'layer_2_size': 64, 'layer_3_size': 64, 'dropout': 0.2835227131843567, 'batch_size': 64, 'learning_rate': 0.05982995129823685}
[36m(RayTrainWorker pid=830642)[0m printing config, {'layer_1_size': 32, 'layer_2_size': 64, 'layer_3_size': 64, 'dropout': 0.2835227131843567, 'batch_size': 64, 'learning_rate': 0.05982995129823685}
[36m(RayTrainWorker pid=830642)[0m Model parameters: 32042
[36m(RayTrainWorker pid=830642)[0m Using accelerator: gpu
[36m(RayTrainWorker pid=830642)[0m Using cached MNIST dataset...
Time taken for on_result: 6.67572021484375e-06
Time taken for on_result: 2.6226043701171875e-06

Trial status: 1 RUNNING | 1 PENDING
Current time: 2024-12-31 13:35:21. Total running time: 30s
Logical resource usage: 4.0/64 CPUs, 3.0/5 GPUs (0.0/1.0 accelerator_type:L4)
╭────────────────────────────────────────────────────────────────────────────────────────────────────────────────────────────────────────────────────────────╮
│ Trial name                            status       iter     total time (s)     ptl/train_loss     ptl/train_accuracy     ptl/val_loss     ptl/val_accuracy │
├────────────────────────────────────────────────────────────────────────────────────────────────────────────────────────────────────────────────────────────┤
│ TorchTrainerMultiObjective_9f86c7a7   RUNNING         2            21.0839             2.0502                    0.3          1.88619             0.259324 │
│ TorchTrainerMultiObjective_cc7d67d4   PENDING                                                                                                              │
╰────────────────────────────────────────────────────────────────────────────────────────────────────────────────────────────────────────────────────────────╯
Time taken for on_result: 3.814697265625e-06
Time taken for on_result: 5.245208740234375e-06
Time taken for on_result: 2.1457672119140625e-06
Time taken for on_result: 2.86102294921875e-06
Time taken for on_result: 2.86102294921875e-06
Time taken for on_result: 2.6226043701171875e-06
Time taken for on_result: 3.337860107421875e-06
Result: {'ptl/train_loss': 2.4297239780426025, 'ptl/train_accuracy': 0.2666666805744171, 'ptl/val_loss': 2.0969793796539307, 'ptl/val_accuracy': 0.19000773131847382, 'ptl/model_params': 32042.0, 'epoch': 7, 'step': 2296, 'timestamp': 1735652144, 'checkpoint_dir_name': 'checkpoint_000007', 'should_checkpoint': True, 'done': True, 'training_iteration': 8, 'trial_id': '9f86c7a7', 'date': '2024-12-31_13-35-44', 'time_this_iter_s': 4.058582067489624, 'time_total_s': 46.065733432769775, 'pid': 830280, 'hostname': 'gxp-l4-0', 'node_ip': '128.232.119.192', 'time_since_restore': 46.065733432769775, 'iterations_since_restore': 8, 'experiment_tag': '1_batch_size=64,dropout=0.2835,layer_1_size=32,layer_2_size=64,layer_3_size=64,learning_rate=0.0598', 'config/layer_1_size': 32, 'config/layer_2_size': 64, 'config/layer_3_size': 64, 'config/dropout': 0.2835227131843567, 'config/batch_size': 64, 'config/learning_rate': 0.05982995129823685}
Metrics to include: ['ptl/val_accuracy', 'ptl/model_params']
Metric dict after trial: {'ptl/val_accuracy': (0.19000773131847382, None), 'ptl/model_params': (32042.0, None)}

Trial TorchTrainerMultiObjective_9f86c7a7 completed after 8 iterations at 2024-12-31 13:35:46. Total running time: 55s
╭────────────────────────────────────────────────────────────────────────╮
│ Trial TorchTrainerMultiObjective_9f86c7a7 result                       │
├────────────────────────────────────────────────────────────────────────┤
│ checkpoint_dir_name                                  checkpoint_000007 │
│ time_this_iter_s                                               4.05858 │
│ time_total_s                                                  46.06573 │
│ training_iteration                                                   8 │
│ epoch                                                                7 │
│ ptl/model_params                                                32042. │
│ ptl/train_accuracy                                             0.26667 │
│ ptl/train_loss                                                 2.42972 │
│ ptl/val_accuracy                                               0.19001 │
│ ptl/val_loss                                                   2.09698 │
│ step                                                              2296 │
╰────────────────────────────────────────────────────────────────────────╯

Trial status: 1 TERMINATED | 1 PENDING
Current time: 2024-12-31 13:35:51. Total running time: 1min 0s
Logical resource usage: 4.0/64 CPUs, 3.0/5 GPUs (0.0/1.0 accelerator_type:L4)
╭──────────────────────────────────────────────────────────────────────────────────────────────────────────────────────────────────────────────────────────────╮
│ Trial name                            status         iter     total time (s)     ptl/train_loss     ptl/train_accuracy     ptl/val_loss     ptl/val_accuracy │
├──────────────────────────────────────────────────────────────────────────────────────────────────────────────────────────────────────────────────────────────┤
│ TorchTrainerMultiObjective_9f86c7a7   TERMINATED        8            46.0657            2.42972               0.266667          2.09698             0.190008 │
│ TorchTrainerMultiObjective_cc7d67d4   PENDING                                                                                                                │
╰──────────────────────────────────────────────────────────────────────────────────────────────────────────────────────────────────────────────────────────────╯

Trial TorchTrainerMultiObjective_cc7d67d4 started with configuration:
╭──────────────────────────────────────────────────────────────╮
│ Trial TorchTrainerMultiObjective_cc7d67d4 config             │
├──────────────────────────────────────────────────────────────┤
│ batch_size                                               128 │
│ dropout                                              0.17998 │
│ layer_1_size                                              16 │
│ layer_2_size                                              32 │
│ layer_3_size                                             128 │
│ learning_rate                                        0.03143 │
╰──────────────────────────────────────────────────────────────╯
Suggested config: {'layer_1_size': 16, 'layer_2_size': 64, 'layer_3_size': 64, 'dropout': 0.2433578224852681, 'batch_size': 128, 'learning_rate': 0.011100297216232865}
[36m(TorchTrainerMultiObjective pid=846122)[0m train_loop_config:  {'layer_1_size': 16, 'layer_2_size': 32, 'layer_3_size': 128, 'dropout': 0.1799815958365798, 'batch_size': 128, 'learning_rate': 0.03143014834970236}
[36m(RayTrainWorker pid=830641)[0m printing config, {'layer_1_size': 32, 'layer_2_size': 64, 'layer_3_size': 64, 'dropout': 0.2835227131843567, 'batch_size': 64, 'learning_rate': 0.05982995129823685}[32m [repeated 2x across cluster][0m
[36m(RayTrainWorker pid=830641)[0m Model parameters: 32042[32m [repeated 2x across cluster][0m
[36m(RayTrainWorker pid=830641)[0m Using accelerator: gpu[32m [repeated 2x across cluster][0m
[36m(RayTrainWorker pid=830641)[0m Using cached MNIST dataset...[32m [repeated 2x across cluster][0m
[36m(RayTrainWorker pid=846341)[0m printing config, {'layer_1_size': 16, 'layer_2_size': 32, 'layer_3_size': 128, 'dropout': 0.1799815958365798, 'batch_size': 128, 'learning_rate': 0.03143014834970236}
[36m(RayTrainWorker pid=846341)[0m Model parameters: 18618
[36m(RayTrainWorker pid=846341)[0m Using accelerator: gpu
[36m(RayTrainWorker pid=846343)[0m printing config, {'layer_1_size': 16, 'layer_2_size': 32, 'layer_3_size': 128, 'dropout': 0.1799815958365798, 'batch_size': 128, 'learning_rate': 0.03143014834970236}
[36m(RayTrainWorker pid=846343)[0m Model parameters: 18618
[36m(RayTrainWorker pid=846343)[0m Using accelerator: gpu
[36m(RayTrainWorker pid=846342)[0m Using cached MNIST dataset...
Fronts: [[0]]
Fronts: [[1]]

[36m(RayTrainWorker pid=846342)[0m printing config, {'layer_1_size': 16, 'layer_2_size': 32, 'layer_3_size': 128, 'dropout': 0.1799815958365798, 'batch_size': 128, 'learning_rate': 0.03143014834970236}
[36m(RayTrainWorker pid=846342)[0m Model parameters: 18618
[36m(RayTrainWorker pid=846342)[0m Using accelerator: gpu
[36m(RayTrainWorker pid=846341)[0m Using cached MNIST dataset...[32m [repeated 2x across cluster][0m
