Is CUDA available: True
Number of GPUs: 5
Running optimisation with args: Namespace(num_samples=25, max_num_epochs=8, num_gpus=None, objective_1='ptl/val_accuracy', objective_1_type='max', objective_1_threshold=0.9, objective_2='ptl/model_params', objective_2_type='min', objective_2_threshold=100000.0, objective_3=None, objective_3_type=None, objective_3_threshold=None, max_concurrent=10, use_scheduler=True, scheduler_strategy='nsga_ii', scheduler_max_t=4, scheduler_grace_period=1, scheduler_reduction_factor=3, accelerator='gpu', use_scaling_config=True, data_path='/home/sn666/large-scale-data-processing/miniproject/data', remark='8e/moasha-nsga/maxt4red3/maxaccminparam')
Using 2 Objectives: {'ptl/val_accuracy': ObjectiveProperties(minimize=False, threshold=0.9), 'ptl/model_params': ObjectiveProperties(minimize=True, threshold=100000.0)}
Modes: ['max', 'min']
Metrics: ['ptl/val_accuracy', 'ptl/model_params']
Limiting concurrent trials to 10
Run config: RunConfig(storage_path='/home/sn666/ray_results', checkpoint_config=CheckpointConfig(num_to_keep=2, checkpoint_score_attribute='ptl/val_accuracy'), verbose=1)
Rungs: [{'level': 1, 'recorded': {}}, {'level': 3, 'recorded': {}}]
Using MO-ASHA scheduler: <lib.mobo_asha.MultiObjectiveAsyncHyperBandScheduler object at 0x79678dff01d0>
Tune config: TuneConfig(mode=None, metric=None, search_alg=<ray.tune.search.concurrency_limiter.ConcurrencyLimiter object at 0x79678cf4ffd0>, scheduler=<lib.mobo_asha.MultiObjectiveAsyncHyperBandScheduler object at 0x79678dff01d0>, num_samples=25, max_concurrent_trials=None, time_budget_s=None, reuse_actors=False, trial_name_creator=None, trial_dirname_creator=None, chdir_to_trial_dir='DEPRECATED')
Scaling config: ScalingConfig(num_workers=3, use_gpu=True, resources_per_worker={'CPU': 1, 'GPU': 1})
train_loop_config:  None
╭───────────────────────────────────────────────────────────────────────────────────╮
│ Configuration for experiment     TorchTrainerMultiObjective_2025-01-02_02-18-15   │
├───────────────────────────────────────────────────────────────────────────────────┤
│ Search algorithm                 SearchGenerator                                  │
│ Scheduler                        MultiObjectiveAsyncHyperBandScheduler            │
│ Number of trials                 25                                               │
╰───────────────────────────────────────────────────────────────────────────────────╯

View detailed results here: /home/sn666/ray_results/TorchTrainerMultiObjective_2025-01-02_02-18-15
To visualize your results with TensorBoard, run: `tensorboard --logdir /tmp/ray/session_2025-01-02_02-18-15_800406_3494105/artifacts/2025-01-02_02-18-19/TorchTrainerMultiObjective_2025-01-02_02-18-15/driver_artifacts`
Suggested config: {'layer_1_size': 32, 'layer_2_size': 64, 'layer_3_size': 128, 'dropout': 0.13804977238178254, 'batch_size': 64, 'learning_rate': 0.05358920832276345}

Trial status: 1 PENDING
Current time: 2025-01-02 02:18:19. Total running time: 0s
Logical resource usage: 0/64 CPUs, 0/5 GPUs (0.0/1.0 accelerator_type:L4)
╭────────────────────────────────────────────────╮
│ Trial name                            status   │
├────────────────────────────────────────────────┤
│ TorchTrainerMultiObjective_32ba4586   PENDING  │
╰────────────────────────────────────────────────╯

Trial TorchTrainerMultiObjective_32ba4586 started with configuration:
╭──────────────────────────────────────────────────────────────╮
│ Trial TorchTrainerMultiObjective_32ba4586 config             │
├──────────────────────────────────────────────────────────────┤
│ batch_size                                                64 │
│ dropout                                              0.13805 │
│ layer_1_size                                              32 │
│ layer_2_size                                              64 │
│ layer_3_size                                             128 │
│ learning_rate                                        0.05359 │
╰──────────────────────────────────────────────────────────────╯
Suggested config: {'layer_1_size': 16, 'layer_2_size': 32, 'layer_3_size': 64, 'dropout': 0.2851371111348271, 'batch_size': 128, 'learning_rate': 0.019062402357161046}
[36m(TorchTrainerMultiObjective pid=3498185)[0m train_loop_config:  {'layer_1_size': 32, 'layer_2_size': 64, 'layer_3_size': 128, 'dropout': 0.13804977238178254, 'batch_size': 64, 'learning_rate': 0.05358920832276345}
[36m(RayTrainWorker pid=3498420)[0m printing config, {'layer_1_size': 32, 'layer_2_size': 64, 'layer_3_size': 128, 'dropout': 0.13804977238178254, 'batch_size': 64, 'learning_rate': 0.05358920832276345}
[36m(RayTrainWorker pid=3498420)[0m Model parameters: 36842
[36m(RayTrainWorker pid=3498420)[0m Using accelerator: gpu
[36m(RayTrainWorker pid=3498421)[0m Using cached MNIST dataset...
Time taken for on_result: 4.76837158203125e-06
Time taken for on_result: 4.5299530029296875e-06
Time taken for on_result: 3.814697265625e-06
Time taken for on_result: 6.9141387939453125e-06
Time taken for on_result: 3.337860107421875e-06
Time taken for on_result: 2.6226043701171875e-06
Time taken for on_result: 2.86102294921875e-06

Trial status: 1 RUNNING | 1 PENDING
Current time: 2025-01-02 02:18:50. Total running time: 30s
Logical resource usage: 4.0/64 CPUs, 3.0/5 GPUs (0.0/1.0 accelerator_type:L4)
╭────────────────────────────────────────────────────────────────────────────────────────────────────────────────────────────────────────────────────────────╮
│ Trial name                            status       iter     total time (s)     ptl/train_loss     ptl/train_accuracy     ptl/val_loss     ptl/val_accuracy │
├────────────────────────────────────────────────────────────────────────────────────────────────────────────────────────────────────────────────────────────┤
│ TorchTrainerMultiObjective_32ba4586   RUNNING         7            23.2475            2.12893                    0.1          1.95597             0.197659 │
│ TorchTrainerMultiObjective_92c0ddc7   PENDING                                                                                                              │
╰────────────────────────────────────────────────────────────────────────────────────────────────────────────────────────────────────────────────────────────╯
Time taken for on_result: 3.0994415283203125e-06
Time taken for on_result: 3.0994415283203125e-06
Result: {'ptl/train_loss': 2.0773684978485107, 'ptl/train_accuracy': 0.3333333432674408, 'ptl/val_loss': 1.9663991928100586, 'ptl/val_accuracy': 0.19103653728961945, 'ptl/model_params': 36842.0, 'epoch': 7, 'step': 2296, 'timestamp': 1735784330, 'checkpoint_dir_name': 'checkpoint_000007', 'should_checkpoint': True, 'done': True, 'training_iteration': 8, 'trial_id': '32ba4586', 'date': '2025-01-02_02-18-50', 'time_this_iter_s': 2.252992868423462, 'time_total_s': 25.500495195388794, 'pid': 3498185, 'hostname': 'gxp-l4-0', 'node_ip': '128.232.119.192', 'time_since_restore': 25.500495195388794, 'iterations_since_restore': 8, 'experiment_tag': '1_batch_size=64,dropout=0.1380,layer_1_size=32,layer_2_size=64,layer_3_size=128,learning_rate=0.0536', 'config/layer_1_size': 32, 'config/layer_2_size': 64, 'config/layer_3_size': 128, 'config/dropout': 0.13804977238178254, 'config/batch_size': 64, 'config/learning_rate': 0.05358920832276345}
Metrics to include: ['ptl/val_accuracy', 'ptl/model_params']
Metric dict after trial: {'ptl/val_accuracy': (0.19103653728961945, None), 'ptl/model_params': (36842.0, None)}

Trial TorchTrainerMultiObjective_32ba4586 completed after 8 iterations at 2025-01-02 02:18:52. Total running time: 32s
╭────────────────────────────────────────────────────────────────────────╮
│ Trial TorchTrainerMultiObjective_32ba4586 result                       │
├────────────────────────────────────────────────────────────────────────┤
│ checkpoint_dir_name                                  checkpoint_000007 │
│ time_this_iter_s                                               2.25299 │
│ time_total_s                                                   25.5005 │
│ training_iteration                                                   8 │
│ epoch                                                                7 │
│ ptl/model_params                                                36842. │
│ ptl/train_accuracy                                             0.33333 │
│ ptl/train_loss                                                 2.07737 │
│ ptl/val_accuracy                                               0.19104 │
│ ptl/val_loss                                                    1.9664 │
│ step                                                              2296 │
╰────────────────────────────────────────────────────────────────────────╯

Trial TorchTrainerMultiObjective_92c0ddc7 started with configuration:
╭──────────────────────────────────────────────────────────────╮
│ Trial TorchTrainerMultiObjective_92c0ddc7 config             │
├──────────────────────────────────────────────────────────────┤
│ batch_size                                               128 │
│ dropout                                              0.28514 │
│ layer_1_size                                              16 │
│ layer_2_size                                              32 │
│ layer_3_size                                              64 │
│ learning_rate                                        0.01906 │
╰──────────────────────────────────────────────────────────────╯
Suggested config: {'layer_1_size': 16, 'layer_2_size': 64, 'layer_3_size': 128, 'dropout': 0.19640719555318353, 'batch_size': 128, 'learning_rate': 0.04519356160610915}
[36m(TorchTrainerMultiObjective pid=3512270)[0m train_loop_config:  {'layer_1_size': 16, 'layer_2_size': 32, 'layer_3_size': 64, 'dropout': 0.2851371111348271, 'batch_size': 128, 'learning_rate': 0.019062402357161046}
[36m(RayTrainWorker pid=3498422)[0m printing config, {'layer_1_size': 32, 'layer_2_size': 64, 'layer_3_size': 128, 'dropout': 0.13804977238178254, 'batch_size': 64, 'learning_rate': 0.05358920832276345}[32m [repeated 2x across cluster][0m
[36m(RayTrainWorker pid=3498422)[0m Model parameters: 36842[32m [repeated 2x across cluster][0m
[36m(RayTrainWorker pid=3498422)[0m Using accelerator: gpu[32m [repeated 2x across cluster][0m
[36m(RayTrainWorker pid=3498420)[0m Using cached MNIST dataset...[32m [repeated 2x across cluster][0m
[36m(RayTrainWorker pid=3512365)[0m printing config, {'layer_1_size': 16, 'layer_2_size': 32, 'layer_3_size': 64, 'dropout': 0.2851371111348271, 'batch_size': 128, 'learning_rate': 0.019062402357161046}
[36m(RayTrainWorker pid=3512365)[0m Model parameters: 15866
[36m(RayTrainWorker pid=3512365)[0m Using accelerator: gpu
[36m(RayTrainWorker pid=3512364)[0m printing config, {'layer_1_size': 16, 'layer_2_size': 32, 'layer_3_size': 64, 'dropout': 0.2851371111348271, 'batch_size': 128, 'learning_rate': 0.019062402357161046}
[36m(RayTrainWorker pid=3512364)[0m Using cached MNIST dataset...
Non-dominated points (outer function): [[ 2.4594909e-01 -3.6842000e+04]]
Fronts: [[0]]
All fronts: [[0]]
Crowding distance: [inf]
Front: [0]
New metrics: [ 7.69159317e-01 -1.58660010e+04]
Candidates: [[ 2.45949090e-01 -3.68420000e+04]
 [ 7.69159317e-01 -1.58660010e+04]]
Fronts: [[1]]
All fronts: [[1], [0]]
Crowding distance: [inf]
Front: [1]

[36m(RayTrainWorker pid=3512366)[0m Model parameters: 15866[32m [repeated 2x across cluster][0m
[36m(RayTrainWorker pid=3512366)[0m Using accelerator: gpu[32m [repeated 2x across cluster][0m
[36m(RayTrainWorker pid=3512366)[0m printing config, {'layer_1_size': 16, 'layer_2_size': 32, 'layer_3_size': 64, 'dropout': 0.2851371111348271, 'batch_size': 128, 'learning_rate': 0.019062402357161046}
[36m(RayTrainWorker pid=3512365)[0m Using cached MNIST dataset...[32m [repeated 2x across cluster][0m
