Is CUDA available: True
Number of GPUs: 5
Running optimisation with args: Namespace(num_samples=25, max_num_epochs=8, num_gpus=None, objective_1='ptl/val_accuracy', objective_1_type='max', objective_1_threshold=0.9, objective_2='ptl/model_params', objective_2_type='min', objective_2_threshold=100000.0, objective_3=None, objective_3_type=None, objective_3_threshold=None, max_concurrent=10, use_scheduler=True, scheduler_strategy='nsga_ii', scheduler_max_t=4, scheduler_grace_period=1, scheduler_reduction_factor=3, accelerator='gpu', use_scaling_config=True, data_path='/home/sn666/large-scale-data-processing/miniproject/data', remark='8e/moasha-nsga/maxt4red3/maxaccminparam')
Using 2 Objectives: {'ptl/val_accuracy': ObjectiveProperties(minimize=False, threshold=0.9), 'ptl/model_params': ObjectiveProperties(minimize=True, threshold=100000.0)}
Modes: ['max', 'min']
Metrics: ['ptl/val_accuracy', 'ptl/model_params']
Limiting concurrent trials to 10
Run config: RunConfig(storage_path='/home/sn666/ray_results', checkpoint_config=CheckpointConfig(num_to_keep=2, checkpoint_score_attribute='ptl/val_accuracy'), verbose=1)
Rungs: [{'level': 1, 'recorded': {}}, {'level': 3, 'recorded': {}}]
Using MO-ASHA scheduler: <lib.mobo_asha.MultiObjectiveAsyncHyperBandScheduler object at 0x7b2d3999a610>
Tune config: TuneConfig(mode=None, metric=None, search_alg=<ray.tune.search.concurrency_limiter.ConcurrencyLimiter object at 0x7b2d3983ac90>, scheduler=<lib.mobo_asha.MultiObjectiveAsyncHyperBandScheduler object at 0x7b2d3999a610>, num_samples=25, max_concurrent_trials=None, time_budget_s=None, reuse_actors=False, trial_name_creator=None, trial_dirname_creator=None, chdir_to_trial_dir='DEPRECATED')
Scaling config: ScalingConfig(num_workers=3, use_gpu=True, resources_per_worker={'CPU': 1, 'GPU': 1})
train_loop_config:  None
╭───────────────────────────────────────────────────────────────────────────────────╮
│ Configuration for experiment     TorchTrainerMultiObjective_2025-01-02_02-47-11   │
├───────────────────────────────────────────────────────────────────────────────────┤
│ Search algorithm                 SearchGenerator                                  │
│ Scheduler                        MultiObjectiveAsyncHyperBandScheduler            │
│ Number of trials                 25                                               │
╰───────────────────────────────────────────────────────────────────────────────────╯

View detailed results here: /home/sn666/ray_results/TorchTrainerMultiObjective_2025-01-02_02-47-11
To visualize your results with TensorBoard, run: `tensorboard --logdir /tmp/ray/session_2025-01-02_02-47-11_556226_3638512/artifacts/2025-01-02_02-47-15/TorchTrainerMultiObjective_2025-01-02_02-47-11/driver_artifacts`
Suggested config: {'layer_1_size': 32, 'layer_2_size': 32, 'layer_3_size': 128, 'dropout': 0.18700199723243713, 'batch_size': 128, 'learning_rate': 0.023465552644431592}

Trial status: 1 PENDING
Current time: 2025-01-02 02:47:15. Total running time: 0s
Logical resource usage: 4.0/64 CPUs, 3.0/5 GPUs (0.0/1.0 accelerator_type:L4)
╭────────────────────────────────────────────────╮
│ Trial name                            status   │
├────────────────────────────────────────────────┤
│ TorchTrainerMultiObjective_47572825   PENDING  │
╰────────────────────────────────────────────────╯

Trial TorchTrainerMultiObjective_47572825 started with configuration:
╭──────────────────────────────────────────────────────────────╮
│ Trial TorchTrainerMultiObjective_47572825 config             │
├──────────────────────────────────────────────────────────────┤
│ batch_size                                               128 │
│ dropout                                                0.187 │
│ layer_1_size                                              32 │
│ layer_2_size                                              32 │
│ layer_3_size                                             128 │
│ learning_rate                                        0.02347 │
╰──────────────────────────────────────────────────────────────╯
Suggested config: {'layer_1_size': 16, 'layer_2_size': 64, 'layer_3_size': 64, 'dropout': 0.2832526227459311, 'batch_size': 64, 'learning_rate': 0.08043533631237225}
[36m(TorchTrainerMultiObjective pid=3642602)[0m train_loop_config:  {'layer_1_size': 32, 'layer_2_size': 32, 'layer_3_size': 128, 'dropout': 0.18700199723243713, 'batch_size': 128, 'learning_rate': 0.023465552644431592}
[36m(RayTrainWorker pid=3642849)[0m printing config, {'layer_1_size': 32, 'layer_2_size': 32, 'layer_3_size': 128, 'dropout': 0.18700199723243713, 'batch_size': 128, 'learning_rate': 0.023465552644431592}
[36m(RayTrainWorker pid=3642849)[0m Model parameters: 31690
[36m(RayTrainWorker pid=3642849)[0m Using accelerator: gpu
[36m(RayTrainWorker pid=3642850)[0m Using cached MNIST dataset...
Re-ordered existing solutions: None
Time taken for on_result: 1.5020370483398438e-05
Time taken for on_result: 3.814697265625e-06
Re-ordered existing solutions: None
Time taken for on_result: 1.430511474609375e-05
Time taken for on_result: 5.245208740234375e-06
Time taken for on_result: 3.337860107421875e-06
Time taken for on_result: 2.384185791015625e-06
Time taken for on_result: 3.0994415283203125e-06
Time taken for on_result: 2.384185791015625e-06
Time taken for on_result: 2.6226043701171875e-06
Result: {'ptl/train_loss': 0.5649219155311584, 'ptl/train_accuracy': 0.800000011920929, 'ptl/val_loss': 0.4120515286922455, 'ptl/val_accuracy': 0.8692336678504944, 'ptl/model_params': 31690.001953125, 'epoch': 7, 'step': 1152, 'timestamp': 1735786061, 'checkpoint_dir_name': 'checkpoint_000007', 'should_checkpoint': True, 'done': True, 'training_iteration': 8, 'trial_id': '47572825', 'date': '2025-01-02_02-47-41', 'time_this_iter_s': 1.7019808292388916, 'time_total_s': 20.523926496505737, 'pid': 3642602, 'hostname': 'gxp-l4-0', 'node_ip': '128.232.119.192', 'time_since_restore': 20.523926496505737, 'iterations_since_restore': 8, 'experiment_tag': '1_batch_size=128,dropout=0.1870,layer_1_size=32,layer_2_size=32,layer_3_size=128,learning_rate=0.0235', 'config/layer_1_size': 32, 'config/layer_2_size': 32, 'config/layer_3_size': 128, 'config/dropout': 0.18700199723243713, 'config/batch_size': 128, 'config/learning_rate': 0.023465552644431592}
Metrics to include: ['ptl/val_accuracy', 'ptl/model_params']
Metric dict after trial: {'ptl/val_accuracy': (0.8692336678504944, None), 'ptl/model_params': (31690.001953125, None)}

Trial TorchTrainerMultiObjective_47572825 completed after 8 iterations at 2025-01-02 02:47:43. Total running time: 28s
╭────────────────────────────────────────────────────────────────────────╮
│ Trial TorchTrainerMultiObjective_47572825 result                       │
├────────────────────────────────────────────────────────────────────────┤
│ checkpoint_dir_name                                  checkpoint_000007 │
│ time_this_iter_s                                               1.70198 │
│ time_total_s                                                  20.52393 │
│ training_iteration                                                   8 │
│ epoch                                                                7 │
│ ptl/model_params                                           31690.00195 │
│ ptl/train_accuracy                                                 0.8 │
│ ptl/train_loss                                                 0.56492 │
│ ptl/val_accuracy                                               0.86923 │
│ ptl/val_loss                                                   0.41205 │
│ step                                                              1152 │
╰────────────────────────────────────────────────────────────────────────╯

Trial status: 1 TERMINATED | 1 PENDING
Current time: 2025-01-02 02:47:45. Total running time: 30s
Logical resource usage: 4.0/64 CPUs, 3.0/5 GPUs (0.0/1.0 accelerator_type:L4)
╭──────────────────────────────────────────────────────────────────────────────────────────────────────────────────────────────────────────────────────────────╮
│ Trial name                            status         iter     total time (s)     ptl/train_loss     ptl/train_accuracy     ptl/val_loss     ptl/val_accuracy │
├──────────────────────────────────────────────────────────────────────────────────────────────────────────────────────────────────────────────────────────────┤
│ TorchTrainerMultiObjective_47572825   TERMINATED        8            20.5239           0.564922                    0.8         0.412052             0.869234 │
│ TorchTrainerMultiObjective_d644d34e   PENDING                                                                                                                │
╰──────────────────────────────────────────────────────────────────────────────────────────────────────────────────────────────────────────────────────────────╯

Trial TorchTrainerMultiObjective_d644d34e started with configuration:
╭──────────────────────────────────────────────────────────────╮
│ Trial TorchTrainerMultiObjective_d644d34e config             │
├──────────────────────────────────────────────────────────────┤
│ batch_size                                                64 │
│ dropout                                              0.28325 │
│ layer_1_size                                              16 │
│ layer_2_size                                              64 │
│ layer_3_size                                              64 │
│ learning_rate                                        0.08044 │
╰──────────────────────────────────────────────────────────────╯
Suggested config: {'layer_1_size': 16, 'layer_2_size': 32, 'layer_3_size': 128, 'dropout': 0.14478176441043616, 'batch_size': 64, 'learning_rate': 0.05749457147149369}
[36m(TorchTrainerMultiObjective pid=3656666)[0m train_loop_config:  {'layer_1_size': 16, 'layer_2_size': 64, 'layer_3_size': 64, 'dropout': 0.2832526227459311, 'batch_size': 64, 'learning_rate': 0.08043533631237225}
[36m(RayTrainWorker pid=3642850)[0m printing config, {'layer_1_size': 32, 'layer_2_size': 32, 'layer_3_size': 128, 'dropout': 0.18700199723243713, 'batch_size': 128, 'learning_rate': 0.023465552644431592}[32m [repeated 2x across cluster][0m
[36m(RayTrainWorker pid=3642850)[0m Model parameters: 31690[32m [repeated 2x across cluster][0m
[36m(RayTrainWorker pid=3642850)[0m Using accelerator: gpu[32m [repeated 2x across cluster][0m
[36m(RayTrainWorker pid=3642849)[0m Using cached MNIST dataset...[32m [repeated 2x across cluster][0m
[36m(RayTrainWorker pid=3656770)[0m printing config, {'layer_1_size': 16, 'layer_2_size': 64, 'layer_3_size': 64, 'dropout': 0.2832526227459311, 'batch_size': 64, 'learning_rate': 0.08043533631237225}
[36m(RayTrainWorker pid=3656770)[0m Model parameters: 18458
[36m(RayTrainWorker pid=3656770)[0m Using accelerator: gpu
[36m(RayTrainWorker pid=3656771)[0m printing config, {'layer_1_size': 16, 'layer_2_size': 64, 'layer_3_size': 64, 'dropout': 0.2832526227459311, 'batch_size': 64, 'learning_rate': 0.08043533631237225}
[36m(RayTrainWorker pid=3656771)[0m Model parameters: 18458
[36m(RayTrainWorker pid=3656771)[0m Using accelerator: gpu
[36m(RayTrainWorker pid=3656770)[0m Using cached MNIST dataset...
Recorded points (outer points): [[ 8.5596478e-01 -3.1690002e+04]]
Non-dominated points (outer function): [[ 8.5596478e-01 -3.1690002e+04]]
Fronts: [[0]]
All fronts: [[0]]
Crowding distance: [inf]
Front: [0]
Didn't sort front: [0]
Re-ordered existing solutions: [[ 8.5596478e-01 -3.1690002e+04]]
New metrics: [ 9.3750e-02 -1.8458e+04]
Candidates before adding metrics: [[ 8.5596478e-01 -3.1690002e+04]]
Candidates after adding metrics: [[ 8.5596478e-01 -3.1690002e+04]
 [ 9.3750000e-02 -1.8458000e+04]]
Fronts: [[0, 1]]
All fronts: [[0, 1]]
Crowding distance: [inf inf]
Front: [0, 1]
Sorted front: [0, 1]
Not enough to promote: [ 9.3750e-02 -1.8458e+04] not in top 1
[Rung=1] Trial d644d34e is dominated. -> STOP
Time taken for on_result: 0.0015425682067871094
Time taken for on_result: 2.384185791015625e-06
Result: {'ptl/train_loss': 2.313065528869629, 'ptl/train_accuracy': 0.06666667014360428, 'ptl/val_loss': 2.303520679473877, 'ptl/val_accuracy': 0.09375, 'ptl/model_params': 18458.0, 'epoch': 0, 'step': 287, 'timestamp': 1735786079, 'checkpoint_dir_name': 'checkpoint_000000', 'should_checkpoint': True, 'done': True, 'training_iteration': 1, 'trial_id': 'd644d34e', 'date': '2025-01-02_02-47-59', 'time_this_iter_s': 9.790452718734741, 'time_total_s': 9.790452718734741, 'pid': 3656666, 'hostname': 'gxp-l4-0', 'node_ip': '128.232.119.192', 'time_since_restore': 9.790452718734741, 'iterations_since_restore': 1, 'experiment_tag': '2_batch_size=64,dropout=0.2833,layer_1_size=16,layer_2_size=64,layer_3_size=64,learning_rate=0.0804', 'config/layer_1_size': 16, 'config/layer_2_size': 64, 'config/layer_3_size': 64, 'config/dropout': 0.2832526227459311, 'config/batch_size': 64, 'config/learning_rate': 0.08043533631237225}
Metrics to include: ['ptl/val_accuracy', 'ptl/model_params']
Metric dict after trial: {'ptl/val_accuracy': (0.09375, None), 'ptl/model_params': (18458.0, None)}

Trial TorchTrainerMultiObjective_d644d34e completed after 1 iterations at 2025-01-02 02:47:59. Total running time: 43s
╭────────────────────────────────────────────────────────────────────────╮
│ Trial TorchTrainerMultiObjective_d644d34e result                       │
├────────────────────────────────────────────────────────────────────────┤
│ checkpoint_dir_name                                  checkpoint_000000 │
│ time_this_iter_s                                               9.79045 │
│ time_total_s                                                   9.79045 │
│ training_iteration                                                   1 │
│ epoch                                                                0 │
│ ptl/model_params                                                18458. │
│ ptl/train_accuracy                                             0.06667 │
│ ptl/train_loss                                                 2.31307 │
│ ptl/val_accuracy                                               0.09375 │
│ ptl/val_loss                                                   2.30352 │
│ step                                                               287 │
╰────────────────────────────────────────────────────────────────────────╯

Trial TorchTrainerMultiObjective_a7608641 started with configuration:
╭──────────────────────────────────────────────────────────────╮
│ Trial TorchTrainerMultiObjective_a7608641 config             │
├──────────────────────────────────────────────────────────────┤
│ batch_size                                                64 │
│ dropout                                              0.14478 │
│ layer_1_size                                              16 │
│ layer_2_size                                              32 │
│ layer_3_size                                             128 │
│ learning_rate                                        0.05749 │
╰──────────────────────────────────────────────────────────────╯
Suggested config: {'layer_1_size': 32, 'layer_2_size': 64, 'layer_3_size': 64, 'dropout': 0.2473602147772908, 'batch_size': 128, 'learning_rate': 0.039584811823070054}
[36m(TorchTrainerMultiObjective pid=3660022)[0m train_loop_config:  {'layer_1_size': 16, 'layer_2_size': 32, 'layer_3_size': 128, 'dropout': 0.14478176441043616, 'batch_size': 64, 'learning_rate': 0.05749457147149369}
[36m(RayTrainWorker pid=3656769)[0m printing config, {'layer_1_size': 16, 'layer_2_size': 64, 'layer_3_size': 64, 'dropout': 0.2832526227459311, 'batch_size': 64, 'learning_rate': 0.08043533631237225}
[36m(RayTrainWorker pid=3656769)[0m Model parameters: 18458
[36m(RayTrainWorker pid=3656769)[0m Using accelerator: gpu
[36m(RayTrainWorker pid=3656769)[0m Using cached MNIST dataset...[32m [repeated 2x across cluster][0m
[36m(RayTrainWorker pid=3660329)[0m printing config, {'layer_1_size': 16, 'layer_2_size': 32, 'layer_3_size': 128, 'dropout': 0.14478176441043616, 'batch_size': 64, 'learning_rate': 0.05749457147149369}
[36m(RayTrainWorker pid=3660329)[0m Model parameters: 18618
[36m(RayTrainWorker pid=3660329)[0m Using accelerator: gpu

Trial status: 2 TERMINATED | 1 RUNNING | 1 PENDING
Current time: 2025-01-02 02:48:15. Total running time: 1min 0s
Logical resource usage: 4.0/64 CPUs, 3.0/5 GPUs (0.0/1.0 accelerator_type:L4)
╭──────────────────────────────────────────────────────────────────────────────────────────────────────────────────────────────────────────────────────────────╮
│ Trial name                            status         iter     total time (s)     ptl/train_loss     ptl/train_accuracy     ptl/val_loss     ptl/val_accuracy │
├──────────────────────────────────────────────────────────────────────────────────────────────────────────────────────────────────────────────────────────────┤
│ TorchTrainerMultiObjective_a7608641   RUNNING                                                                                                                │
│ TorchTrainerMultiObjective_47572825   TERMINATED        8           20.5239            0.564922              0.8               0.412052             0.869234 │
│ TorchTrainerMultiObjective_d644d34e   TERMINATED        1            9.79045           2.31307               0.0666667         2.30352              0.09375  │
│ TorchTrainerMultiObjective_15cbeed3   PENDING                                                                                                                │
╰──────────────────────────────────────────────────────────────────────────────────────────────────────────────────────────────────────────────────────────────╯
[36m(RayTrainWorker pid=3660330)[0m Using cached MNIST dataset...
Recorded points (outer points): [[ 8.5596478e-01 -3.1690002e+04]
 [ 9.3750000e-02 -1.8458000e+04]]
Non-dominated points (outer function): [[ 8.5596478e-01 -3.1690002e+04]
 [ 9.3750000e-02 -1.8458000e+04]]
Fronts: [[0, 1]]
All fronts: [[0, 1]]
Crowding distance: [inf inf]
Front: [0, 1]
Sorted front: [0, 1]
Re-ordered existing solutions: [[ 8.5596478e-01 -3.1690002e+04]
 [ 9.3750000e-02 -1.8458000e+04]]
New metrics: [ 1.10918209e-01 -1.86180000e+04]
Candidates before adding metrics: [[ 8.5596478e-01 -3.1690002e+04]
 [ 9.3750000e-02 -1.8458000e+04]]
Candidates after adding metrics: [[ 8.55964780e-01 -3.16900020e+04]
 [ 9.37500000e-02 -1.84580000e+04]
 [ 1.10918209e-01 -1.86180000e+04]]
Fronts: [[0, 1, 2]]
All fronts: [[0, 1, 2]]
Crowding distance: [inf inf  2.]
Front: [0, 1, 2]
Sorted front: [0, 1, 2]
Not enough to promote: [ 1.10918209e-01 -1.86180000e+04] not in top 1
[Rung=1] Trial a7608641 is dominated. -> STOP
Time taken for on_result: 0.0010411739349365234
Time taken for on_result: 1.9073486328125e-06
Result: {'ptl/train_loss': 2.3356385231018066, 'ptl/train_accuracy': 0.03333333507180214, 'ptl/val_loss': 2.302462339401245, 'ptl/val_accuracy': 0.11091820895671844, 'ptl/model_params': 18618.0, 'epoch': 0, 'step': 287, 'timestamp': 1735786099, 'checkpoint_dir_name': 'checkpoint_000000', 'should_checkpoint': True, 'done': True, 'training_iteration': 1, 'trial_id': 'a7608641', 'date': '2025-01-02_02-48-19', 'time_this_iter_s': 14.937842845916748, 'time_total_s': 14.937842845916748, 'pid': 3660022, 'hostname': 'gxp-l4-0', 'node_ip': '128.232.119.192', 'time_since_restore': 14.937842845916748, 'iterations_since_restore': 1, 'experiment_tag': '3_batch_size=64,dropout=0.1448,layer_1_size=16,layer_2_size=32,layer_3_size=128,learning_rate=0.0575', 'config/layer_1_size': 16, 'config/layer_2_size': 32, 'config/layer_3_size': 128, 'config/dropout': 0.14478176441043616, 'config/batch_size': 64, 'config/learning_rate': 0.05749457147149369}
Metrics to include: ['ptl/val_accuracy', 'ptl/model_params']
Metric dict after trial: {'ptl/val_accuracy': (0.11091820895671844, None), 'ptl/model_params': (18618.0, None)}

Trial TorchTrainerMultiObjective_a7608641 completed after 1 iterations at 2025-01-02 02:48:19. Total running time: 1min 4s
╭────────────────────────────────────────────────────────────────────────╮
│ Trial TorchTrainerMultiObjective_a7608641 result                       │
├────────────────────────────────────────────────────────────────────────┤
│ checkpoint_dir_name                                  checkpoint_000000 │
│ time_this_iter_s                                              14.93784 │
│ time_total_s                                                  14.93784 │
│ training_iteration                                                   1 │
│ epoch                                                                0 │
│ ptl/model_params                                                18618. │
│ ptl/train_accuracy                                             0.03333 │
│ ptl/train_loss                                                 2.33564 │
│ ptl/val_accuracy                                               0.11092 │
│ ptl/val_loss                                                   2.30246 │
│ step                                                               287 │
╰────────────────────────────────────────────────────────────────────────╯

Trial TorchTrainerMultiObjective_15cbeed3 started with configuration:
╭──────────────────────────────────────────────────────────────╮
│ Trial TorchTrainerMultiObjective_15cbeed3 config             │
├──────────────────────────────────────────────────────────────┤
│ batch_size                                               128 │
│ dropout                                              0.24736 │
│ layer_1_size                                              32 │
│ layer_2_size                                              64 │
│ layer_3_size                                              64 │
│ learning_rate                                        0.03958 │
╰──────────────────────────────────────────────────────────────╯
Suggested config: {'layer_1_size': 32, 'layer_2_size': 32, 'layer_3_size': 64, 'dropout': 0.20758389942348004, 'batch_size': 128, 'learning_rate': 0.008319781743176281}
[36m(TorchTrainerMultiObjective pid=3663704)[0m train_loop_config:  {'layer_1_size': 32, 'layer_2_size': 64, 'layer_3_size': 64, 'dropout': 0.2473602147772908, 'batch_size': 128, 'learning_rate': 0.039584811823070054}
[36m(RayTrainWorker pid=3660330)[0m printing config, {'layer_1_size': 16, 'layer_2_size': 32, 'layer_3_size': 128, 'dropout': 0.14478176441043616, 'batch_size': 64, 'learning_rate': 0.05749457147149369}[32m [repeated 2x across cluster][0m
[36m(RayTrainWorker pid=3660330)[0m Model parameters: 18618[32m [repeated 2x across cluster][0m
[36m(RayTrainWorker pid=3660330)[0m Using accelerator: gpu[32m [repeated 2x across cluster][0m
[36m(RayTrainWorker pid=3660329)[0m Using cached MNIST dataset...[32m [repeated 2x across cluster][0m
[36m(RayTrainWorker pid=3663798)[0m printing config, {'layer_1_size': 32, 'layer_2_size': 64, 'layer_3_size': 64, 'dropout': 0.2473602147772908, 'batch_size': 128, 'learning_rate': 0.039584811823070054}
[36m(RayTrainWorker pid=3663798)[0m Model parameters: 32042
[36m(RayTrainWorker pid=3663798)[0m Using accelerator: gpu
[36m(RayTrainWorker pid=3663797)[0m printing config, {'layer_1_size': 32, 'layer_2_size': 64, 'layer_3_size': 64, 'dropout': 0.2473602147772908, 'batch_size': 128, 'learning_rate': 0.039584811823070054}
[36m(RayTrainWorker pid=3663797)[0m Model parameters: 32042
[36m(RayTrainWorker pid=3663797)[0m Using accelerator: gpu
[36m(RayTrainWorker pid=3663798)[0m Using cached MNIST dataset...
Recorded points (outer points): [[ 8.55964780e-01 -3.16900020e+04]
 [ 9.37500000e-02 -1.84580000e+04]
 [ 1.10918209e-01 -1.86180000e+04]]
Non-dominated points (outer function): [[ 8.55964780e-01 -3.16900020e+04]
 [ 9.37500000e-02 -1.84580000e+04]
 [ 1.10918209e-01 -1.86180000e+04]]
Fronts: [[0, 1, 2]]
All fronts: [[0, 1, 2]]
Crowding distance: [inf inf  2.]
Front: [0, 1, 2]
Sorted front: [0, 1, 2]
Re-ordered existing solutions: [[ 8.55964780e-01 -3.16900020e+04]
 [ 9.37500000e-02 -1.84580000e+04]
 [ 1.10918209e-01 -1.86180000e+04]]
New metrics: [ 5.29079914e-01 -3.20420000e+04]
Candidates before adding metrics: [[ 8.55964780e-01 -3.16900020e+04]
 [ 9.37500000e-02 -1.84580000e+04]
 [ 1.10918209e-01 -1.86180000e+04]]
Candidates after adding metrics: [[ 8.55964780e-01 -3.16900020e+04]
 [ 9.37500000e-02 -1.84580000e+04]
 [ 1.10918209e-01 -1.86180000e+04]
 [ 5.29079914e-01 -3.20420000e+04]]
Fronts: [[0, 1, 2]]
All fronts: [[0, 1, 2], [3]]
Crowding distance: [inf inf  2.]
Front: [0, 1, 2]
Sorted front: [0, 1, 2]
Crowding distance: [inf]
Front: [3]
Didn't sort front: [3]
Not enough to promote: [ 5.29079914e-01 -3.20420000e+04] not in top 1
[Rung=1] Trial 15cbeed3 is dominated. -> STOP
Time taken for on_result: 0.0018978118896484375
Time taken for on_result: 1.6689300537109375e-06
Result: {'ptl/train_loss': 1.3116717338562012, 'ptl/train_accuracy': 0.4000000059604645, 'ptl/val_loss': 1.2303308248519897, 'ptl/val_accuracy': 0.5290799140930176, 'ptl/model_params': 32042.0, 'epoch': 0, 'step': 144, 'timestamp': 1735786115, 'checkpoint_dir_name': 'checkpoint_000000', 'should_checkpoint': True, 'done': True, 'training_iteration': 1, 'trial_id': '15cbeed3', 'date': '2025-01-02_02-48-35', 'time_this_iter_s': 9.260187864303589, 'time_total_s': 9.260187864303589, 'pid': 3663704, 'hostname': 'gxp-l4-0', 'node_ip': '128.232.119.192', 'time_since_restore': 9.260187864303589, 'iterations_since_restore': 1, 'experiment_tag': '4_batch_size=128,dropout=0.2474,layer_1_size=32,layer_2_size=64,layer_3_size=64,learning_rate=0.0396', 'config/layer_1_size': 32, 'config/layer_2_size': 64, 'config/layer_3_size': 64, 'config/dropout': 0.2473602147772908, 'config/batch_size': 128, 'config/learning_rate': 0.039584811823070054}
Metrics to include: ['ptl/val_accuracy', 'ptl/model_params']
Metric dict after trial: {'ptl/val_accuracy': (0.5290799140930176, None), 'ptl/model_params': (32042.0, None)}

Trial TorchTrainerMultiObjective_15cbeed3 completed after 1 iterations at 2025-01-02 02:48:35. Total running time: 1min 19s
╭────────────────────────────────────────────────────────────────────────╮
│ Trial TorchTrainerMultiObjective_15cbeed3 result                       │
├────────────────────────────────────────────────────────────────────────┤
│ checkpoint_dir_name                                  checkpoint_000000 │
│ time_this_iter_s                                               9.26019 │
│ time_total_s                                                   9.26019 │
│ training_iteration                                                   1 │
│ epoch                                                                0 │
│ ptl/model_params                                                32042. │
│ ptl/train_accuracy                                                 0.4 │
│ ptl/train_loss                                                 1.31167 │
│ ptl/val_accuracy                                               0.52908 │
│ ptl/val_loss                                                   1.23033 │
│ step                                                               144 │
╰────────────────────────────────────────────────────────────────────────╯

Trial TorchTrainerMultiObjective_9efac173 started with configuration:
╭──────────────────────────────────────────────────────────────╮
│ Trial TorchTrainerMultiObjective_9efac173 config             │
├──────────────────────────────────────────────────────────────┤
│ batch_size                                               128 │
│ dropout                                              0.20758 │
│ layer_1_size                                              32 │
│ layer_2_size                                              32 │
│ layer_3_size                                              64 │
│ learning_rate                                        0.00832 │
╰──────────────────────────────────────────────────────────────╯
Suggested config: {'layer_1_size': 16, 'layer_2_size': 64, 'layer_3_size': 128, 'dropout': 0.10974731370806695, 'batch_size': 64, 'learning_rate': 0.08875203523756937}
[36m(TorchTrainerMultiObjective pid=3667178)[0m train_loop_config:  {'layer_1_size': 32, 'layer_2_size': 32, 'layer_3_size': 64, 'dropout': 0.20758389942348004, 'batch_size': 128, 'learning_rate': 0.008319781743176281}
[36m(RayTrainWorker pid=3663799)[0m printing config, {'layer_1_size': 32, 'layer_2_size': 64, 'layer_3_size': 64, 'dropout': 0.2473602147772908, 'batch_size': 128, 'learning_rate': 0.039584811823070054}
[36m(RayTrainWorker pid=3663799)[0m Model parameters: 32042
[36m(RayTrainWorker pid=3663799)[0m Using accelerator: gpu
[36m(RayTrainWorker pid=3663797)[0m Using cached MNIST dataset...[32m [repeated 2x across cluster][0m

Trial status: 4 TERMINATED | 1 RUNNING | 1 PENDING
Current time: 2025-01-02 02:48:45. Total running time: 1min 30s
Logical resource usage: 4.0/64 CPUs, 3.0/5 GPUs (0.0/1.0 accelerator_type:L4)
╭──────────────────────────────────────────────────────────────────────────────────────────────────────────────────────────────────────────────────────────────╮
│ Trial name                            status         iter     total time (s)     ptl/train_loss     ptl/train_accuracy     ptl/val_loss     ptl/val_accuracy │
├──────────────────────────────────────────────────────────────────────────────────────────────────────────────────────────────────────────────────────────────┤
│ TorchTrainerMultiObjective_9efac173   RUNNING                                                                                                                │
│ TorchTrainerMultiObjective_47572825   TERMINATED        8           20.5239            0.564922              0.8               0.412052             0.869234 │
│ TorchTrainerMultiObjective_d644d34e   TERMINATED        1            9.79045           2.31307               0.0666667         2.30352              0.09375  │
│ TorchTrainerMultiObjective_a7608641   TERMINATED        1           14.9378            2.33564               0.0333333         2.30246              0.110918 │
│ TorchTrainerMultiObjective_15cbeed3   TERMINATED        1            9.26019           1.31167               0.4               1.23033              0.52908  │
│ TorchTrainerMultiObjective_3e15794d   PENDING                                                                                                                │
╰──────────────────────────────────────────────────────────────────────────────────────────────────────────────────────────────────────────────────────────────╯
[36m(RayTrainWorker pid=3667270)[0m printing config, {'layer_1_size': 32, 'layer_2_size': 32, 'layer_3_size': 64, 'dropout': 0.20758389942348004, 'batch_size': 128, 'learning_rate': 0.008319781743176281}
[36m(RayTrainWorker pid=3667270)[0m Model parameters: 28938
[36m(RayTrainWorker pid=3667270)[0m Using accelerator: gpu
[36m(RayTrainWorker pid=3667271)[0m Using cached MNIST dataset...
Recorded points (outer points): [[ 8.55964780e-01 -3.16900020e+04]
 [ 9.37500000e-02 -1.84580000e+04]
 [ 1.10918209e-01 -1.86180000e+04]
 [ 5.29079914e-01 -3.20420000e+04]]
Non-dominated points (outer function): [[ 8.55964780e-01 -3.16900020e+04]
 [ 9.37500000e-02 -1.84580000e+04]
 [ 1.10918209e-01 -1.86180000e+04]]
Fronts: [[0, 1, 2]]
All fronts: [[0, 1, 2]]
Crowding distance: [inf inf  2.]
Front: [0, 1, 2]
Sorted front: [0, 1, 2]
Re-ordered existing solutions: [[ 8.55964780e-01 -3.16900020e+04]
 [ 9.37500000e-02 -1.84580000e+04]
 [ 1.10918209e-01 -1.86180000e+04]]
New metrics: [ 9.27827477e-01 -2.89380000e+04]
Candidates before adding metrics: [[ 8.55964780e-01 -3.16900020e+04]
 [ 9.37500000e-02 -1.84580000e+04]
 [ 1.10918209e-01 -1.86180000e+04]]
Candidates after adding metrics: [[ 8.55964780e-01 -3.16900020e+04]
 [ 9.37500000e-02 -1.84580000e+04]
 [ 1.10918209e-01 -1.86180000e+04]
 [ 9.27827477e-01 -2.89380000e+04]]
Fronts: [[1, 2, 3]]
All fronts: [[1, 2, 3], [0]]
Crowding distance: [inf  2. inf]
Front: [1, 2, 3]

[36m(RayTrainWorker pid=3667269)[0m printing config, {'layer_1_size': 32, 'layer_2_size': 32, 'layer_3_size': 64, 'dropout': 0.20758389942348004, 'batch_size': 128, 'learning_rate': 0.008319781743176281}[32m [repeated 2x across cluster][0m
[36m(RayTrainWorker pid=3667269)[0m Model parameters: 28938[32m [repeated 2x across cluster][0m
[36m(RayTrainWorker pid=3667269)[0m Using accelerator: gpu[32m [repeated 2x across cluster][0m
[36m(RayTrainWorker pid=3667269)[0m Using cached MNIST dataset...[32m [repeated 2x across cluster][0m
