Is CUDA available: True
Number of GPUs: 5
Running optimisation with args: Namespace(num_samples=25, max_num_epochs=8, num_gpus=None, objective_1='ptl/val_accuracy', objective_1_type='max', objective_1_threshold=0.9, objective_2='ptl/model_params', objective_2_type='min', objective_2_threshold=100000.0, objective_3=None, objective_3_type=None, objective_3_threshold=None, max_concurrent=10, use_scheduler=True, scheduler_strategy='nsga_ii', scheduler_max_t=4, scheduler_grace_period=1, scheduler_reduction_factor=3, accelerator='gpu', use_scaling_config=True, data_path='/home/sn666/large-scale-data-processing/miniproject/data', remark='8e/moasha-nsga/maxt4red3/maxaccminparam')
Using 2 Objectives: {'ptl/val_accuracy': ObjectiveProperties(minimize=False, threshold=0.9), 'ptl/model_params': ObjectiveProperties(minimize=True, threshold=100000.0)}
Modes: ['max', 'min']
Metrics: ['ptl/val_accuracy', 'ptl/model_params']
Limiting concurrent trials to 10
Run config: RunConfig(storage_path='/home/sn666/ray_results', checkpoint_config=CheckpointConfig(num_to_keep=2, checkpoint_score_attribute='ptl/val_accuracy'), verbose=1)
Rungs: [{'level': 1, 'recorded': {}}, {'level': 3, 'recorded': {}}]
Using MO-ASHA scheduler: <lib.mobo_asha.MultiObjectiveAsyncHyperBandScheduler object at 0x76fd51636c50>
Tune config: TuneConfig(mode=None, metric=None, search_alg=<ray.tune.search.concurrency_limiter.ConcurrencyLimiter object at 0x76fd51619250>, scheduler=<lib.mobo_asha.MultiObjectiveAsyncHyperBandScheduler object at 0x76fd51636c50>, num_samples=25, max_concurrent_trials=None, time_budget_s=None, reuse_actors=False, trial_name_creator=None, trial_dirname_creator=None, chdir_to_trial_dir='DEPRECATED')
Scaling config: ScalingConfig(num_workers=3, use_gpu=True, resources_per_worker={'CPU': 1, 'GPU': 1})
train_loop_config:  None
╭───────────────────────────────────────────────────────────────────────────────────╮
│ Configuration for experiment     TorchTrainerMultiObjective_2025-01-02_02-00-25   │
├───────────────────────────────────────────────────────────────────────────────────┤
│ Search algorithm                 SearchGenerator                                  │
│ Scheduler                        MultiObjectiveAsyncHyperBandScheduler            │
│ Number of trials                 25                                               │
╰───────────────────────────────────────────────────────────────────────────────────╯

View detailed results here: /home/sn666/ray_results/TorchTrainerMultiObjective_2025-01-02_02-00-25
To visualize your results with TensorBoard, run: `tensorboard --logdir /tmp/ray/session_2025-01-02_02-00-25_083634_3354560/artifacts/2025-01-02_02-00-28/TorchTrainerMultiObjective_2025-01-02_02-00-25/driver_artifacts`
Suggested config: {'layer_1_size': 32, 'layer_2_size': 64, 'layer_3_size': 128, 'dropout': 0.18788844943046568, 'batch_size': 64, 'learning_rate': 0.07935637767314911}

Trial status: 1 PENDING
Current time: 2025-01-02 02:00:29. Total running time: 0s
Logical resource usage: 4.0/64 CPUs, 3.0/5 GPUs (0.0/1.0 accelerator_type:L4)
╭────────────────────────────────────────────────╮
│ Trial name                            status   │
├────────────────────────────────────────────────┤
│ TorchTrainerMultiObjective_abae7b47   PENDING  │
╰────────────────────────────────────────────────╯

Trial TorchTrainerMultiObjective_abae7b47 started with configuration:
╭──────────────────────────────────────────────────────────────╮
│ Trial TorchTrainerMultiObjective_abae7b47 config             │
├──────────────────────────────────────────────────────────────┤
│ batch_size                                                64 │
│ dropout                                              0.18789 │
│ layer_1_size                                              32 │
│ layer_2_size                                              64 │
│ layer_3_size                                             128 │
│ learning_rate                                        0.07936 │
╰──────────────────────────────────────────────────────────────╯
Suggested config: {'layer_1_size': 16, 'layer_2_size': 32, 'layer_3_size': 64, 'dropout': 0.26637740544974803, 'batch_size': 128, 'learning_rate': 0.016007644200418145}
[36m(TorchTrainerMultiObjective pid=3359536)[0m train_loop_config:  {'layer_1_size': 32, 'layer_2_size': 64, 'layer_3_size': 128, 'dropout': 0.18788844943046568, 'batch_size': 64, 'learning_rate': 0.07935637767314911}
[36m(RayTrainWorker pid=3360029)[0m printing config, {'layer_1_size': 32, 'layer_2_size': 64, 'layer_3_size': 128, 'dropout': 0.18788844943046568, 'batch_size': 64, 'learning_rate': 0.07935637767314911}
[36m(RayTrainWorker pid=3360029)[0m Model parameters: 36842
[36m(RayTrainWorker pid=3360029)[0m Using accelerator: gpu
[36m(RayTrainWorker pid=3360030)[0m Using cached MNIST dataset...
Time taken for on_result: 4.76837158203125e-06
Time taken for on_result: 2.384185791015625e-06
Time taken for on_result: 3.814697265625e-06
Time taken for on_result: 6.4373016357421875e-06
Time taken for on_result: 2.6226043701171875e-06
Time taken for on_result: 2.6226043701171875e-06

Trial status: 1 RUNNING | 1 PENDING
Current time: 2025-01-02 02:00:59. Total running time: 30s
Logical resource usage: 4.0/64 CPUs, 3.0/5 GPUs (0.0/1.0 accelerator_type:L4)
╭────────────────────────────────────────────────────────────────────────────────────────────────────────────────────────────────────────────────────────────╮
│ Trial name                            status       iter     total time (s)     ptl/train_loss     ptl/train_accuracy     ptl/val_loss     ptl/val_accuracy │
├────────────────────────────────────────────────────────────────────────────────────────────────────────────────────────────────────────────────────────────┤
│ TorchTrainerMultiObjective_abae7b47   RUNNING         6            21.7553            1.88212               0.133333          1.89934             0.185378 │
│ TorchTrainerMultiObjective_ebfe52e0   PENDING                                                                                                              │
╰────────────────────────────────────────────────────────────────────────────────────────────────────────────────────────────────────────────────────────────╯
Time taken for on_result: 4.76837158203125e-06
Time taken for on_result: 2.384185791015625e-06
Time taken for on_result: 2.384185791015625e-06
Result: {'ptl/train_loss': 2.0607054233551025, 'ptl/train_accuracy': 0.23333333432674408, 'ptl/val_loss': 1.9073821306228638, 'ptl/val_accuracy': 0.18023405969142914, 'ptl/model_params': 36842.0, 'epoch': 7, 'step': 2296, 'timestamp': 1735783261, 'checkpoint_dir_name': 'checkpoint_000007', 'should_checkpoint': True, 'done': True, 'training_iteration': 8, 'trial_id': 'abae7b47', 'date': '2025-01-02_02-01-01', 'time_this_iter_s': 2.1998322010040283, 'time_total_s': 26.32186508178711, 'pid': 3359536, 'hostname': 'gxp-l4-0', 'node_ip': '128.232.119.192', 'time_since_restore': 26.32186508178711, 'iterations_since_restore': 8, 'experiment_tag': '1_batch_size=64,dropout=0.1879,layer_1_size=32,layer_2_size=64,layer_3_size=128,learning_rate=0.0794', 'config/layer_1_size': 32, 'config/layer_2_size': 64, 'config/layer_3_size': 128, 'config/dropout': 0.18788844943046568, 'config/batch_size': 64, 'config/learning_rate': 0.07935637767314911}
Metrics to include: ['ptl/val_accuracy', 'ptl/model_params']
Metric dict after trial: {'ptl/val_accuracy': (0.18023405969142914, None), 'ptl/model_params': (36842.0, None)}

Trial TorchTrainerMultiObjective_abae7b47 completed after 8 iterations at 2025-01-02 02:01:03. Total running time: 34s
╭────────────────────────────────────────────────────────────────────────╮
│ Trial TorchTrainerMultiObjective_abae7b47 result                       │
├────────────────────────────────────────────────────────────────────────┤
│ checkpoint_dir_name                                  checkpoint_000007 │
│ time_this_iter_s                                               2.19983 │
│ time_total_s                                                  26.32187 │
│ training_iteration                                                   8 │
│ epoch                                                                7 │
│ ptl/model_params                                                36842. │
│ ptl/train_accuracy                                             0.23333 │
│ ptl/train_loss                                                 2.06071 │
│ ptl/val_accuracy                                               0.18023 │
│ ptl/val_loss                                                   1.90738 │
│ step                                                              2296 │
╰────────────────────────────────────────────────────────────────────────╯

Trial TorchTrainerMultiObjective_ebfe52e0 started with configuration:
╭──────────────────────────────────────────────────────────────╮
│ Trial TorchTrainerMultiObjective_ebfe52e0 config             │
├──────────────────────────────────────────────────────────────┤
│ batch_size                                               128 │
│ dropout                                              0.26638 │
│ layer_1_size                                              16 │
│ layer_2_size                                              32 │
│ layer_3_size                                              64 │
│ learning_rate                                        0.01601 │
╰──────────────────────────────────────────────────────────────╯
Suggested config: {'layer_1_size': 16, 'layer_2_size': 64, 'layer_3_size': 128, 'dropout': 0.11228820160031319, 'batch_size': 128, 'learning_rate': 0.0329848028245382}
[36m(TorchTrainerMultiObjective pid=3373879)[0m train_loop_config:  {'layer_1_size': 16, 'layer_2_size': 32, 'layer_3_size': 64, 'dropout': 0.26637740544974803, 'batch_size': 128, 'learning_rate': 0.016007644200418145}
[36m(RayTrainWorker pid=3360031)[0m printing config, {'layer_1_size': 32, 'layer_2_size': 64, 'layer_3_size': 128, 'dropout': 0.18788844943046568, 'batch_size': 64, 'learning_rate': 0.07935637767314911}[32m [repeated 2x across cluster][0m
[36m(RayTrainWorker pid=3360031)[0m Model parameters: 36842[32m [repeated 2x across cluster][0m
[36m(RayTrainWorker pid=3360031)[0m Using accelerator: gpu[32m [repeated 2x across cluster][0m
[36m(RayTrainWorker pid=3360031)[0m Using cached MNIST dataset...[32m [repeated 2x across cluster][0m
[36m(RayTrainWorker pid=3373993)[0m printing config, {'layer_1_size': 16, 'layer_2_size': 32, 'layer_3_size': 64, 'dropout': 0.26637740544974803, 'batch_size': 128, 'learning_rate': 0.016007644200418145}
[36m(RayTrainWorker pid=3373993)[0m Model parameters: 15866
[36m(RayTrainWorker pid=3373993)[0m Using accelerator: gpu
[36m(RayTrainWorker pid=3373995)[0m printing config, {'layer_1_size': 16, 'layer_2_size': 32, 'layer_3_size': 64, 'dropout': 0.26637740544974803, 'batch_size': 128, 'learning_rate': 0.016007644200418145}
[36m(RayTrainWorker pid=3373995)[0m Model parameters: 15866
[36m(RayTrainWorker pid=3373995)[0m Using accelerator: gpu
[36m(RayTrainWorker pid=3373993)[0m Using cached MNIST dataset...
Fronts: [[0]]
Fronts: [[1]]

[36m(RayTrainWorker pid=3373994)[0m printing config, {'layer_1_size': 16, 'layer_2_size': 32, 'layer_3_size': 64, 'dropout': 0.26637740544974803, 'batch_size': 128, 'learning_rate': 0.016007644200418145}
[36m(RayTrainWorker pid=3373994)[0m Model parameters: 15866
[36m(RayTrainWorker pid=3373994)[0m Using accelerator: gpu
[36m(RayTrainWorker pid=3373995)[0m Using cached MNIST dataset...[32m [repeated 2x across cluster][0m
