Is CUDA available: True
Number of GPUs: 5
Running optimisation with args: Namespace(num_samples=25, max_num_epochs=8, num_gpus=None, objective_1='ptl/val_accuracy', objective_1_type='max', objective_1_threshold=0.9, objective_2='ptl/model_params', objective_2_type='min', objective_2_threshold=100000.0, objective_3=None, objective_3_type=None, objective_3_threshold=None, max_concurrent=10, use_scheduler=True, scheduler_strategy='nsga_ii', scheduler_max_t=4, scheduler_grace_period=1, scheduler_reduction_factor=3, accelerator='gpu', use_scaling_config=True, data_path='/home/sn666/large-scale-data-processing/miniproject/data', remark='8e/moasha-nsga/maxt4red3/maxaccminparam')
Using 2 Objectives: {'ptl/val_accuracy': ObjectiveProperties(minimize=False, threshold=0.9), 'ptl/model_params': ObjectiveProperties(minimize=True, threshold=100000.0)}
Modes: ['max', 'min']
Metrics: ['ptl/val_accuracy', 'ptl/model_params']
Limiting concurrent trials to 10
Run config: RunConfig(storage_path='/home/sn666/ray_results', checkpoint_config=CheckpointConfig(num_to_keep=2, checkpoint_score_attribute='ptl/val_accuracy'), verbose=1)
Rungs: [{'level': 1, 'recorded': {}}, {'level': 3, 'recorded': {}}]
Using MO-ASHA scheduler: <lib.mobo_asha.MultiObjectiveAsyncHyperBandScheduler object at 0x702a2e1d2850>
Tune config: TuneConfig(mode=None, metric=None, search_alg=<ray.tune.search.concurrency_limiter.ConcurrencyLimiter object at 0x702a2c7a76d0>, scheduler=<lib.mobo_asha.MultiObjectiveAsyncHyperBandScheduler object at 0x702a2e1d2850>, num_samples=25, max_concurrent_trials=None, time_budget_s=None, reuse_actors=False, trial_name_creator=None, trial_dirname_creator=None, chdir_to_trial_dir='DEPRECATED')
Scaling config: ScalingConfig(num_workers=3, use_gpu=True, resources_per_worker={'CPU': 1, 'GPU': 1})
train_loop_config:  None
╭───────────────────────────────────────────────────────────────────────────────────╮
│ Configuration for experiment     TorchTrainerMultiObjective_2025-01-02_02-23-01   │
├───────────────────────────────────────────────────────────────────────────────────┤
│ Search algorithm                 SearchGenerator                                  │
│ Scheduler                        MultiObjectiveAsyncHyperBandScheduler            │
│ Number of trials                 25                                               │
╰───────────────────────────────────────────────────────────────────────────────────╯

View detailed results here: /home/sn666/ray_results/TorchTrainerMultiObjective_2025-01-02_02-23-01
To visualize your results with TensorBoard, run: `tensorboard --logdir /tmp/ray/session_2025-01-02_02-23-01_050047_3518323/artifacts/2025-01-02_02-23-05/TorchTrainerMultiObjective_2025-01-02_02-23-01/driver_artifacts`
Suggested config: {'layer_1_size': 16, 'layer_2_size': 32, 'layer_3_size': 128, 'dropout': 0.15493548512458802, 'batch_size': 128, 'learning_rate': 0.055183342182636264}

Trial status: 1 PENDING
Current time: 2025-01-02 02:23:05. Total running time: 0s
Logical resource usage: 4.0/64 CPUs, 3.0/5 GPUs (0.0/1.0 accelerator_type:L4)
╭────────────────────────────────────────────────╮
│ Trial name                            status   │
├────────────────────────────────────────────────┤
│ TorchTrainerMultiObjective_54dd3bda   PENDING  │
╰────────────────────────────────────────────────╯

Trial TorchTrainerMultiObjective_54dd3bda started with configuration:
╭──────────────────────────────────────────────────────────────╮
│ Trial TorchTrainerMultiObjective_54dd3bda config             │
├──────────────────────────────────────────────────────────────┤
│ batch_size                                               128 │
│ dropout                                              0.15494 │
│ layer_1_size                                              16 │
│ layer_2_size                                              32 │
│ layer_3_size                                             128 │
│ learning_rate                                        0.05518 │
╰──────────────────────────────────────────────────────────────╯
Suggested config: {'layer_1_size': 32, 'layer_2_size': 64, 'layer_3_size': 64, 'dropout': 0.28712544105947013, 'batch_size': 64, 'learning_rate': 0.043774083025008445}
[36m(TorchTrainerMultiObjective pid=3522402)[0m train_loop_config:  {'layer_1_size': 16, 'layer_2_size': 32, 'layer_3_size': 128, 'dropout': 0.15493548512458802, 'batch_size': 128, 'learning_rate': 0.055183342182636264}
[36m(RayTrainWorker pid=3522646)[0m printing config, {'layer_1_size': 16, 'layer_2_size': 32, 'layer_3_size': 128, 'dropout': 0.15493548512458802, 'batch_size': 128, 'learning_rate': 0.055183342182636264}
[36m(RayTrainWorker pid=3522646)[0m Model parameters: 18618
[36m(RayTrainWorker pid=3522646)[0m Using accelerator: gpu
[36m(RayTrainWorker pid=3522645)[0m Using cached MNIST dataset...
Re-ordered existing solutions: None
Time taken for on_result: 2.8133392333984375e-05
Time taken for on_result: 3.5762786865234375e-06
Re-ordered existing solutions: None
Time taken for on_result: 2.09808349609375e-05
Time taken for on_result: 8.344650268554688e-06
Time taken for on_result: 3.337860107421875e-06
Time taken for on_result: 2.86102294921875e-06
Time taken for on_result: 3.0994415283203125e-06
Time taken for on_result: 2.384185791015625e-06
Time taken for on_result: 2.384185791015625e-06
Result: {'ptl/train_loss': 1.9767060279846191, 'ptl/train_accuracy': 0.3333333432674408, 'ptl/val_loss': 1.5588749647140503, 'ptl/val_accuracy': 0.3922991454601288, 'ptl/model_params': 18618.0, 'epoch': 7, 'step': 1152, 'timestamp': 1735784610, 'checkpoint_dir_name': 'checkpoint_000007', 'should_checkpoint': True, 'done': True, 'training_iteration': 8, 'trial_id': '54dd3bda', 'date': '2025-01-02_02-23-30', 'time_this_iter_s': 1.5566530227661133, 'time_total_s': 19.655572652816772, 'pid': 3522402, 'hostname': 'gxp-l4-0', 'node_ip': '128.232.119.192', 'time_since_restore': 19.655572652816772, 'iterations_since_restore': 8, 'experiment_tag': '1_batch_size=128,dropout=0.1549,layer_1_size=16,layer_2_size=32,layer_3_size=128,learning_rate=0.0552', 'config/layer_1_size': 16, 'config/layer_2_size': 32, 'config/layer_3_size': 128, 'config/dropout': 0.15493548512458802, 'config/batch_size': 128, 'config/learning_rate': 0.055183342182636264}
Metrics to include: ['ptl/val_accuracy', 'ptl/model_params']
Metric dict after trial: {'ptl/val_accuracy': (0.3922991454601288, None), 'ptl/model_params': (18618.0, None)}

Trial TorchTrainerMultiObjective_54dd3bda completed after 8 iterations at 2025-01-02 02:23:31. Total running time: 26s
╭────────────────────────────────────────────────────────────────────────╮
│ Trial TorchTrainerMultiObjective_54dd3bda result                       │
├────────────────────────────────────────────────────────────────────────┤
│ checkpoint_dir_name                                  checkpoint_000007 │
│ time_this_iter_s                                               1.55665 │
│ time_total_s                                                  19.65557 │
│ training_iteration                                                   8 │
│ epoch                                                                7 │
│ ptl/model_params                                                18618. │
│ ptl/train_accuracy                                             0.33333 │
│ ptl/train_loss                                                 1.97671 │
│ ptl/val_accuracy                                                0.3923 │
│ ptl/val_loss                                                   1.55887 │
│ step                                                              1152 │
╰────────────────────────────────────────────────────────────────────────╯

Trial status: 1 TERMINATED | 1 PENDING
Current time: 2025-01-02 02:23:35. Total running time: 30s
Logical resource usage: 4.0/64 CPUs, 3.0/5 GPUs (0.0/1.0 accelerator_type:L4)
╭──────────────────────────────────────────────────────────────────────────────────────────────────────────────────────────────────────────────────────────────╮
│ Trial name                            status         iter     total time (s)     ptl/train_loss     ptl/train_accuracy     ptl/val_loss     ptl/val_accuracy │
├──────────────────────────────────────────────────────────────────────────────────────────────────────────────────────────────────────────────────────────────┤
│ TorchTrainerMultiObjective_54dd3bda   TERMINATED        8            19.6556            1.97671               0.333333          1.55887             0.392299 │
│ TorchTrainerMultiObjective_18d2663b   PENDING                                                                                                                │
╰──────────────────────────────────────────────────────────────────────────────────────────────────────────────────────────────────────────────────────────────╯

Trial TorchTrainerMultiObjective_18d2663b started with configuration:
╭──────────────────────────────────────────────────────────────╮
│ Trial TorchTrainerMultiObjective_18d2663b config             │
├──────────────────────────────────────────────────────────────┤
│ batch_size                                                64 │
│ dropout                                              0.28713 │
│ layer_1_size                                              32 │
│ layer_2_size                                              64 │
│ layer_3_size                                              64 │
│ learning_rate                                        0.04377 │
╰──────────────────────────────────────────────────────────────╯
Suggested config: {'layer_1_size': 32, 'layer_2_size': 32, 'layer_3_size': 128, 'dropout': 0.11759848408401014, 'batch_size': 64, 'learning_rate': 0.011466987203247845}
[36m(TorchTrainerMultiObjective pid=3536475)[0m train_loop_config:  {'layer_1_size': 32, 'layer_2_size': 64, 'layer_3_size': 64, 'dropout': 0.28712544105947013, 'batch_size': 64, 'learning_rate': 0.043774083025008445}
[36m(RayTrainWorker pid=3522644)[0m printing config, {'layer_1_size': 16, 'layer_2_size': 32, 'layer_3_size': 128, 'dropout': 0.15493548512458802, 'batch_size': 128, 'learning_rate': 0.055183342182636264}[32m [repeated 2x across cluster][0m
[36m(RayTrainWorker pid=3522644)[0m Model parameters: 18618[32m [repeated 2x across cluster][0m
[36m(RayTrainWorker pid=3522644)[0m Using accelerator: gpu[32m [repeated 2x across cluster][0m
[36m(RayTrainWorker pid=3522644)[0m Using cached MNIST dataset...[32m [repeated 2x across cluster][0m
[36m(RayTrainWorker pid=3536567)[0m printing config, {'layer_1_size': 32, 'layer_2_size': 64, 'layer_3_size': 64, 'dropout': 0.28712544105947013, 'batch_size': 64, 'learning_rate': 0.043774083025008445}
[36m(RayTrainWorker pid=3536567)[0m Model parameters: 32042
[36m(RayTrainWorker pid=3536567)[0m Using accelerator: gpu
[36m(RayTrainWorker pid=3536569)[0m printing config, {'layer_1_size': 32, 'layer_2_size': 64, 'layer_3_size': 64, 'dropout': 0.28712544105947013, 'batch_size': 64, 'learning_rate': 0.043774083025008445}
[36m(RayTrainWorker pid=3536569)[0m Model parameters: 32042
[36m(RayTrainWorker pid=3536569)[0m Using accelerator: gpu
[36m(RayTrainWorker pid=3536568)[0m Using cached MNIST dataset...
Non-dominated points (outer function): [[ 3.31969291e-01 -1.86180000e+04]]
Fronts: [[0]]
All fronts: [[0]]
Crowding distance: [inf]
Front: [0]
Re-ordered existing solutions: [[ 3.31969291e-01 -1.86180000e+04]]
New metrics: [ 3.35841089e-01 -3.20420000e+04]

[36m(RayTrainWorker pid=3536568)[0m printing config, {'layer_1_size': 32, 'layer_2_size': 64, 'layer_3_size': 64, 'dropout': 0.28712544105947013, 'batch_size': 64, 'learning_rate': 0.043774083025008445}
[36m(RayTrainWorker pid=3536568)[0m Model parameters: 32042
[36m(RayTrainWorker pid=3536568)[0m Using accelerator: gpu
[36m(RayTrainWorker pid=3536567)[0m Using cached MNIST dataset...[32m [repeated 2x across cluster][0m
