Is CUDA available: True
Number of GPUs: 5
Running optimisation with args: Namespace(num_samples=25, max_num_epochs=8, num_gpus=None, objective_1='ptl/val_accuracy', objective_1_type='max', objective_1_threshold=0.9, objective_2='ptl/model_params', objective_2_type='min', objective_2_threshold=100000.0, objective_3=None, objective_3_type=None, objective_3_threshold=None, max_concurrent=10, use_scheduler=True, scheduler_strategy='nsga_ii', scheduler_max_t=4, scheduler_grace_period=1, scheduler_reduction_factor=3, accelerator='gpu', use_scaling_config=True, data_path='/home/sn666/large-scale-data-processing/miniproject/data', remark='8e/moasha-nsga/maxt4red3/maxaccminparam')
Using 2 Objectives: {'ptl/val_accuracy': ObjectiveProperties(minimize=False, threshold=0.9), 'ptl/model_params': ObjectiveProperties(minimize=True, threshold=100000.0)}
Modes: ['max', 'min']
Metrics: ['ptl/val_accuracy', 'ptl/model_params']
Limiting concurrent trials to 10
Run config: RunConfig(storage_path='/home/sn666/ray_results', checkpoint_config=CheckpointConfig(num_to_keep=2, checkpoint_score_attribute='ptl/val_accuracy'), verbose=1)
Rungs: [{'level': 1, 'recorded': {}}, {'level': 3, 'recorded': {}}]
Using MO-ASHA scheduler: <lib.mobo_asha.MultiObjectiveAsyncHyperBandScheduler object at 0x7567cf7f71d0>
Tune config: TuneConfig(mode=None, metric=None, search_alg=<ray.tune.search.concurrency_limiter.ConcurrencyLimiter object at 0x7567cf52f110>, scheduler=<lib.mobo_asha.MultiObjectiveAsyncHyperBandScheduler object at 0x7567cf7f71d0>, num_samples=25, max_concurrent_trials=None, time_budget_s=None, reuse_actors=False, trial_name_creator=None, trial_dirname_creator=None, chdir_to_trial_dir='DEPRECATED')
Scaling config: ScalingConfig(num_workers=3, use_gpu=True, resources_per_worker={'CPU': 1, 'GPU': 1})
train_loop_config:  None
╭───────────────────────────────────────────────────────────────────────────────────╮
│ Configuration for experiment     TorchTrainerMultiObjective_2025-01-02_02-06-19   │
├───────────────────────────────────────────────────────────────────────────────────┤
│ Search algorithm                 SearchGenerator                                  │
│ Scheduler                        MultiObjectiveAsyncHyperBandScheduler            │
│ Number of trials                 25                                               │
╰───────────────────────────────────────────────────────────────────────────────────╯

View detailed results here: /home/sn666/ray_results/TorchTrainerMultiObjective_2025-01-02_02-06-19
To visualize your results with TensorBoard, run: `tensorboard --logdir /tmp/ray/session_2025-01-02_02-06-19_247711_3401817/artifacts/2025-01-02_02-06-21/TorchTrainerMultiObjective_2025-01-02_02-06-19/driver_artifacts`
Suggested config: {'layer_1_size': 16, 'layer_2_size': 64, 'layer_3_size': 128, 'dropout': 0.21619061231613157, 'batch_size': 128, 'learning_rate': 0.039604537606239325}

Trial status: 1 PENDING
Current time: 2025-01-02 02:06:22. Total running time: 0s
Logical resource usage: 4.0/64 CPUs, 3.0/5 GPUs (0.0/1.0 accelerator_type:L4)
╭────────────────────────────────────────────────╮
│ Trial name                            status   │
├────────────────────────────────────────────────┤
│ TorchTrainerMultiObjective_fabfa72e   PENDING  │
╰────────────────────────────────────────────────╯

Trial TorchTrainerMultiObjective_fabfa72e started with configuration:
╭──────────────────────────────────────────────────────────────╮
│ Trial TorchTrainerMultiObjective_fabfa72e config             │
├──────────────────────────────────────────────────────────────┤
│ batch_size                                               128 │
│ dropout                                              0.21619 │
│ layer_1_size                                              16 │
│ layer_2_size                                              64 │
│ layer_3_size                                             128 │
│ learning_rate                                         0.0396 │
╰──────────────────────────────────────────────────────────────╯
Suggested config: {'layer_1_size': 32, 'layer_2_size': 32, 'layer_3_size': 64, 'dropout': 0.1649049051105976, 'batch_size': 64, 'learning_rate': 0.05957630142932758}
[36m(TorchTrainerMultiObjective pid=3405872)[0m train_loop_config:  {'layer_1_size': 16, 'layer_2_size': 64, 'layer_3_size': 128, 'dropout': 0.21619061231613157, 'batch_size': 128, 'learning_rate': 0.039604537606239325}
[36m(RayTrainWorker pid=3406113)[0m printing config, {'layer_1_size': 16, 'layer_2_size': 64, 'layer_3_size': 128, 'dropout': 0.21619061231613157, 'batch_size': 128, 'learning_rate': 0.039604537606239325}
[36m(RayTrainWorker pid=3406113)[0m Model parameters: 23258
[36m(RayTrainWorker pid=3406113)[0m Using accelerator: gpu
[36m(RayTrainWorker pid=3406113)[0m Using cached MNIST dataset...
Time taken for on_result: 4.76837158203125e-06
Time taken for on_result: 2.6226043701171875e-06
Time taken for on_result: 6.67572021484375e-06
Time taken for on_result: 4.0531158447265625e-06
Time taken for on_result: 2.6226043701171875e-06
Time taken for on_result: 2.6226043701171875e-06
Time taken for on_result: 2.384185791015625e-06
Time taken for on_result: 2.384185791015625e-06
Time taken for on_result: 2.6226043701171875e-06
Result: {'ptl/train_loss': 2.072800874710083, 'ptl/train_accuracy': 0.1666666716337204, 'ptl/val_loss': 1.9750006198883057, 'ptl/val_accuracy': 0.196304589509964, 'ptl/model_params': 23258.0, 'epoch': 7, 'step': 1152, 'timestamp': 1735783607, 'checkpoint_dir_name': 'checkpoint_000007', 'should_checkpoint': True, 'done': True, 'training_iteration': 8, 'trial_id': 'fabfa72e', 'date': '2025-01-02_02-06-47', 'time_this_iter_s': 1.6059107780456543, 'time_total_s': 20.12256646156311, 'pid': 3405872, 'hostname': 'gxp-l4-0', 'node_ip': '128.232.119.192', 'time_since_restore': 20.12256646156311, 'iterations_since_restore': 8, 'experiment_tag': '1_batch_size=128,dropout=0.2162,layer_1_size=16,layer_2_size=64,layer_3_size=128,learning_rate=0.0396', 'config/layer_1_size': 16, 'config/layer_2_size': 64, 'config/layer_3_size': 128, 'config/dropout': 0.21619061231613157, 'config/batch_size': 128, 'config/learning_rate': 0.039604537606239325}
Metrics to include: ['ptl/val_accuracy', 'ptl/model_params']
Metric dict after trial: {'ptl/val_accuracy': (0.196304589509964, None), 'ptl/model_params': (23258.0, None)}

Trial TorchTrainerMultiObjective_fabfa72e completed after 8 iterations at 2025-01-02 02:06:49. Total running time: 27s
╭────────────────────────────────────────────────────────────────────────╮
│ Trial TorchTrainerMultiObjective_fabfa72e result                       │
├────────────────────────────────────────────────────────────────────────┤
│ checkpoint_dir_name                                  checkpoint_000007 │
│ time_this_iter_s                                               1.60591 │
│ time_total_s                                                  20.12257 │
│ training_iteration                                                   8 │
│ epoch                                                                7 │
│ ptl/model_params                                                23258. │
│ ptl/train_accuracy                                             0.16667 │
│ ptl/train_loss                                                  2.0728 │
│ ptl/val_accuracy                                                0.1963 │
│ ptl/val_loss                                                     1.975 │
│ step                                                              1152 │
╰────────────────────────────────────────────────────────────────────────╯

Trial status: 1 TERMINATED | 1 PENDING
Current time: 2025-01-02 02:06:52. Total running time: 30s
Logical resource usage: 4.0/64 CPUs, 3.0/5 GPUs (0.0/1.0 accelerator_type:L4)
╭──────────────────────────────────────────────────────────────────────────────────────────────────────────────────────────────────────────────────────────────╮
│ Trial name                            status         iter     total time (s)     ptl/train_loss     ptl/train_accuracy     ptl/val_loss     ptl/val_accuracy │
├──────────────────────────────────────────────────────────────────────────────────────────────────────────────────────────────────────────────────────────────┤
│ TorchTrainerMultiObjective_fabfa72e   TERMINATED        8            20.1226             2.0728               0.166667            1.975             0.196305 │
│ TorchTrainerMultiObjective_2e3a6053   PENDING                                                                                                                │
╰──────────────────────────────────────────────────────────────────────────────────────────────────────────────────────────────────────────────────────────────╯

Trial TorchTrainerMultiObjective_2e3a6053 started with configuration:
╭──────────────────────────────────────────────────────────────╮
│ Trial TorchTrainerMultiObjective_2e3a6053 config             │
├──────────────────────────────────────────────────────────────┤
│ batch_size                                                64 │
│ dropout                                               0.1649 │
│ layer_1_size                                              32 │
│ layer_2_size                                              32 │
│ layer_3_size                                              64 │
│ learning_rate                                        0.05958 │
╰──────────────────────────────────────────────────────────────╯
Suggested config: {'layer_1_size': 32, 'layer_2_size': 64, 'layer_3_size': 128, 'dropout': 0.26809076834470036, 'batch_size': 64, 'learning_rate': 0.09758021219465882}
[36m(TorchTrainerMultiObjective pid=3419944)[0m train_loop_config:  {'layer_1_size': 32, 'layer_2_size': 32, 'layer_3_size': 64, 'dropout': 0.1649049051105976, 'batch_size': 64, 'learning_rate': 0.05957630142932758}
[36m(RayTrainWorker pid=3406111)[0m printing config, {'layer_1_size': 16, 'layer_2_size': 64, 'layer_3_size': 128, 'dropout': 0.21619061231613157, 'batch_size': 128, 'learning_rate': 0.039604537606239325}[32m [repeated 2x across cluster][0m
[36m(RayTrainWorker pid=3406111)[0m Model parameters: 23258[32m [repeated 2x across cluster][0m
[36m(RayTrainWorker pid=3406111)[0m Using accelerator: gpu[32m [repeated 2x across cluster][0m
[36m(RayTrainWorker pid=3406111)[0m Using cached MNIST dataset...[32m [repeated 2x across cluster][0m
[36m(RayTrainWorker pid=3420037)[0m printing config, {'layer_1_size': 32, 'layer_2_size': 32, 'layer_3_size': 64, 'dropout': 0.1649049051105976, 'batch_size': 64, 'learning_rate': 0.05957630142932758}
[36m(RayTrainWorker pid=3420037)[0m Model parameters: 28938
[36m(RayTrainWorker pid=3420037)[0m Using accelerator: gpu
[36m(RayTrainWorker pid=3420038)[0m printing config, {'layer_1_size': 32, 'layer_2_size': 32, 'layer_3_size': 64, 'dropout': 0.1649049051105976, 'batch_size': 64, 'learning_rate': 0.05957630142932758}
[36m(RayTrainWorker pid=3420038)[0m Model parameters: 28938
[36m(RayTrainWorker pid=3420038)[0m Using accelerator: gpu
[36m(RayTrainWorker pid=3420037)[0m Using cached MNIST dataset...
Non-dominated points (outer function): [[ 2.40823448e-01 -2.32580000e+04]]
Fronts: [[0]]
New metrics: [ 3.14814836e-01 -2.89380000e+04]
Candidates: [[ 2.40823448e-01 -2.32580000e+04]
 [ 3.14814836e-01 -2.89380000e+04]]
Fronts: [[0, 1]]
Not enough to promote: [ 3.14814836e-01 -2.89380000e+04] not in top 0
[Rung=1] Trial 2e3a6053 is dominated. -> STOP
Time taken for on_result: 0.0013227462768554688
Time taken for on_result: 1.430511474609375e-06
Result: {'ptl/train_loss': 1.753377079963684, 'ptl/train_accuracy': 0.1666666716337204, 'ptl/val_loss': 1.7501220703125, 'ptl/val_accuracy': 0.31481483578681946, 'ptl/model_params': 28938.0, 'epoch': 0, 'step': 287, 'timestamp': 1735783623, 'checkpoint_dir_name': 'checkpoint_000000', 'should_checkpoint': True, 'done': True, 'training_iteration': 1, 'trial_id': '2e3a6053', 'date': '2025-01-02_02-07-03', 'time_this_iter_s': 9.315672159194946, 'time_total_s': 9.315672159194946, 'pid': 3419944, 'hostname': 'gxp-l4-0', 'node_ip': '128.232.119.192', 'time_since_restore': 9.315672159194946, 'iterations_since_restore': 1, 'experiment_tag': '2_batch_size=64,dropout=0.1649,layer_1_size=32,layer_2_size=32,layer_3_size=64,learning_rate=0.0596', 'config/layer_1_size': 32, 'config/layer_2_size': 32, 'config/layer_3_size': 64, 'config/dropout': 0.1649049051105976, 'config/batch_size': 64, 'config/learning_rate': 0.05957630142932758}
Metrics to include: ['ptl/val_accuracy', 'ptl/model_params']
Metric dict after trial: {'ptl/val_accuracy': (0.31481483578681946, None), 'ptl/model_params': (28938.0, None)}

Trial TorchTrainerMultiObjective_2e3a6053 completed after 1 iterations at 2025-01-02 02:07:03. Total running time: 41s
╭────────────────────────────────────────────────────────────────────────╮
│ Trial TorchTrainerMultiObjective_2e3a6053 result                       │
├────────────────────────────────────────────────────────────────────────┤
│ checkpoint_dir_name                                  checkpoint_000000 │
│ time_this_iter_s                                               9.31567 │
│ time_total_s                                                   9.31567 │
│ training_iteration                                                   1 │
│ epoch                                                                0 │
│ ptl/model_params                                                28938. │
│ ptl/train_accuracy                                             0.16667 │
│ ptl/train_loss                                                 1.75338 │
│ ptl/val_accuracy                                               0.31481 │
│ ptl/val_loss                                                   1.75012 │
│ step                                                               287 │
╰────────────────────────────────────────────────────────────────────────╯

Trial TorchTrainerMultiObjective_36897755 started with configuration:
╭──────────────────────────────────────────────────────────────╮
│ Trial TorchTrainerMultiObjective_36897755 config             │
├──────────────────────────────────────────────────────────────┤
│ batch_size                                                64 │
│ dropout                                              0.26809 │
│ layer_1_size                                              32 │
│ layer_2_size                                              64 │
│ layer_3_size                                             128 │
│ learning_rate                                        0.09758 │
╰──────────────────────────────────────────────────────────────╯
Suggested config: {'layer_1_size': 16, 'layer_2_size': 32, 'layer_3_size': 64, 'dropout': 0.1129231320694089, 'batch_size': 128, 'learning_rate': 0.0019024005460552872}
[36m(TorchTrainerMultiObjective pid=3423485)[0m train_loop_config:  {'layer_1_size': 32, 'layer_2_size': 64, 'layer_3_size': 128, 'dropout': 0.26809076834470036, 'batch_size': 64, 'learning_rate': 0.09758021219465882}
[36m(RayTrainWorker pid=3420036)[0m printing config, {'layer_1_size': 32, 'layer_2_size': 32, 'layer_3_size': 64, 'dropout': 0.1649049051105976, 'batch_size': 64, 'learning_rate': 0.05957630142932758}
[36m(RayTrainWorker pid=3420036)[0m Model parameters: 28938
[36m(RayTrainWorker pid=3420036)[0m Using accelerator: gpu
[36m(RayTrainWorker pid=3420036)[0m Using cached MNIST dataset...[32m [repeated 2x across cluster][0m
[36m(RayTrainWorker pid=3423579)[0m printing config, {'layer_1_size': 32, 'layer_2_size': 64, 'layer_3_size': 128, 'dropout': 0.26809076834470036, 'batch_size': 64, 'learning_rate': 0.09758021219465882}
[36m(RayTrainWorker pid=3423579)[0m Model parameters: 36842
[36m(RayTrainWorker pid=3423579)[0m Using accelerator: gpu
[36m(RayTrainWorker pid=3423577)[0m Using cached MNIST dataset...
Non-dominated points (outer function): [[ 2.40823448e-01 -2.32580000e+04]
 [ 3.14814836e-01 -2.89380000e+04]]
Fronts: [[0, 1]]
New metrics: [ 1.11175418e-01 -3.68420000e+04]
Candidates: [[ 2.40823448e-01 -2.32580000e+04]
 [ 3.14814836e-01 -2.89380000e+04]
 [ 1.11175418e-01 -3.68420000e+04]]
Fronts: [[0, 1]]

[36m(RayTrainWorker pid=3423578)[0m printing config, {'layer_1_size': 32, 'layer_2_size': 64, 'layer_3_size': 128, 'dropout': 0.26809076834470036, 'batch_size': 64, 'learning_rate': 0.09758021219465882}[32m [repeated 2x across cluster][0m
[36m(RayTrainWorker pid=3423578)[0m Model parameters: 36842[32m [repeated 2x across cluster][0m
[36m(RayTrainWorker pid=3423578)[0m Using accelerator: gpu[32m [repeated 2x across cluster][0m
[36m(RayTrainWorker pid=3423579)[0m Using cached MNIST dataset...[32m [repeated 2x across cluster][0m
