Is CUDA available: True
Number of GPUs: 5
Modes: ['max', 'min']
Metrics: ['ptl/val_accuracy', 'ptl/model_params']
train_loop_config:  None
╭───────────────────────────────────────────────────────────────────────────────────╮
│ Configuration for experiment     TorchTrainerMultiObjective_2024-12-28_09-22-22   │
├───────────────────────────────────────────────────────────────────────────────────┤
│ Search algorithm                 SearchGenerator                                  │
│ Scheduler                        FIFOScheduler                                    │
│ Number of trials                 25                                               │
╰───────────────────────────────────────────────────────────────────────────────────╯

View detailed results here: /home/sn666/ray_results/TorchTrainerMultiObjective_2024-12-28_09-22-22
To visualize your results with TensorBoard, run: `tensorboard --logdir /tmp/ray/session_2024-12-28_09-22-22_127833_1942591/artifacts/2024-12-28_09-22-24/TorchTrainerMultiObjective_2024-12-28_09-22-22/driver_artifacts`
Suggested config: {'layer_1_size': 32, 'layer_2_size': 64, 'layer_3_size': 64, 'dropout': 0.20788601636886594, 'batch_size': 64, 'learning_rate': 0.07393555203676225}

Trial status: 1 PENDING
Current time: 2024-12-28 09:22:25. Total running time: 0s
Logical resource usage: 4.0/64 CPUs, 3.0/5 GPUs (0.0/1.0 accelerator_type:L4)
╭────────────────────────────────────────────────╮
│ Trial name                            status   │
├────────────────────────────────────────────────┤
│ TorchTrainerMultiObjective_f027eca9   PENDING  │
╰────────────────────────────────────────────────╯

Trial TorchTrainerMultiObjective_f027eca9 started with configuration:
╭──────────────────────────────────────────────────────────────╮
│ Trial TorchTrainerMultiObjective_f027eca9 config             │
├──────────────────────────────────────────────────────────────┤
│ batch_size                                                64 │
│ dropout                                              0.20789 │
│ layer_1_size                                              32 │
│ layer_2_size                                              64 │
│ layer_3_size                                              64 │
│ learning_rate                                        0.07394 │
╰──────────────────────────────────────────────────────────────╯
Suggested config: {'layer_1_size': 16, 'layer_2_size': 32, 'layer_3_size': 128, 'dropout': 0.18222586680203676, 'batch_size': 32, 'learning_rate': 0.002800032908190042}
[36m(TorchTrainerMultiObjective pid=1946727)[0m train_loop_config:  {'layer_1_size': 32, 'layer_2_size': 64, 'layer_3_size': 64, 'dropout': 0.20788601636886594, 'batch_size': 64, 'learning_rate': 0.07393555203676225}
[36m(RayTrainWorker pid=1947053)[0m Using cached MNIST dataset...
Result: {'ptl/train_loss': 2.314659833908081, 'ptl/train_accuracy': 0.06666667014360428, 'ptl/val_loss': 2.3035919666290283, 'ptl/val_accuracy': 0.1092464029788971, 'ptl/model_params': 32042.0, 'epoch': 3, 'step': 1148, 'timestamp': 1735377767, 'checkpoint_dir_name': 'checkpoint_000003', 'should_checkpoint': True, 'done': True, 'training_iteration': 4, 'trial_id': 'f027eca9', 'date': '2024-12-28_09-22-47', 'time_this_iter_s': 2.3851938247680664, 'time_total_s': 17.196852445602417, 'pid': 1946727, 'hostname': 'gxp-l4-0', 'node_ip': '128.232.119.192', 'time_since_restore': 17.196852445602417, 'iterations_since_restore': 4, 'experiment_tag': '1_batch_size=64,dropout=0.2079,layer_1_size=32,layer_2_size=64,layer_3_size=64,learning_rate=0.0739', 'config/layer_1_size': 32, 'config/layer_2_size': 64, 'config/layer_3_size': 64, 'config/dropout': 0.20788601636886594, 'config/batch_size': 64, 'config/learning_rate': 0.07393555203676225}
Metrics to include: ['ptl/val_accuracy', 'ptl/model_params']
Metric dict after trial: {'ptl/val_accuracy': (0.1092464029788971, None), 'ptl/model_params': (32042.0, None)}

Trial TorchTrainerMultiObjective_f027eca9 completed after 4 iterations at 2024-12-28 09:22:49. Total running time: 24s
╭────────────────────────────────────────────────────────────────────────╮
│ Trial TorchTrainerMultiObjective_f027eca9 result                       │
├────────────────────────────────────────────────────────────────────────┤
│ checkpoint_dir_name                                  checkpoint_000003 │
│ time_this_iter_s                                               2.38519 │
│ time_total_s                                                  17.19685 │
│ training_iteration                                                   4 │
│ epoch                                                                3 │
│ ptl/model_params                                                32042. │
│ ptl/train_accuracy                                             0.06667 │
│ ptl/train_loss                                                 2.31466 │
│ ptl/val_accuracy                                               0.10925 │
│ ptl/val_loss                                                   2.30359 │
│ step                                                              1148 │
╰────────────────────────────────────────────────────────────────────────╯

Trial TorchTrainerMultiObjective_2e406834 started with configuration:
╭──────────────────────────────────────────────────────────────╮
│ Trial TorchTrainerMultiObjective_2e406834 config             │
├──────────────────────────────────────────────────────────────┤
│ batch_size                                                32 │
│ dropout                                              0.18223 │
│ layer_1_size                                              16 │
│ layer_2_size                                              32 │
│ layer_3_size                                             128 │
│ learning_rate                                         0.0028 │
╰──────────────────────────────────────────────────────────────╯
Suggested config: {'layer_1_size': 16, 'layer_2_size': 64, 'layer_3_size': 64, 'dropout': 0.2838790360838175, 'batch_size': 32, 'learning_rate': 0.03268771624444053}
[36m(TorchTrainerMultiObjective pid=1955552)[0m train_loop_config:  {'layer_1_size': 16, 'layer_2_size': 32, 'layer_3_size': 128, 'dropout': 0.18222586680203676, 'batch_size': 32, 'learning_rate': 0.002800032908190042}
[36m(RayTrainWorker pid=1947054)[0m Using cached MNIST dataset...[32m [repeated 2x across cluster][0m

Trial status: 1 TERMINATED | 1 RUNNING | 1 PENDING
Current time: 2024-12-28 09:22:55. Total running time: 30s
Logical resource usage: 4.0/64 CPUs, 3.0/5 GPUs (0.0/1.0 accelerator_type:L4)
╭──────────────────────────────────────────────────────────────────────────────────────────────────────────────────────────────────────────────────────────────╮
│ Trial name                            status         iter     total time (s)     ptl/train_loss     ptl/train_accuracy     ptl/val_loss     ptl/val_accuracy │
├──────────────────────────────────────────────────────────────────────────────────────────────────────────────────────────────────────────────────────────────┤
│ TorchTrainerMultiObjective_2e406834   RUNNING                                                                                                                │
│ TorchTrainerMultiObjective_f027eca9   TERMINATED        4            17.1969            2.31466              0.0666667          2.30359             0.109246 │
│ TorchTrainerMultiObjective_c3812285   PENDING                                                                                                                │
╰──────────────────────────────────────────────────────────────────────────────────────────────────────────────────────────────────────────────────────────────╯
[36m(RayTrainWorker pid=1955787)[0m Using cached MNIST dataset...
[36m(RayTrainWorker pid=1955789)[0m Using cached MNIST dataset...
Result: {'ptl/train_loss': 0.4840150475502014, 'ptl/train_accuracy': 0.8666666746139526, 'ptl/val_loss': 0.27766039967536926, 'ptl/val_accuracy': 0.9221698045730591, 'ptl/model_params': 18618.0, 'epoch': 3, 'step': 2292, 'timestamp': 1735377797, 'checkpoint_dir_name': 'checkpoint_000003', 'should_checkpoint': True, 'done': True, 'training_iteration': 4, 'trial_id': '2e406834', 'date': '2024-12-28_09-23-17', 'time_this_iter_s': 3.754051685333252, 'time_total_s': 22.09453773498535, 'pid': 1955552, 'hostname': 'gxp-l4-0', 'node_ip': '128.232.119.192', 'time_since_restore': 22.09453773498535, 'iterations_since_restore': 4, 'experiment_tag': '2_batch_size=32,dropout=0.1822,layer_1_size=16,layer_2_size=32,layer_3_size=128,learning_rate=0.0028', 'config/layer_1_size': 16, 'config/layer_2_size': 32, 'config/layer_3_size': 128, 'config/dropout': 0.18222586680203676, 'config/batch_size': 32, 'config/learning_rate': 0.002800032908190042}
Metrics to include: ['ptl/val_accuracy', 'ptl/model_params']
Metric dict after trial: {'ptl/val_accuracy': (0.9221698045730591, None), 'ptl/model_params': (18618.0, None)}

Trial TorchTrainerMultiObjective_2e406834 completed after 4 iterations at 2024-12-28 09:23:19. Total running time: 54s
╭────────────────────────────────────────────────────────────────────────╮
│ Trial TorchTrainerMultiObjective_2e406834 result                       │
├────────────────────────────────────────────────────────────────────────┤
│ checkpoint_dir_name                                  checkpoint_000003 │
│ time_this_iter_s                                               3.75405 │
│ time_total_s                                                  22.09454 │
│ training_iteration                                                   4 │
│ epoch                                                                3 │
│ ptl/model_params                                                18618. │
│ ptl/train_accuracy                                             0.86667 │
│ ptl/train_loss                                                 0.48402 │
│ ptl/val_accuracy                                               0.92217 │
│ ptl/val_loss                                                   0.27766 │
│ step                                                              2292 │
╰────────────────────────────────────────────────────────────────────────╯

Trial TorchTrainerMultiObjective_c3812285 started with configuration:
╭──────────────────────────────────────────────────────────────╮
│ Trial TorchTrainerMultiObjective_c3812285 config             │
├──────────────────────────────────────────────────────────────┤
│ batch_size                                                32 │
│ dropout                                              0.28388 │
│ layer_1_size                                              16 │
│ layer_2_size                                              64 │
│ layer_3_size                                              64 │
│ learning_rate                                        0.03269 │
╰──────────────────────────────────────────────────────────────╯
Suggested config: {'layer_1_size': 32, 'layer_2_size': 32, 'layer_3_size': 128, 'dropout': 0.10662433393299581, 'batch_size': 128, 'learning_rate': 0.09077479178765789}
[36m(TorchTrainerMultiObjective pid=1964620)[0m train_loop_config:  {'layer_1_size': 16, 'layer_2_size': 64, 'layer_3_size': 64, 'dropout': 0.2838790360838175, 'batch_size': 32, 'learning_rate': 0.03268771624444053}
[36m(RayTrainWorker pid=1955788)[0m Using cached MNIST dataset...

Trial status: 2 TERMINATED | 1 RUNNING | 1 PENDING
Current time: 2024-12-28 09:23:25. Total running time: 1min 0s
Logical resource usage: 4.0/64 CPUs, 3.0/5 GPUs (0.0/1.0 accelerator_type:L4)
╭──────────────────────────────────────────────────────────────────────────────────────────────────────────────────────────────────────────────────────────────╮
│ Trial name                            status         iter     total time (s)     ptl/train_loss     ptl/train_accuracy     ptl/val_loss     ptl/val_accuracy │
├──────────────────────────────────────────────────────────────────────────────────────────────────────────────────────────────────────────────────────────────┤
│ TorchTrainerMultiObjective_c3812285   RUNNING                                                                                                                │
│ TorchTrainerMultiObjective_f027eca9   TERMINATED        4            17.1969           2.31466               0.0666667          2.30359             0.109246 │
│ TorchTrainerMultiObjective_2e406834   TERMINATED        4            22.0945           0.484015              0.866667           0.27766             0.92217  │
│ TorchTrainerMultiObjective_6e4e159c   PENDING                                                                                                                │
╰──────────────────────────────────────────────────────────────────────────────────────────────────────────────────────────────────────────────────────────────╯