Is CUDA available: True
Number of GPUs: 5
Running optimisation with args: Namespace(num_samples=25, max_num_epochs=8, num_gpus=None, objective_1='ptl/val_accuracy', objective_1_type='max', objective_1_threshold=0.9, objective_2='ptl/model_params', objective_2_type='min', objective_2_threshold=100000.0, objective_3=None, objective_3_type=None, objective_3_threshold=None, max_concurrent=10, use_scheduler=True, scheduler_strategy='nsga_ii', scheduler_max_t=4, scheduler_grace_period=1, scheduler_reduction_factor=3, accelerator='gpu', use_scaling_config=True, data_path='/home/sn666/large-scale-data-processing/miniproject/data', remark='8e/moasha-nsga/maxt4red3/maxaccminparam')
Using 2 Objectives: {'ptl/val_accuracy': ObjectiveProperties(minimize=False, threshold=0.9), 'ptl/model_params': ObjectiveProperties(minimize=True, threshold=100000.0)}
Modes: ['max', 'min']
Metrics: ['ptl/val_accuracy', 'ptl/model_params']
Limiting concurrent trials to 10
Run config: RunConfig(storage_path='/home/sn666/ray_results', checkpoint_config=CheckpointConfig(num_to_keep=2, checkpoint_score_attribute='ptl/val_accuracy'), verbose=1)
Rungs: [{'level': 1, 'recorded': {}}, {'level': 3, 'recorded': {}}]
Using MO-ASHA scheduler: <lib.mobo_asha.MultiObjectiveAsyncHyperBandScheduler object at 0x795b8f3c32d0>
Tune config: TuneConfig(mode=None, metric=None, search_alg=<ray.tune.search.concurrency_limiter.ConcurrencyLimiter object at 0x795b8f3c1a10>, scheduler=<lib.mobo_asha.MultiObjectiveAsyncHyperBandScheduler object at 0x795b8f3c32d0>, num_samples=25, max_concurrent_trials=None, time_budget_s=None, reuse_actors=False, trial_name_creator=None, trial_dirname_creator=None, chdir_to_trial_dir='DEPRECATED')
Scaling config: ScalingConfig(num_workers=3, use_gpu=True, resources_per_worker={'CPU': 1, 'GPU': 1})
train_loop_config:  None
╭───────────────────────────────────────────────────────────────────────────────────╮
│ Configuration for experiment     TorchTrainerMultiObjective_2025-01-02_02-40-58   │
├───────────────────────────────────────────────────────────────────────────────────┤
│ Search algorithm                 SearchGenerator                                  │
│ Scheduler                        MultiObjectiveAsyncHyperBandScheduler            │
│ Number of trials                 25                                               │
╰───────────────────────────────────────────────────────────────────────────────────╯

View detailed results here: /home/sn666/ray_results/TorchTrainerMultiObjective_2025-01-02_02-40-58
To visualize your results with TensorBoard, run: `tensorboard --logdir /tmp/ray/session_2025-01-02_02-40-58_671072_3596510/artifacts/2025-01-02_02-41-01/TorchTrainerMultiObjective_2025-01-02_02-40-58/driver_artifacts`
Suggested config: {'layer_1_size': 16, 'layer_2_size': 64, 'layer_3_size': 128, 'dropout': 0.13843825161457063, 'batch_size': 64, 'learning_rate': 0.073830133497715}

Trial status: 1 PENDING
Current time: 2025-01-02 02:41:01. Total running time: 0s
Logical resource usage: 4.0/64 CPUs, 3.0/5 GPUs (0.0/1.0 accelerator_type:L4)
╭────────────────────────────────────────────────╮
│ Trial name                            status   │
├────────────────────────────────────────────────┤
│ TorchTrainerMultiObjective_35106ad4   PENDING  │
╰────────────────────────────────────────────────╯

Trial TorchTrainerMultiObjective_35106ad4 started with configuration:
╭──────────────────────────────────────────────────────────────╮
│ Trial TorchTrainerMultiObjective_35106ad4 config             │
├──────────────────────────────────────────────────────────────┤
│ batch_size                                                64 │
│ dropout                                              0.13844 │
│ layer_1_size                                              16 │
│ layer_2_size                                              64 │
│ layer_3_size                                             128 │
│ learning_rate                                        0.07383 │
╰──────────────────────────────────────────────────────────────╯
Suggested config: {'layer_1_size': 32, 'layer_2_size': 32, 'layer_3_size': 64, 'dropout': 0.251876275613904, 'batch_size': 128, 'learning_rate': 0.015981484482623636}
[36m(TorchTrainerMultiObjective pid=3600590)[0m train_loop_config:  {'layer_1_size': 16, 'layer_2_size': 64, 'layer_3_size': 128, 'dropout': 0.13843825161457063, 'batch_size': 64, 'learning_rate': 0.073830133497715}
[36m(RayTrainWorker pid=3600832)[0m printing config, {'layer_1_size': 16, 'layer_2_size': 64, 'layer_3_size': 128, 'dropout': 0.13843825161457063, 'batch_size': 64, 'learning_rate': 0.073830133497715}
[36m(RayTrainWorker pid=3600832)[0m Model parameters: 23258
[36m(RayTrainWorker pid=3600832)[0m Using accelerator: gpu
[36m(RayTrainWorker pid=3600831)[0m Using cached MNIST dataset...
Re-ordered existing solutions: None
Time taken for on_result: 1.5735626220703125e-05
Time taken for on_result: 4.5299530029296875e-06
Re-ordered existing solutions: None
Time taken for on_result: 3.4332275390625e-05
Time taken for on_result: 8.58306884765625e-06
Time taken for on_result: 2.384185791015625e-06
Time taken for on_result: 3.5762786865234375e-06
Time taken for on_result: 2.6226043701171875e-06

Trial status: 1 RUNNING | 1 PENDING
Current time: 2025-01-02 02:41:31. Total running time: 30s
Logical resource usage: 4.0/64 CPUs, 3.0/5 GPUs (0.0/1.0 accelerator_type:L4)
╭────────────────────────────────────────────────────────────────────────────────────────────────────────────────────────────────────────────────────────────╮
│ Trial name                            status       iter     total time (s)     ptl/train_loss     ptl/train_accuracy     ptl/val_loss     ptl/val_accuracy │
├────────────────────────────────────────────────────────────────────────────────────────────────────────────────────────────────────────────────────────────┤
│ TorchTrainerMultiObjective_35106ad4   RUNNING         7            23.6089            2.29294               0.133333          2.30613             0.103074 │
│ TorchTrainerMultiObjective_27df1c38   PENDING                                                                                                              │
╰────────────────────────────────────────────────────────────────────────────────────────────────────────────────────────────────────────────────────────────╯
Time taken for on_result: 3.0994415283203125e-06
Time taken for on_result: 2.86102294921875e-06
Result: {'ptl/train_loss': 2.3413469791412354, 'ptl/train_accuracy': 0.10000000149011612, 'ptl/val_loss': 2.310457944869995, 'ptl/val_accuracy': 0.11413323134183884, 'ptl/model_params': 23258.0, 'epoch': 7, 'step': 2296, 'timestamp': 1735785692, 'checkpoint_dir_name': 'checkpoint_000007', 'should_checkpoint': True, 'done': True, 'training_iteration': 8, 'trial_id': '35106ad4', 'date': '2025-01-02_02-41-32', 'time_this_iter_s': 2.3192856311798096, 'time_total_s': 25.928168773651123, 'pid': 3600590, 'hostname': 'gxp-l4-0', 'node_ip': '128.232.119.192', 'time_since_restore': 25.928168773651123, 'iterations_since_restore': 8, 'experiment_tag': '1_batch_size=64,dropout=0.1384,layer_1_size=16,layer_2_size=64,layer_3_size=128,learning_rate=0.0738', 'config/layer_1_size': 16, 'config/layer_2_size': 64, 'config/layer_3_size': 128, 'config/dropout': 0.13843825161457063, 'config/batch_size': 64, 'config/learning_rate': 0.073830133497715}
Metrics to include: ['ptl/val_accuracy', 'ptl/model_params']
Metric dict after trial: {'ptl/val_accuracy': (0.11413323134183884, None), 'ptl/model_params': (23258.0, None)}

Trial TorchTrainerMultiObjective_35106ad4 completed after 8 iterations at 2025-01-02 02:41:34. Total running time: 32s
╭────────────────────────────────────────────────────────────────────────╮
│ Trial TorchTrainerMultiObjective_35106ad4 result                       │
├────────────────────────────────────────────────────────────────────────┤
│ checkpoint_dir_name                                  checkpoint_000007 │
│ time_this_iter_s                                               2.31929 │
│ time_total_s                                                  25.92817 │
│ training_iteration                                                   8 │
│ epoch                                                                7 │
│ ptl/model_params                                                23258. │
│ ptl/train_accuracy                                                 0.1 │
│ ptl/train_loss                                                 2.34135 │
│ ptl/val_accuracy                                               0.11413 │
│ ptl/val_loss                                                   2.31046 │
│ step                                                              2296 │
╰────────────────────────────────────────────────────────────────────────╯

Trial TorchTrainerMultiObjective_27df1c38 started with configuration:
╭──────────────────────────────────────────────────────────────╮
│ Trial TorchTrainerMultiObjective_27df1c38 config             │
├──────────────────────────────────────────────────────────────┤
│ batch_size                                               128 │
│ dropout                                              0.25188 │
│ layer_1_size                                              32 │
│ layer_2_size                                              32 │
│ layer_3_size                                              64 │
│ learning_rate                                        0.01598 │
╰──────────────────────────────────────────────────────────────╯
Suggested config: {'layer_1_size': 32, 'layer_2_size': 64, 'layer_3_size': 128, 'dropout': 0.1864683240652084, 'batch_size': 128, 'learning_rate': 0.028368460080679506}
[36m(TorchTrainerMultiObjective pid=3614674)[0m train_loop_config:  {'layer_1_size': 32, 'layer_2_size': 32, 'layer_3_size': 64, 'dropout': 0.251876275613904, 'batch_size': 128, 'learning_rate': 0.015981484482623636}
[36m(RayTrainWorker pid=3600831)[0m printing config, {'layer_1_size': 16, 'layer_2_size': 64, 'layer_3_size': 128, 'dropout': 0.13843825161457063, 'batch_size': 64, 'learning_rate': 0.073830133497715}[32m [repeated 2x across cluster][0m
[36m(RayTrainWorker pid=3600831)[0m Model parameters: 23258[32m [repeated 2x across cluster][0m
[36m(RayTrainWorker pid=3600831)[0m Using accelerator: gpu[32m [repeated 2x across cluster][0m
[36m(RayTrainWorker pid=3600832)[0m Using cached MNIST dataset...[32m [repeated 2x across cluster][0m
[36m(RayTrainWorker pid=3614766)[0m printing config, {'layer_1_size': 32, 'layer_2_size': 32, 'layer_3_size': 64, 'dropout': 0.251876275613904, 'batch_size': 128, 'learning_rate': 0.015981484482623636}
[36m(RayTrainWorker pid=3614766)[0m Model parameters: 28938
[36m(RayTrainWorker pid=3614766)[0m Using accelerator: gpu
[36m(RayTrainWorker pid=3614767)[0m printing config, {'layer_1_size': 32, 'layer_2_size': 32, 'layer_3_size': 64, 'dropout': 0.251876275613904, 'batch_size': 128, 'learning_rate': 0.015981484482623636}
[36m(RayTrainWorker pid=3614767)[0m Model parameters: 28938
[36m(RayTrainWorker pid=3614767)[0m Using accelerator: gpu
[36m(RayTrainWorker pid=3614768)[0m Using cached MNIST dataset...
Recorded points (outer points): [[ 1.14133231e-01 -2.32580000e+04]]
Non-dominated points (outer function): [[ 1.14133231e-01 -2.32580000e+04]]
Fronts: [[0]]
All fronts: [[0]]
Crowding distance: [inf]
Front: [0]
Didn't sort front: [0]
Re-ordered existing solutions: [[ 1.14133231e-01 -2.32580000e+04]]
New metrics: [ 8.84672701e-01 -2.89380000e+04]
Candidates before adding metrics: [[ 1.14133231e-01 -2.32580000e+04]]
Candidates after adding metrics: [[ 1.14133231e-01 -2.32580000e+04]
 [ 8.84672701e-01 -2.89380000e+04]]
Fronts: [[0, 1]]
All fronts: [[0, 1]]
Crowding distance: [inf inf]
Front: [0, 1]
Sorted front: [0, 1]
Not enough to promote: [ 8.84672701e-01 -2.89380000e+04] not in top 1
[Rung=1] Trial 27df1c38 is dominated. -> STOP
Time taken for on_result: 0.002325296401977539
Time taken for on_result: 1.9073486328125e-06
Result: {'ptl/train_loss': 0.585540235042572, 'ptl/train_accuracy': 0.800000011920929, 'ptl/val_loss': 0.3889373540878296, 'ptl/val_accuracy': 0.8846727013587952, 'ptl/model_params': 28938.0, 'epoch': 0, 'step': 144, 'timestamp': 1735785708, 'checkpoint_dir_name': 'checkpoint_000000', 'should_checkpoint': True, 'done': True, 'training_iteration': 1, 'trial_id': '27df1c38', 'date': '2025-01-02_02-41-48', 'time_this_iter_s': 8.915541172027588, 'time_total_s': 8.915541172027588, 'pid': 3614674, 'hostname': 'gxp-l4-0', 'node_ip': '128.232.119.192', 'time_since_restore': 8.915541172027588, 'iterations_since_restore': 1, 'experiment_tag': '2_batch_size=128,dropout=0.2519,layer_1_size=32,layer_2_size=32,layer_3_size=64,learning_rate=0.0160', 'config/layer_1_size': 32, 'config/layer_2_size': 32, 'config/layer_3_size': 64, 'config/dropout': 0.251876275613904, 'config/batch_size': 128, 'config/learning_rate': 0.015981484482623636}
Metrics to include: ['ptl/val_accuracy', 'ptl/model_params']
Metric dict after trial: {'ptl/val_accuracy': (0.8846727013587952, None), 'ptl/model_params': (28938.0, None)}

Trial TorchTrainerMultiObjective_27df1c38 completed after 1 iterations at 2025-01-02 02:41:48. Total running time: 47s
╭────────────────────────────────────────────────────────────────────────╮
│ Trial TorchTrainerMultiObjective_27df1c38 result                       │
├────────────────────────────────────────────────────────────────────────┤
│ checkpoint_dir_name                                  checkpoint_000000 │
│ time_this_iter_s                                               8.91554 │
│ time_total_s                                                   8.91554 │
│ training_iteration                                                   1 │
│ epoch                                                                0 │
│ ptl/model_params                                                28938. │
│ ptl/train_accuracy                                                 0.8 │
│ ptl/train_loss                                                 0.58554 │
│ ptl/val_accuracy                                               0.88467 │
│ ptl/val_loss                                                   0.38894 │
│ step                                                               144 │
╰────────────────────────────────────────────────────────────────────────╯

Trial TorchTrainerMultiObjective_b9651775 started with configuration:
╭──────────────────────────────────────────────────────────────╮
│ Trial TorchTrainerMultiObjective_b9651775 config             │
├──────────────────────────────────────────────────────────────┤
│ batch_size                                               128 │
│ dropout                                              0.18647 │
│ layer_1_size                                              32 │
│ layer_2_size                                              64 │
│ layer_3_size                                             128 │
│ learning_rate                                        0.02837 │
╰──────────────────────────────────────────────────────────────╯
Suggested config: {'layer_1_size': 16, 'layer_2_size': 32, 'layer_3_size': 64, 'dropout': 0.22341408245265482, 'batch_size': 64, 'learning_rate': 0.08602809052988887}
[36m(TorchTrainerMultiObjective pid=3618230)[0m train_loop_config:  {'layer_1_size': 32, 'layer_2_size': 64, 'layer_3_size': 128, 'dropout': 0.1864683240652084, 'batch_size': 128, 'learning_rate': 0.028368460080679506}
[36m(RayTrainWorker pid=3614768)[0m printing config, {'layer_1_size': 32, 'layer_2_size': 32, 'layer_3_size': 64, 'dropout': 0.251876275613904, 'batch_size': 128, 'learning_rate': 0.015981484482623636}
[36m(RayTrainWorker pid=3614768)[0m Model parameters: 28938
[36m(RayTrainWorker pid=3614768)[0m Using accelerator: gpu
[36m(RayTrainWorker pid=3614767)[0m Using cached MNIST dataset...[32m [repeated 2x across cluster][0m
[36m(RayTrainWorker pid=3618325)[0m printing config, {'layer_1_size': 32, 'layer_2_size': 64, 'layer_3_size': 128, 'dropout': 0.1864683240652084, 'batch_size': 128, 'learning_rate': 0.028368460080679506}
[36m(RayTrainWorker pid=3618325)[0m Model parameters: 36842
[36m(RayTrainWorker pid=3618325)[0m Using accelerator: gpu

Trial status: 2 TERMINATED | 1 RUNNING | 1 PENDING
Current time: 2025-01-02 02:42:01. Total running time: 1min 0s
Logical resource usage: 4.0/64 CPUs, 3.0/5 GPUs (0.0/1.0 accelerator_type:L4)
╭──────────────────────────────────────────────────────────────────────────────────────────────────────────────────────────────────────────────────────────────╮
│ Trial name                            status         iter     total time (s)     ptl/train_loss     ptl/train_accuracy     ptl/val_loss     ptl/val_accuracy │
├──────────────────────────────────────────────────────────────────────────────────────────────────────────────────────────────────────────────────────────────┤
│ TorchTrainerMultiObjective_b9651775   RUNNING                                                                                                                │
│ TorchTrainerMultiObjective_35106ad4   TERMINATED        8           25.9282             2.34135                    0.1         2.31046              0.114133 │
│ TorchTrainerMultiObjective_27df1c38   TERMINATED        1            8.91554            0.58554                    0.8         0.388937             0.884673 │
│ TorchTrainerMultiObjective_b842e203   PENDING                                                                                                                │
╰──────────────────────────────────────────────────────────────────────────────────────────────────────────────────────────────────────────────────────────────╯
[36m(RayTrainWorker pid=3618323)[0m Using cached MNIST dataset...
Recorded points (outer points): [[ 1.14133231e-01 -2.32580000e+04]
 [ 8.84672701e-01 -2.89380000e+04]]
Non-dominated points (outer function): [[ 1.14133231e-01 -2.32580000e+04]
 [ 8.84672701e-01 -2.89380000e+04]]
Fronts: [[0, 1]]
All fronts: [[0, 1]]
Crowding distance: [inf inf]
Front: [0, 1]
Sorted front: [0, 1]
Re-ordered existing solutions: [[ 1.14133231e-01 -2.32580000e+04]
 [ 8.84672701e-01 -2.89380000e+04]]
New metrics: [ 7.77033746e-01 -3.68420000e+04]
Candidates before adding metrics: [[ 1.14133231e-01 -2.32580000e+04]
 [ 8.84672701e-01 -2.89380000e+04]]
Candidates after adding metrics: [[ 1.14133231e-01 -2.32580000e+04]
 [ 8.84672701e-01 -2.89380000e+04]
 [ 7.77033746e-01 -3.68420000e+04]]
Fronts: [[0, 1]]
All fronts: [[0, 1], [2]]
Crowding distance: [inf inf]
Front: [0, 1]
Sorted front: [0, 1]
Crowding distance: [inf]
Front: [2]
Didn't sort front: [2]
Not enough to promote: [ 7.77033746e-01 -3.68420000e+04] not in top 1
[Rung=1] Trial b9651775 is dominated. -> STOP
Time taken for on_result: 0.0015375614166259766
Time taken for on_result: 2.1457672119140625e-06
Result: {'ptl/train_loss': 0.8819177150726318, 'ptl/train_accuracy': 0.7333333492279053, 'ptl/val_loss': 0.7290907502174377, 'ptl/val_accuracy': 0.7770337462425232, 'ptl/model_params': 36842.0, 'epoch': 0, 'step': 144, 'timestamp': 1735785724, 'checkpoint_dir_name': 'checkpoint_000000', 'should_checkpoint': True, 'done': True, 'training_iteration': 1, 'trial_id': 'b9651775', 'date': '2025-01-02_02-42-04', 'time_this_iter_s': 9.879156351089478, 'time_total_s': 9.879156351089478, 'pid': 3618230, 'hostname': 'gxp-l4-0', 'node_ip': '128.232.119.192', 'time_since_restore': 9.879156351089478, 'iterations_since_restore': 1, 'experiment_tag': '3_batch_size=128,dropout=0.1865,layer_1_size=32,layer_2_size=64,layer_3_size=128,learning_rate=0.0284', 'config/layer_1_size': 32, 'config/layer_2_size': 64, 'config/layer_3_size': 128, 'config/dropout': 0.1864683240652084, 'config/batch_size': 128, 'config/learning_rate': 0.028368460080679506}
Metrics to include: ['ptl/val_accuracy', 'ptl/model_params']
Metric dict after trial: {'ptl/val_accuracy': (0.7770337462425232, None), 'ptl/model_params': (36842.0, None)}

Trial TorchTrainerMultiObjective_b9651775 completed after 1 iterations at 2025-01-02 02:42:04. Total running time: 1min 3s
╭────────────────────────────────────────────────────────────────────────╮
│ Trial TorchTrainerMultiObjective_b9651775 result                       │
├────────────────────────────────────────────────────────────────────────┤
│ checkpoint_dir_name                                  checkpoint_000000 │
│ time_this_iter_s                                               9.87916 │
│ time_total_s                                                   9.87916 │
│ training_iteration                                                   1 │
│ epoch                                                                0 │
│ ptl/model_params                                                36842. │
│ ptl/train_accuracy                                             0.73333 │
│ ptl/train_loss                                                 0.88192 │
│ ptl/val_accuracy                                               0.77703 │
│ ptl/val_loss                                                   0.72909 │
│ step                                                               144 │
╰────────────────────────────────────────────────────────────────────────╯

Trial TorchTrainerMultiObjective_b842e203 started with configuration:
╭──────────────────────────────────────────────────────────────╮
│ Trial TorchTrainerMultiObjective_b842e203 config             │
├──────────────────────────────────────────────────────────────┤
│ batch_size                                                64 │
│ dropout                                              0.22341 │
│ layer_1_size                                              16 │
│ layer_2_size                                              32 │
│ layer_3_size                                              64 │
│ learning_rate                                        0.08603 │
╰──────────────────────────────────────────────────────────────╯
Suggested config: {'layer_1_size': 16, 'layer_2_size': 64, 'layer_3_size': 64, 'dropout': 0.22623987700790166, 'batch_size': 64, 'learning_rate': 0.06025507553126663}
[36m(TorchTrainerMultiObjective pid=3621319)[0m train_loop_config:  {'layer_1_size': 16, 'layer_2_size': 32, 'layer_3_size': 64, 'dropout': 0.22341408245265482, 'batch_size': 64, 'learning_rate': 0.08602809052988887}
[36m(RayTrainWorker pid=3618324)[0m printing config, {'layer_1_size': 32, 'layer_2_size': 64, 'layer_3_size': 128, 'dropout': 0.1864683240652084, 'batch_size': 128, 'learning_rate': 0.028368460080679506}[32m [repeated 2x across cluster][0m
[36m(RayTrainWorker pid=3618324)[0m Model parameters: 36842[32m [repeated 2x across cluster][0m
[36m(RayTrainWorker pid=3618324)[0m Using accelerator: gpu[32m [repeated 2x across cluster][0m
[36m(RayTrainWorker pid=3618325)[0m Using cached MNIST dataset...[32m [repeated 2x across cluster][0m
[36m(RayTrainWorker pid=3621861)[0m printing config, {'layer_1_size': 16, 'layer_2_size': 32, 'layer_3_size': 64, 'dropout': 0.22341408245265482, 'batch_size': 64, 'learning_rate': 0.08602809052988887}
[36m(RayTrainWorker pid=3621861)[0m Model parameters: 15866
[36m(RayTrainWorker pid=3621861)[0m Using accelerator: gpu
[36m(RayTrainWorker pid=3621863)[0m printing config, {'layer_1_size': 16, 'layer_2_size': 32, 'layer_3_size': 64, 'dropout': 0.22341408245265482, 'batch_size': 64, 'learning_rate': 0.08602809052988887}
[36m(RayTrainWorker pid=3621863)[0m Model parameters: 15866
[36m(RayTrainWorker pid=3621863)[0m Using accelerator: gpu
[36m(RayTrainWorker pid=3621863)[0m Using cached MNIST dataset...
Recorded points (outer points): [[ 1.14133231e-01 -2.32580000e+04]
 [ 8.84672701e-01 -2.89380000e+04]
 [ 7.77033746e-01 -3.68420000e+04]]
Non-dominated points (outer function): [[ 1.14133231e-01 -2.32580000e+04]
 [ 8.84672701e-01 -2.89380000e+04]]
Fronts: [[0, 1]]
All fronts: [[0, 1]]
Crowding distance: [inf inf]
Front: [0, 1]
Sorted front: [0, 1]
Re-ordered existing solutions: [[ 1.14133231e-01 -2.32580000e+04]
 [ 8.84672701e-01 -2.89380000e+04]]
New metrics: [ 1.11368321e-01 -1.58660010e+04]
Candidates before adding metrics: [[ 1.14133231e-01 -2.32580000e+04]
 [ 8.84672701e-01 -2.89380000e+04]]
Candidates after adding metrics: [[ 1.14133231e-01 -2.32580000e+04]
 [ 8.84672701e-01 -2.89380000e+04]
 [ 1.11368321e-01 -1.58660010e+04]]
Fronts: [[0, 1, 2]]
All fronts: [[0, 1, 2]]
Crowding distance: [ 2. inf inf]
Front: [0, 1, 2]
Sorted front: [1, 2, 0]
Not enough to promote: [ 1.11368321e-01 -1.58660010e+04] not in top 1
[Rung=1] Trial b842e203 is dominated. -> STOP
Time taken for on_result: 0.0011615753173828125
Time taken for on_result: 1.9073486328125e-06
Result: {'ptl/train_loss': 2.336857557296753, 'ptl/train_accuracy': 0.06666667014360428, 'ptl/val_loss': 2.304426670074463, 'ptl/val_accuracy': 0.1113683208823204, 'ptl/model_params': 15866.0009765625, 'epoch': 0, 'step': 287, 'timestamp': 1735785739, 'checkpoint_dir_name': 'checkpoint_000000', 'should_checkpoint': True, 'done': True, 'training_iteration': 1, 'trial_id': 'b842e203', 'date': '2025-01-02_02-42-19', 'time_this_iter_s': 9.721869945526123, 'time_total_s': 9.721869945526123, 'pid': 3621319, 'hostname': 'gxp-l4-0', 'node_ip': '128.232.119.192', 'time_since_restore': 9.721869945526123, 'iterations_since_restore': 1, 'experiment_tag': '4_batch_size=64,dropout=0.2234,layer_1_size=16,layer_2_size=32,layer_3_size=64,learning_rate=0.0860', 'config/layer_1_size': 16, 'config/layer_2_size': 32, 'config/layer_3_size': 64, 'config/dropout': 0.22341408245265482, 'config/batch_size': 64, 'config/learning_rate': 0.08602809052988887}
Metrics to include: ['ptl/val_accuracy', 'ptl/model_params']
Metric dict after trial: {'ptl/val_accuracy': (0.1113683208823204, None), 'ptl/model_params': (15866.0009765625, None)}

Trial TorchTrainerMultiObjective_b842e203 completed after 1 iterations at 2025-01-02 02:42:19. Total running time: 1min 18s
╭────────────────────────────────────────────────────────────────────────╮
│ Trial TorchTrainerMultiObjective_b842e203 result                       │
├────────────────────────────────────────────────────────────────────────┤
│ checkpoint_dir_name                                  checkpoint_000000 │
│ time_this_iter_s                                               9.72187 │
│ time_total_s                                                   9.72187 │
│ training_iteration                                                   1 │
│ epoch                                                                0 │
│ ptl/model_params                                           15866.00098 │
│ ptl/train_accuracy                                             0.06667 │
│ ptl/train_loss                                                 2.33686 │
│ ptl/val_accuracy                                               0.11137 │
│ ptl/val_loss                                                   2.30443 │
│ step                                                               287 │
╰────────────────────────────────────────────────────────────────────────╯

Trial TorchTrainerMultiObjective_2486ad44 started with configuration:
╭──────────────────────────────────────────────────────────────╮
│ Trial TorchTrainerMultiObjective_2486ad44 config             │
├──────────────────────────────────────────────────────────────┤
│ batch_size                                                64 │
│ dropout                                              0.22624 │
│ layer_1_size                                              16 │
│ layer_2_size                                              64 │
│ layer_3_size                                              64 │
│ learning_rate                                        0.06026 │
╰──────────────────────────────────────────────────────────────╯
Suggested config: {'layer_1_size': 32, 'layer_2_size': 32, 'layer_3_size': 128, 'dropout': 0.16466039661318063, 'batch_size': 128, 'learning_rate': 0.005715843365062028}
[36m(TorchTrainerMultiObjective pid=3625063)[0m train_loop_config:  {'layer_1_size': 16, 'layer_2_size': 64, 'layer_3_size': 64, 'dropout': 0.22623987700790166, 'batch_size': 64, 'learning_rate': 0.06025507553126663}
[36m(RayTrainWorker pid=3621862)[0m printing config, {'layer_1_size': 16, 'layer_2_size': 32, 'layer_3_size': 64, 'dropout': 0.22341408245265482, 'batch_size': 64, 'learning_rate': 0.08602809052988887}
[36m(RayTrainWorker pid=3621862)[0m Model parameters: 15866
[36m(RayTrainWorker pid=3621862)[0m Using accelerator: gpu
[36m(RayTrainWorker pid=3621861)[0m Using cached MNIST dataset...[32m [repeated 2x across cluster][0m
[36m(RayTrainWorker pid=3625229)[0m printing config, {'layer_1_size': 16, 'layer_2_size': 64, 'layer_3_size': 64, 'dropout': 0.22623987700790166, 'batch_size': 64, 'learning_rate': 0.06025507553126663}
[36m(RayTrainWorker pid=3625229)[0m Model parameters: 18458
[36m(RayTrainWorker pid=3625229)[0m Using accelerator: gpu
[36m(RayTrainWorker pid=3625229)[0m Using cached MNIST dataset...

Trial status: 4 TERMINATED | 1 RUNNING | 1 PENDING
Current time: 2025-01-02 02:42:31. Total running time: 1min 30s
Logical resource usage: 4.0/64 CPUs, 3.0/5 GPUs (0.0/1.0 accelerator_type:L4)
╭──────────────────────────────────────────────────────────────────────────────────────────────────────────────────────────────────────────────────────────────╮
│ Trial name                            status         iter     total time (s)     ptl/train_loss     ptl/train_accuracy     ptl/val_loss     ptl/val_accuracy │
├──────────────────────────────────────────────────────────────────────────────────────────────────────────────────────────────────────────────────────────────┤
│ TorchTrainerMultiObjective_2486ad44   RUNNING                                                                                                                │
│ TorchTrainerMultiObjective_35106ad4   TERMINATED        8           25.9282            2.34135               0.1               2.31046              0.114133 │
│ TorchTrainerMultiObjective_27df1c38   TERMINATED        1            8.91554           0.58554               0.8               0.388937             0.884673 │
│ TorchTrainerMultiObjective_b9651775   TERMINATED        1            9.87916           0.881918              0.733333          0.729091             0.777034 │
│ TorchTrainerMultiObjective_b842e203   TERMINATED        1            9.72187           2.33686               0.0666667         2.30443              0.111368 │
│ TorchTrainerMultiObjective_5624884f   PENDING                                                                                                                │
╰──────────────────────────────────────────────────────────────────────────────────────────────────────────────────────────────────────────────────────────────╯
Recorded points (outer points): [[ 1.14133231e-01 -2.32580000e+04]
 [ 8.84672701e-01 -2.89380000e+04]
 [ 7.77033746e-01 -3.68420000e+04]
 [ 1.11368321e-01 -1.58660010e+04]]
Non-dominated points (outer function): [[ 1.14133231e-01 -2.32580000e+04]
 [ 8.84672701e-01 -2.89380000e+04]
 [ 1.11368321e-01 -1.58660010e+04]]
Fronts: [[0, 1, 2]]
All fronts: [[0, 1, 2]]
Crowding distance: [ 2. inf inf]
Front: [0, 1, 2]
Sorted front: [1, 2, 0]
Re-ordered existing solutions: [[ 8.84672701e-01 -2.89380000e+04]
 [ 1.11368321e-01 -1.58660010e+04]
 [ 1.14133231e-01 -2.32580000e+04]]
New metrics: [ 9.3942903e-02 -1.8458000e+04]
Candidates before adding metrics: [[ 8.84672701e-01 -2.89380000e+04]
 [ 1.11368321e-01 -1.58660010e+04]
 [ 1.14133231e-01 -2.32580000e+04]]
Candidates after adding metrics: [[ 8.84672701e-01 -2.89380000e+04]
 [ 1.11368321e-01 -1.58660010e+04]
 [ 1.14133231e-01 -2.32580000e+04]
 [ 9.39429030e-02 -1.84580000e+04]]
Fronts: [[0, 1, 2]]
All fronts: [[0, 1, 2], [3]]
Crowding distance: [inf inf  2.]
Front: [0, 1, 2]
Sorted front: [0, 1, 2]
Crowding distance: [inf]
Front: [3]
Didn't sort front: [3]
Not enough to promote: [ 9.3942903e-02 -1.8458000e+04] not in top 1
[Rung=1] Trial 2486ad44 is dominated. -> STOP
Time taken for on_result: 0.0012683868408203125
Time taken for on_result: 1.9073486328125e-06
Result: {'ptl/train_loss': 2.296020030975342, 'ptl/train_accuracy': 0.06666667014360428, 'ptl/val_loss': 2.304797887802124, 'ptl/val_accuracy': 0.09394290298223495, 'ptl/model_params': 18458.0, 'epoch': 0, 'step': 287, 'timestamp': 1735785754, 'checkpoint_dir_name': 'checkpoint_000000', 'should_checkpoint': True, 'done': True, 'training_iteration': 1, 'trial_id': '2486ad44', 'date': '2025-01-02_02-42-34', 'time_this_iter_s': 9.487386226654053, 'time_total_s': 9.487386226654053, 'pid': 3625063, 'hostname': 'gxp-l4-0', 'node_ip': '128.232.119.192', 'time_since_restore': 9.487386226654053, 'iterations_since_restore': 1, 'experiment_tag': '5_batch_size=64,dropout=0.2262,layer_1_size=16,layer_2_size=64,layer_3_size=64,learning_rate=0.0603', 'config/layer_1_size': 16, 'config/layer_2_size': 64, 'config/layer_3_size': 64, 'config/dropout': 0.22623987700790166, 'config/batch_size': 64, 'config/learning_rate': 0.06025507553126663}
Metrics to include: ['ptl/val_accuracy', 'ptl/model_params']
Metric dict after trial: {'ptl/val_accuracy': (0.09394290298223495, None), 'ptl/model_params': (18458.0, None)}

Trial TorchTrainerMultiObjective_2486ad44 completed after 1 iterations at 2025-01-02 02:42:34. Total running time: 1min 32s
╭────────────────────────────────────────────────────────────────────────╮
│ Trial TorchTrainerMultiObjective_2486ad44 result                       │
├────────────────────────────────────────────────────────────────────────┤
│ checkpoint_dir_name                                  checkpoint_000000 │
│ time_this_iter_s                                               9.48739 │
│ time_total_s                                                   9.48739 │
│ training_iteration                                                   1 │
│ epoch                                                                0 │
│ ptl/model_params                                                18458. │
│ ptl/train_accuracy                                             0.06667 │
│ ptl/train_loss                                                 2.29602 │
│ ptl/val_accuracy                                               0.09394 │
│ ptl/val_loss                                                    2.3048 │
│ step                                                               287 │
╰────────────────────────────────────────────────────────────────────────╯

Trial TorchTrainerMultiObjective_5624884f started with configuration:
╭──────────────────────────────────────────────────────────────╮
│ Trial TorchTrainerMultiObjective_5624884f config             │
├──────────────────────────────────────────────────────────────┤
│ batch_size                                               128 │
│ dropout                                              0.16466 │
│ layer_1_size                                              32 │
│ layer_2_size                                              32 │
│ layer_3_size                                             128 │
│ learning_rate                                        0.00572 │
╰──────────────────────────────────────────────────────────────╯
Suggested config: {'layer_1_size': 32, 'layer_2_size': 64, 'layer_3_size': 64, 'dropout': 0.298464329354465, 'batch_size': 128, 'learning_rate': 0.043278867394849665}
[36m(TorchTrainerMultiObjective pid=3628570)[0m train_loop_config:  {'layer_1_size': 32, 'layer_2_size': 32, 'layer_3_size': 128, 'dropout': 0.16466039661318063, 'batch_size': 128, 'learning_rate': 0.005715843365062028}
[36m(RayTrainWorker pid=3625230)[0m printing config, {'layer_1_size': 16, 'layer_2_size': 64, 'layer_3_size': 64, 'dropout': 0.22623987700790166, 'batch_size': 64, 'learning_rate': 0.06025507553126663}[32m [repeated 2x across cluster][0m
[36m(RayTrainWorker pid=3625230)[0m Model parameters: 18458[32m [repeated 2x across cluster][0m
[36m(RayTrainWorker pid=3625230)[0m Using accelerator: gpu[32m [repeated 2x across cluster][0m
[36m(RayTrainWorker pid=3625230)[0m Using cached MNIST dataset...[32m [repeated 2x across cluster][0m
[36m(RayTrainWorker pid=3628662)[0m printing config, {'layer_1_size': 32, 'layer_2_size': 32, 'layer_3_size': 128, 'dropout': 0.16466039661318063, 'batch_size': 128, 'learning_rate': 0.005715843365062028}
[36m(RayTrainWorker pid=3628662)[0m Model parameters: 31690
[36m(RayTrainWorker pid=3628662)[0m Using accelerator: gpu
[36m(RayTrainWorker pid=3628664)[0m printing config, {'layer_1_size': 32, 'layer_2_size': 32, 'layer_3_size': 128, 'dropout': 0.16466039661318063, 'batch_size': 128, 'learning_rate': 0.005715843365062028}
[36m(RayTrainWorker pid=3628664)[0m Model parameters: 31690
[36m(RayTrainWorker pid=3628664)[0m Using accelerator: gpu
[36m(RayTrainWorker pid=3628663)[0m Using cached MNIST dataset...
Recorded points (outer points): [[ 1.14133231e-01 -2.32580000e+04]
 [ 8.84672701e-01 -2.89380000e+04]
 [ 7.77033746e-01 -3.68420000e+04]
 [ 1.11368321e-01 -1.58660010e+04]
 [ 9.39429030e-02 -1.84580000e+04]]
Non-dominated points (outer function): [[ 1.14133231e-01 -2.32580000e+04]
 [ 8.84672701e-01 -2.89380000e+04]
 [ 1.11368321e-01 -1.58660010e+04]]
Fronts: [[0, 1, 2]]
All fronts: [[0, 1, 2]]
Crowding distance: [ 2. inf inf]
Front: [0, 1, 2]
Sorted front: [1, 2, 0]
Re-ordered existing solutions: [[ 8.84672701e-01 -2.89380000e+04]
 [ 1.11368321e-01 -1.58660010e+04]
 [ 1.14133231e-01 -2.32580000e+04]]
New metrics: [ 9.2968756e-01 -3.1690002e+04]
Candidates before adding metrics: [[ 8.84672701e-01 -2.89380000e+04]
 [ 1.11368321e-01 -1.58660010e+04]
 [ 1.14133231e-01 -2.32580000e+04]]
Candidates after adding metrics: [[ 8.84672701e-01 -2.89380000e+04]
 [ 1.11368321e-01 -1.58660010e+04]
 [ 1.14133231e-01 -2.32580000e+04]
 [ 9.29687560e-01 -3.16900020e+04]]
Fronts: [[0, 1, 2, 3]]
All fronts: [[0, 1, 2, 3]]
Crowding distance: [1.5294828         inf 1.77107792        inf]
Front: [0, 1, 2, 3]
Sorted front: [1, 3, 2, 0]
Not enough to promote: [ 9.2968756e-01 -3.1690002e+04] not in top 1
[Rung=1] Trial 5624884f is dominated. -> STOP
Time taken for on_result: 0.0011563301086425781
Time taken for on_result: 1.9073486328125e-06
Result: {'ptl/train_loss': 0.4229884147644043, 'ptl/train_accuracy': 0.9333333373069763, 'ptl/val_loss': 0.2318713366985321, 'ptl/val_accuracy': 0.9296875596046448, 'ptl/model_params': 31690.001953125, 'epoch': 0, 'step': 144, 'timestamp': 1735785768, 'checkpoint_dir_name': 'checkpoint_000000', 'should_checkpoint': True, 'done': True, 'training_iteration': 1, 'trial_id': '5624884f', 'date': '2025-01-02_02-42-48', 'time_this_iter_s': 8.87041187286377, 'time_total_s': 8.87041187286377, 'pid': 3628570, 'hostname': 'gxp-l4-0', 'node_ip': '128.232.119.192', 'time_since_restore': 8.87041187286377, 'iterations_since_restore': 1, 'experiment_tag': '6_batch_size=128,dropout=0.1647,layer_1_size=32,layer_2_size=32,layer_3_size=128,learning_rate=0.0057', 'config/layer_1_size': 32, 'config/layer_2_size': 32, 'config/layer_3_size': 128, 'config/dropout': 0.16466039661318063, 'config/batch_size': 128, 'config/learning_rate': 0.005715843365062028}
Metrics to include: ['ptl/val_accuracy', 'ptl/model_params']
Metric dict after trial: {'ptl/val_accuracy': (0.9296875596046448, None), 'ptl/model_params': (31690.001953125, None)}

Trial TorchTrainerMultiObjective_5624884f completed after 1 iterations at 2025-01-02 02:42:48. Total running time: 1min 47s
╭────────────────────────────────────────────────────────────────────────╮
│ Trial TorchTrainerMultiObjective_5624884f result                       │
├────────────────────────────────────────────────────────────────────────┤
│ checkpoint_dir_name                                  checkpoint_000000 │
│ time_this_iter_s                                               8.87041 │
│ time_total_s                                                   8.87041 │
│ training_iteration                                                   1 │
│ epoch                                                                0 │
│ ptl/model_params                                           31690.00195 │
│ ptl/train_accuracy                                             0.93333 │
│ ptl/train_loss                                                 0.42299 │
│ ptl/val_accuracy                                               0.92969 │
│ ptl/val_loss                                                   0.23187 │
│ step                                                               144 │
╰────────────────────────────────────────────────────────────────────────╯

Trial TorchTrainerMultiObjective_2cac529d started with configuration:
╭──────────────────────────────────────────────────────────────╮
│ Trial TorchTrainerMultiObjective_2cac529d config             │
├──────────────────────────────────────────────────────────────┤
│ batch_size                                               128 │
│ dropout                                              0.29846 │
│ layer_1_size                                              32 │
│ layer_2_size                                              64 │
│ layer_3_size                                              64 │
│ learning_rate                                        0.04328 │
╰──────────────────────────────────────────────────────────────╯
Suggested config: {'layer_1_size': 16, 'layer_2_size': 32, 'layer_3_size': 128, 'dropout': 0.11044132430106401, 'batch_size': 64, 'learning_rate': 0.09800711952252314}
[36m(TorchTrainerMultiObjective pid=3631685)[0m train_loop_config:  {'layer_1_size': 32, 'layer_2_size': 64, 'layer_3_size': 64, 'dropout': 0.298464329354465, 'batch_size': 128, 'learning_rate': 0.043278867394849665}
[36m(RayTrainWorker pid=3628663)[0m printing config, {'layer_1_size': 32, 'layer_2_size': 32, 'layer_3_size': 128, 'dropout': 0.16466039661318063, 'batch_size': 128, 'learning_rate': 0.005715843365062028}
[36m(RayTrainWorker pid=3628663)[0m Model parameters: 31690
[36m(RayTrainWorker pid=3628663)[0m Using accelerator: gpu
[36m(RayTrainWorker pid=3628662)[0m Using cached MNIST dataset...[32m [repeated 2x across cluster][0m
[36m(RayTrainWorker pid=3632225)[0m printing config, {'layer_1_size': 32, 'layer_2_size': 64, 'layer_3_size': 64, 'dropout': 0.298464329354465, 'batch_size': 128, 'learning_rate': 0.043278867394849665}
[36m(RayTrainWorker pid=3632225)[0m Model parameters: 32042
[36m(RayTrainWorker pid=3632225)[0m Using accelerator: gpu
[36m(RayTrainWorker pid=3632226)[0m Using cached MNIST dataset...

Trial status: 6 TERMINATED | 1 RUNNING | 1 PENDING
Current time: 2025-01-02 02:43:01. Total running time: 2min 0s
Logical resource usage: 4.0/64 CPUs, 3.0/5 GPUs (0.0/1.0 accelerator_type:L4)
╭──────────────────────────────────────────────────────────────────────────────────────────────────────────────────────────────────────────────────────────────╮
│ Trial name                            status         iter     total time (s)     ptl/train_loss     ptl/train_accuracy     ptl/val_loss     ptl/val_accuracy │
├──────────────────────────────────────────────────────────────────────────────────────────────────────────────────────────────────────────────────────────────┤
│ TorchTrainerMultiObjective_2cac529d   RUNNING                                                                                                                │
│ TorchTrainerMultiObjective_35106ad4   TERMINATED        8           25.9282            2.34135               0.1               2.31046             0.114133  │
│ TorchTrainerMultiObjective_27df1c38   TERMINATED        1            8.91554           0.58554               0.8               0.388937            0.884673  │
│ TorchTrainerMultiObjective_b9651775   TERMINATED        1            9.87916           0.881918              0.733333          0.729091            0.777034  │
│ TorchTrainerMultiObjective_b842e203   TERMINATED        1            9.72187           2.33686               0.0666667         2.30443             0.111368  │
│ TorchTrainerMultiObjective_2486ad44   TERMINATED        1            9.48739           2.29602               0.0666667         2.3048              0.0939429 │
│ TorchTrainerMultiObjective_5624884f   TERMINATED        1            8.87041           0.422988              0.933333          0.231871            0.929688  │
│ TorchTrainerMultiObjective_63ee6065   PENDING                                                                                                                │
╰──────────────────────────────────────────────────────────────────────────────────────────────────────────────────────────────────────────────────────────────╯
Recorded points (outer points): [[ 1.14133231e-01 -2.32580000e+04]
 [ 8.84672701e-01 -2.89380000e+04]
 [ 7.77033746e-01 -3.68420000e+04]
 [ 1.11368321e-01 -1.58660010e+04]
 [ 9.39429030e-02 -1.84580000e+04]
 [ 9.29687560e-01 -3.16900020e+04]]
Non-dominated points (outer function): [[ 1.14133231e-01 -2.32580000e+04]
 [ 8.84672701e-01 -2.89380000e+04]
 [ 1.11368321e-01 -1.58660010e+04]
 [ 9.29687560e-01 -3.16900020e+04]]
Fronts: [[0, 1, 2, 3]]
All fronts: [[0, 1, 2, 3]]
Crowding distance: [1.77107792 1.5294828         inf        inf]
Front: [0, 1, 2, 3]
Sorted front: [2, 3, 0, 1]
Re-ordered existing solutions: [[ 1.11368321e-01 -1.58660010e+04]
 [ 9.29687560e-01 -3.16900020e+04]
 [ 1.14133231e-01 -2.32580000e+04]
 [ 8.84672701e-01 -2.89380000e+04]]
New metrics: [ 4.55729216e-01 -3.20420000e+04]
Candidates before adding metrics: [[ 1.11368321e-01 -1.58660010e+04]
 [ 9.29687560e-01 -3.16900020e+04]
 [ 1.14133231e-01 -2.32580000e+04]
 [ 8.84672701e-01 -2.89380000e+04]]
Candidates after adding metrics: [[ 1.11368321e-01 -1.58660010e+04]
 [ 9.29687560e-01 -3.16900020e+04]
 [ 1.14133231e-01 -2.32580000e+04]
 [ 8.84672701e-01 -2.89380000e+04]
 [ 4.55729216e-01 -3.20420000e+04]]
Fronts: [[0, 1, 2, 3]]
All fronts: [[0, 1, 2, 3], [4]]
Crowding distance: [       inf        inf 1.77107792 1.5294828 ]
Front: [0, 1, 2, 3]
Sorted front: [0, 1, 2, 3]
Crowding distance: [inf]
Front: [4]
Didn't sort front: [4]
Not enough to promote: [ 4.55729216e-01 -3.20420000e+04] not in top 1
[Rung=1] Trial 2cac529d is dominated. -> STOP
Time taken for on_result: 0.002195119857788086
Time taken for on_result: 1.6689300537109375e-06
Result: {'ptl/train_loss': 1.6405116319656372, 'ptl/train_accuracy': 0.23333333432674408, 'ptl/val_loss': 1.3179600238800049, 'ptl/val_accuracy': 0.455729216337204, 'ptl/model_params': 32042.0, 'epoch': 0, 'step': 144, 'timestamp': 1735785783, 'checkpoint_dir_name': 'checkpoint_000000', 'should_checkpoint': True, 'done': True, 'training_iteration': 1, 'trial_id': '2cac529d', 'date': '2025-01-02_02-43-03', 'time_this_iter_s': 9.364502191543579, 'time_total_s': 9.364502191543579, 'pid': 3631685, 'hostname': 'gxp-l4-0', 'node_ip': '128.232.119.192', 'time_since_restore': 9.364502191543579, 'iterations_since_restore': 1, 'experiment_tag': '7_batch_size=128,dropout=0.2985,layer_1_size=32,layer_2_size=64,layer_3_size=64,learning_rate=0.0433', 'config/layer_1_size': 32, 'config/layer_2_size': 64, 'config/layer_3_size': 64, 'config/dropout': 0.298464329354465, 'config/batch_size': 128, 'config/learning_rate': 0.043278867394849665}
Metrics to include: ['ptl/val_accuracy', 'ptl/model_params']
Metric dict after trial: {'ptl/val_accuracy': (0.455729216337204, None), 'ptl/model_params': (32042.0, None)}

Trial TorchTrainerMultiObjective_2cac529d completed after 1 iterations at 2025-01-02 02:43:03. Total running time: 2min 1s
╭────────────────────────────────────────────────────────────────────────╮
│ Trial TorchTrainerMultiObjective_2cac529d result                       │
├────────────────────────────────────────────────────────────────────────┤
│ checkpoint_dir_name                                  checkpoint_000000 │
│ time_this_iter_s                                                9.3645 │
│ time_total_s                                                    9.3645 │
│ training_iteration                                                   1 │
│ epoch                                                                0 │
│ ptl/model_params                                                32042. │
│ ptl/train_accuracy                                             0.23333 │
│ ptl/train_loss                                                 1.64051 │
│ ptl/val_accuracy                                               0.45573 │
│ ptl/val_loss                                                   1.31796 │
│ step                                                               144 │
╰────────────────────────────────────────────────────────────────────────╯

Trial TorchTrainerMultiObjective_63ee6065 started with configuration:
╭──────────────────────────────────────────────────────────────╮
│ Trial TorchTrainerMultiObjective_63ee6065 config             │
├──────────────────────────────────────────────────────────────┤
│ batch_size                                                64 │
│ dropout                                              0.11044 │
│ layer_1_size                                              16 │
│ layer_2_size                                              32 │
│ layer_3_size                                             128 │
│ learning_rate                                        0.09801 │
╰──────────────────────────────────────────────────────────────╯