Is CUDA available: True
Number of GPUs: 5
Running optimisation with args: Namespace(num_samples=25, max_num_epochs=8, num_gpus=None, objective_1='ptl/val_accuracy', objective_1_type='max', objective_1_threshold=0.9, objective_2='ptl/model_params', objective_2_type='min', objective_2_threshold=100000.0, objective_3=None, objective_3_type=None, objective_3_threshold=None, max_concurrent=10, use_scheduler=True, scheduler_strategy='nsga_ii', scheduler_max_t=4, scheduler_grace_period=1, scheduler_reduction_factor=3, accelerator='gpu', use_scaling_config=True, data_path='/home/sn666/large-scale-data-processing/miniproject/data', remark='8e/moasha-nsga/maxt4red3/maxaccminparam')
Using 2 Objectives: {'ptl/val_accuracy': ObjectiveProperties(minimize=False, threshold=0.9), 'ptl/model_params': ObjectiveProperties(minimize=True, threshold=100000.0)}
Modes: ['max', 'min']
Metrics: ['ptl/val_accuracy', 'ptl/model_params']
Limiting concurrent trials to 10
Run config: RunConfig(storage_path='/home/sn666/ray_results', checkpoint_config=CheckpointConfig(num_to_keep=2, checkpoint_score_attribute='ptl/val_accuracy'), verbose=1)
Rungs: [{'level': 1, 'recorded': {}}, {'level': 3, 'recorded': {}}]
Using MO-ASHA scheduler: <lib.mobo_asha.MultiObjectiveAsyncHyperBandScheduler object at 0x7e490476f550>
Tune config: TuneConfig(mode=None, metric=None, search_alg=<ray.tune.search.concurrency_limiter.ConcurrencyLimiter object at 0x7e4904221fd0>, scheduler=<lib.mobo_asha.MultiObjectiveAsyncHyperBandScheduler object at 0x7e490476f550>, num_samples=25, max_concurrent_trials=None, time_budget_s=None, reuse_actors=False, trial_name_creator=None, trial_dirname_creator=None, chdir_to_trial_dir='DEPRECATED')
Scaling config: ScalingConfig(num_workers=3, use_gpu=True, resources_per_worker={'CPU': 1, 'GPU': 1})
train_loop_config:  None
╭───────────────────────────────────────────────────────────────────────────────────╮
│ Configuration for experiment     TorchTrainerMultiObjective_2025-01-02_02-03-35   │
├───────────────────────────────────────────────────────────────────────────────────┤
│ Search algorithm                 SearchGenerator                                  │
│ Scheduler                        MultiObjectiveAsyncHyperBandScheduler            │
│ Number of trials                 25                                               │
╰───────────────────────────────────────────────────────────────────────────────────╯

View detailed results here: /home/sn666/ray_results/TorchTrainerMultiObjective_2025-01-02_02-03-35
To visualize your results with TensorBoard, run: `tensorboard --logdir /tmp/ray/session_2025-01-02_02-03-35_072673_3377960/artifacts/2025-01-02_02-03-37/TorchTrainerMultiObjective_2025-01-02_02-03-35/driver_artifacts`
Suggested config: {'layer_1_size': 32, 'layer_2_size': 64, 'layer_3_size': 64, 'dropout': 0.21231718063354493, 'batch_size': 64, 'learning_rate': 0.07993459573984146}

Trial status: 1 PENDING
Current time: 2025-01-02 02:03:37. Total running time: 0s
Logical resource usage: 4.0/64 CPUs, 3.0/5 GPUs (0.0/1.0 accelerator_type:L4)
╭────────────────────────────────────────────────╮
│ Trial name                            status   │
├────────────────────────────────────────────────┤
│ TorchTrainerMultiObjective_73ff94c2   PENDING  │
╰────────────────────────────────────────────────╯

Trial TorchTrainerMultiObjective_73ff94c2 started with configuration:
╭──────────────────────────────────────────────────────────────╮
│ Trial TorchTrainerMultiObjective_73ff94c2 config             │
├──────────────────────────────────────────────────────────────┤
│ batch_size                                                64 │
│ dropout                                              0.21232 │
│ layer_1_size                                              32 │
│ layer_2_size                                              64 │
│ layer_3_size                                              64 │
│ learning_rate                                        0.07993 │
╰──────────────────────────────────────────────────────────────╯
Suggested config: {'layer_1_size': 16, 'layer_2_size': 32, 'layer_3_size': 128, 'dropout': 0.10067499354481697, 'batch_size': 128, 'learning_rate': 0.04805405062697828}
[36m(TorchTrainerMultiObjective pid=3382025)[0m train_loop_config:  {'layer_1_size': 32, 'layer_2_size': 64, 'layer_3_size': 64, 'dropout': 0.21231718063354493, 'batch_size': 64, 'learning_rate': 0.07993459573984146}
[36m(RayTrainWorker pid=3382263)[0m printing config, {'layer_1_size': 32, 'layer_2_size': 64, 'layer_3_size': 64, 'dropout': 0.21231718063354493, 'batch_size': 64, 'learning_rate': 0.07993459573984146}
[36m(RayTrainWorker pid=3382263)[0m Model parameters: 32042
[36m(RayTrainWorker pid=3382263)[0m Using accelerator: gpu
[36m(RayTrainWorker pid=3382262)[0m Using cached MNIST dataset...
Time taken for on_result: 1.2636184692382812e-05
Time taken for on_result: 2.1457672119140625e-06
Time taken for on_result: 4.0531158447265625e-06
Time taken for on_result: 5.9604644775390625e-06
Time taken for on_result: 2.86102294921875e-06
Time taken for on_result: 4.0531158447265625e-06
Time taken for on_result: 5.7220458984375e-06

Trial status: 1 RUNNING | 1 PENDING
Current time: 2025-01-02 02:04:07. Total running time: 30s
Logical resource usage: 4.0/64 CPUs, 3.0/5 GPUs (0.0/1.0 accelerator_type:L4)
╭────────────────────────────────────────────────────────────────────────────────────────────────────────────────────────────────────────────────────────────╮
│ Trial name                            status       iter     total time (s)     ptl/train_loss     ptl/train_accuracy     ptl/val_loss     ptl/val_accuracy │
├────────────────────────────────────────────────────────────────────────────────────────────────────────────────────────────────────────────────────────────┤
│ TorchTrainerMultiObjective_73ff94c2   RUNNING         7            23.1221            2.17181                    0.1          2.11452             0.196245 │
│ TorchTrainerMultiObjective_650c9b3f   PENDING                                                                                                              │
╰────────────────────────────────────────────────────────────────────────────────────────────────────────────────────────────────────────────────────────────╯
Time taken for on_result: 3.0994415283203125e-06
Time taken for on_result: 2.6226043701171875e-06
Result: {'ptl/train_loss': 2.030665874481201, 'ptl/train_accuracy': 0.20000000298023224, 'ptl/val_loss': 2.240543842315674, 'ptl/val_accuracy': 0.13721707463264465, 'ptl/model_params': 32042.0, 'epoch': 7, 'step': 2296, 'timestamp': 1735783448, 'checkpoint_dir_name': 'checkpoint_000007', 'should_checkpoint': True, 'done': True, 'training_iteration': 8, 'trial_id': '73ff94c2', 'date': '2025-01-02_02-04-08', 'time_this_iter_s': 2.307549476623535, 'time_total_s': 25.429601430892944, 'pid': 3382025, 'hostname': 'gxp-l4-0', 'node_ip': '128.232.119.192', 'time_since_restore': 25.429601430892944, 'iterations_since_restore': 8, 'experiment_tag': '1_batch_size=64,dropout=0.2123,layer_1_size=32,layer_2_size=64,layer_3_size=64,learning_rate=0.0799', 'config/layer_1_size': 32, 'config/layer_2_size': 64, 'config/layer_3_size': 64, 'config/dropout': 0.21231718063354493, 'config/batch_size': 64, 'config/learning_rate': 0.07993459573984146}
Metrics to include: ['ptl/val_accuracy', 'ptl/model_params']
Metric dict after trial: {'ptl/val_accuracy': (0.13721707463264465, None), 'ptl/model_params': (32042.0, None)}

Trial TorchTrainerMultiObjective_73ff94c2 completed after 8 iterations at 2025-01-02 02:04:10. Total running time: 32s
╭────────────────────────────────────────────────────────────────────────╮
│ Trial TorchTrainerMultiObjective_73ff94c2 result                       │
├────────────────────────────────────────────────────────────────────────┤
│ checkpoint_dir_name                                  checkpoint_000007 │
│ time_this_iter_s                                               2.30755 │
│ time_total_s                                                   25.4296 │
│ training_iteration                                                   8 │
│ epoch                                                                7 │
│ ptl/model_params                                                32042. │
│ ptl/train_accuracy                                                 0.2 │
│ ptl/train_loss                                                 2.03067 │
│ ptl/val_accuracy                                               0.13722 │
│ ptl/val_loss                                                   2.24054 │
│ step                                                              2296 │
╰────────────────────────────────────────────────────────────────────────╯

Trial TorchTrainerMultiObjective_650c9b3f started with configuration:
╭──────────────────────────────────────────────────────────────╮
│ Trial TorchTrainerMultiObjective_650c9b3f config             │
├──────────────────────────────────────────────────────────────┤
│ batch_size                                               128 │
│ dropout                                              0.10067 │
│ layer_1_size                                              16 │
│ layer_2_size                                              32 │
│ layer_3_size                                             128 │
│ learning_rate                                        0.04805 │
╰──────────────────────────────────────────────────────────────╯
Suggested config: {'layer_1_size': 16, 'layer_2_size': 64, 'layer_3_size': 64, 'dropout': 0.2850022275000811, 'batch_size': 128, 'learning_rate': 0.008808668665960431}
[36m(TorchTrainerMultiObjective pid=3396114)[0m train_loop_config:  {'layer_1_size': 16, 'layer_2_size': 32, 'layer_3_size': 128, 'dropout': 0.10067499354481697, 'batch_size': 128, 'learning_rate': 0.04805405062697828}
[36m(RayTrainWorker pid=3382262)[0m printing config, {'layer_1_size': 32, 'layer_2_size': 64, 'layer_3_size': 64, 'dropout': 0.21231718063354493, 'batch_size': 64, 'learning_rate': 0.07993459573984146}[32m [repeated 2x across cluster][0m
[36m(RayTrainWorker pid=3382262)[0m Model parameters: 32042[32m [repeated 2x across cluster][0m
[36m(RayTrainWorker pid=3382262)[0m Using accelerator: gpu[32m [repeated 2x across cluster][0m
[36m(RayTrainWorker pid=3382264)[0m Using cached MNIST dataset...[32m [repeated 2x across cluster][0m
[36m(RayTrainWorker pid=3396206)[0m printing config, {'layer_1_size': 16, 'layer_2_size': 32, 'layer_3_size': 128, 'dropout': 0.10067499354481697, 'batch_size': 128, 'learning_rate': 0.04805405062697828}
[36m(RayTrainWorker pid=3396206)[0m Model parameters: 18618
[36m(RayTrainWorker pid=3396206)[0m Using accelerator: gpu
[36m(RayTrainWorker pid=3396207)[0m printing config, {'layer_1_size': 16, 'layer_2_size': 32, 'layer_3_size': 128, 'dropout': 0.10067499354481697, 'batch_size': 128, 'learning_rate': 0.04805405062697828}
[36m(RayTrainWorker pid=3396207)[0m Model parameters: 18618
[36m(RayTrainWorker pid=3396207)[0m Using accelerator: gpu
[36m(RayTrainWorker pid=3396208)[0m Using cached MNIST dataset...
Fronts: [[0]]
New metrics: [ 5.45324981e-01 -1.86180000e+04]
Candidates: [[ 1.73161030e-01 -3.20420000e+04]
 [ 5.45324981e-01 -1.86180000e+04]]
Fronts: [[1]]

[36m(RayTrainWorker pid=3396208)[0m printing config, {'layer_1_size': 16, 'layer_2_size': 32, 'layer_3_size': 128, 'dropout': 0.10067499354481697, 'batch_size': 128, 'learning_rate': 0.04805405062697828}
[36m(RayTrainWorker pid=3396208)[0m Model parameters: 18618
[36m(RayTrainWorker pid=3396208)[0m Using accelerator: gpu
[36m(RayTrainWorker pid=3396206)[0m Using cached MNIST dataset...[32m [repeated 2x across cluster][0m
